<?xml version="1.0" encoding="UTF-8"?>
<coverage generated="1749135972550" clover="3.2.0">
  <project timestamp="1749135972550" name="All files">
    <metrics statements="738" coveredstatements="46" conditionals="278" coveredconditionals="16" methods="145" coveredmethods="12" elements="1161" coveredelements="74" complexity="0" loc="738" ncloc="738" packages="3" files="4" classes="4"/>
    <package name="js">
      <metrics statements="534" coveredstatements="0" conditionals="180" coveredconditionals="0" methods="105" coveredmethods="0"/>
      <file name="app.js" path="/Users/shens/Downloads/verb-learning-app/src/js/app.js">
        <metrics statements="534" coveredstatements="0" conditionals="180" coveredconditionals="0" methods="105" coveredmethods="0"/>
        <line num="10" count="0" type="stmt"/>
        <line num="11" count="0" type="stmt"/>
        <line num="12" count="0" type="stmt"/>
        <line num="13" count="0" type="stmt"/>
        <line num="14" count="0" type="stmt"/>
        <line num="15" count="0" type="stmt"/>
        <line num="16" count="0" type="stmt"/>
        <line num="17" count="0" type="stmt"/>
        <line num="19" count="0" type="stmt"/>
        <line num="20" count="0" type="stmt"/>
        <line num="22" count="0" type="stmt"/>
        <line num="27" count="0" type="stmt"/>
        <line num="30" count="0" type="stmt"/>
        <line num="31" count="0" type="stmt"/>
        <line num="32" count="0" type="stmt"/>
        <line num="33" count="0" type="stmt"/>
        <line num="36" count="0" type="stmt"/>
        <line num="40" count="0" type="stmt"/>
        <line num="41" count="0" type="cond" truecount="0" falsecount="2"/>
        <line num="42" count="0" type="stmt"/>
        <line num="47" count="0" type="stmt"/>
        <line num="52" count="0" type="stmt"/>
        <line num="55" count="0" type="stmt"/>
        <line num="56" count="0" type="cond" truecount="0" falsecount="2"/>
        <line num="57" count="0" type="stmt"/>
        <line num="58" count="0" type="stmt"/>
        <line num="62" count="0" type="stmt"/>
        <line num="63" count="0" type="cond" truecount="0" falsecount="2"/>
        <line num="64" count="0" type="stmt"/>
        <line num="65" count="0" type="stmt"/>
        <line num="70" count="0" type="stmt"/>
        <line num="73" count="0" type="stmt"/>
        <line num="74" count="0" type="stmt"/>
        <line num="77" count="0" type="stmt"/>
        <line num="78" count="0" type="stmt"/>
        <line num="79" count="0" type="stmt"/>
        <line num="82" count="0" type="stmt"/>
        <line num="85" count="0" type="stmt"/>
        <line num="86" count="0" type="stmt"/>
        <line num="89" count="0" type="stmt"/>
        <line num="90" count="0" type="stmt"/>
        <line num="91" count="0" type="stmt"/>
        <line num="94" count="0" type="stmt"/>
        <line num="97" count="0" type="stmt"/>
        <line num="98" count="0" type="stmt"/>
        <line num="102" count="0" type="stmt"/>
        <line num="103" count="0" type="stmt"/>
        <line num="104" count="0" type="stmt"/>
        <line num="107" count="0" type="stmt"/>
        <line num="108" count="0" type="stmt"/>
        <line num="109" count="0" type="stmt"/>
        <line num="112" count="0" type="stmt"/>
        <line num="115" count="0" type="stmt"/>
        <line num="116" count="0" type="stmt"/>
        <line num="121" count="0" type="stmt"/>
        <line num="124" count="0" type="stmt"/>
        <line num="125" count="0" type="stmt"/>
        <line num="126" count="0" type="stmt"/>
        <line num="127" count="0" type="stmt"/>
        <line num="128" count="0" type="stmt"/>
        <line num="132" count="0" type="stmt"/>
        <line num="133" count="0" type="stmt"/>
        <line num="134" count="0" type="stmt"/>
        <line num="136" count="0" type="cond" truecount="0" falsecount="2"/>
        <line num="137" count="0" type="stmt"/>
        <line num="138" count="0" type="cond" truecount="0" falsecount="2"/>
        <line num="139" count="0" type="cond" truecount="0" falsecount="2"/>
        <line num="140" count="0" type="stmt"/>
        <line num="141" count="0" type="stmt"/>
        <line num="145" count="0" type="stmt"/>
        <line num="146" count="0" type="stmt"/>
        <line num="147" count="0" type="cond" truecount="0" falsecount="2"/>
        <line num="148" count="0" type="cond" truecount="0" falsecount="2"/>
        <line num="149" count="0" type="stmt"/>
        <line num="152" count="0" type="cond" truecount="0" falsecount="2"/>
        <line num="153" count="0" type="stmt"/>
        <line num="154" count="0" type="stmt"/>
        <line num="162" count="0" type="stmt"/>
        <line num="163" count="0" type="stmt"/>
        <line num="166" count="0" type="stmt"/>
        <line num="167" count="0" type="stmt"/>
        <line num="168" count="0" type="stmt"/>
        <line num="169" count="0" type="stmt"/>
        <line num="171" count="0" type="stmt"/>
        <line num="176" count="0" type="stmt"/>
        <line num="177" count="0" type="stmt"/>
        <line num="178" count="0" type="stmt"/>
        <line num="183" count="0" type="cond" truecount="0" falsecount="3"/>
        <line num="185" count="0" type="stmt"/>
        <line num="186" count="0" type="stmt"/>
        <line num="188" count="0" type="stmt"/>
        <line num="189" count="0" type="stmt"/>
        <line num="191" count="0" type="stmt"/>
        <line num="192" count="0" type="stmt"/>
        <line num="198" count="0" type="stmt"/>
        <line num="199" count="0" type="stmt"/>
        <line num="203" count="0" type="stmt"/>
        <line num="204" count="0" type="cond" truecount="0" falsecount="2"/>
        <line num="205" count="0" type="stmt"/>
        <line num="211" count="0" type="stmt"/>
        <line num="213" count="0" type="stmt"/>
        <line num="214" count="0" type="stmt"/>
        <line num="219" count="0" type="stmt"/>
        <line num="222" count="0" type="stmt"/>
        <line num="223" count="0" type="stmt"/>
        <line num="225" count="0" type="cond" truecount="0" falsecount="4"/>
        <line num="228" count="0" type="stmt"/>
        <line num="229" count="0" type="stmt"/>
        <line num="230" count="0" type="stmt"/>
        <line num="233" count="0" type="stmt"/>
        <line num="236" count="0" type="stmt"/>
        <line num="246" count="0" type="stmt"/>
        <line num="247" count="0" type="stmt"/>
        <line num="248" count="0" type="stmt"/>
        <line num="249" count="0" type="stmt"/>
        <line num="250" count="0" type="stmt"/>
        <line num="251" count="0" type="stmt"/>
        <line num="252" count="0" type="stmt"/>
        <line num="255" count="0" type="stmt"/>
        <line num="256" count="0" type="stmt"/>
        <line num="257" count="0" type="stmt"/>
        <line num="258" count="0" type="stmt"/>
        <line num="261" count="0" type="stmt"/>
        <line num="262" count="0" type="stmt"/>
        <line num="267" count="0" type="stmt"/>
        <line num="268" count="0" type="stmt"/>
        <line num="269" count="0" type="stmt"/>
        <line num="270" count="0" type="stmt"/>
        <line num="271" count="0" type="stmt"/>
        <line num="272" count="0" type="stmt"/>
        <line num="273" count="0" type="stmt"/>
        <line num="276" count="0" type="stmt"/>
        <line num="277" count="0" type="stmt"/>
        <line num="278" count="0" type="stmt"/>
        <line num="281" count="0" type="stmt"/>
        <line num="282" count="0" type="stmt"/>
        <line num="285" count="0" type="stmt"/>
        <line num="286" count="0" type="stmt"/>
        <line num="287" count="0" type="stmt"/>
        <line num="289" count="0" type="stmt"/>
        <line num="290" count="0" type="stmt"/>
        <line num="293" count="0" type="stmt"/>
        <line num="296" count="0" type="cond" truecount="0" falsecount="2"/>
        <line num="297" count="0" type="stmt"/>
        <line num="301" count="0" type="stmt"/>
        <line num="304" count="0" type="cond" truecount="0" falsecount="2"/>
        <line num="305" count="0" type="stmt"/>
        <line num="308" count="0" type="stmt"/>
        <line num="309" count="0" type="stmt"/>
        <line num="311" count="0" type="stmt"/>
        <line num="317" count="0" type="stmt"/>
        <line num="318" count="0" type="stmt"/>
        <line num="319" count="0" type="stmt"/>
        <line num="321" count="0" type="stmt"/>
        <line num="322" count="0" type="stmt"/>
        <line num="323" count="0" type="stmt"/>
        <line num="325" count="0" type="cond" truecount="0" falsecount="2"/>
        <line num="326" count="0" type="stmt"/>
        <line num="327" count="0" type="stmt"/>
        <line num="330" count="0" type="cond" truecount="0" falsecount="2"/>
        <line num="331" count="0" type="stmt"/>
        <line num="332" count="0" type="stmt"/>
        <line num="334" count="0" type="stmt"/>
        <line num="335" count="0" type="cond" truecount="0" falsecount="2"/>
        <line num="336" count="0" type="stmt"/>
        <line num="337" count="0" type="stmt"/>
        <line num="340" count="0" type="cond" truecount="0" falsecount="2"/>
        <line num="341" count="0" type="stmt"/>
        <line num="342" count="0" type="stmt"/>
        <line num="347" count="0" type="stmt"/>
        <line num="348" count="0" type="stmt"/>
        <line num="349" count="0" type="stmt"/>
        <line num="351" count="0" type="cond" truecount="0" falsecount="2"/>
        <line num="352" count="0" type="stmt"/>
        <line num="358" count="0" type="stmt"/>
        <line num="359" count="0" type="stmt"/>
        <line num="362" count="0" type="cond" truecount="0" falsecount="2"/>
        <line num="363" count="0" type="stmt"/>
        <line num="366" count="0" type="stmt"/>
        <line num="367" count="0" type="stmt"/>
        <line num="372" count="0" type="stmt"/>
        <line num="376" count="0" type="stmt"/>
        <line num="382" count="0" type="stmt"/>
        <line num="384" count="0" type="stmt"/>
        <line num="385" count="0" type="stmt"/>
        <line num="387" count="0" type="cond" truecount="0" falsecount="2"/>
        <line num="388" count="0" type="stmt"/>
        <line num="395" count="0" type="stmt"/>
        <line num="397" count="0" type="stmt"/>
        <line num="399" count="0" type="stmt"/>
        <line num="403" count="0" type="stmt"/>
        <line num="404" count="0" type="stmt"/>
        <line num="405" count="0" type="stmt"/>
        <line num="408" count="0" type="stmt"/>
        <line num="409" count="0" type="stmt"/>
        <line num="410" count="0" type="stmt"/>
        <line num="413" count="0" type="stmt"/>
        <line num="414" count="0" type="stmt"/>
        <line num="415" count="0" type="cond" truecount="0" falsecount="2"/>
        <line num="416" count="0" type="cond" truecount="0" falsecount="2"/>
        <line num="419" count="0" type="stmt"/>
        <line num="420" count="0" type="stmt"/>
        <line num="423" count="0" type="stmt"/>
        <line num="424" count="0" type="cond" truecount="0" falsecount="2"/>
        <line num="425" count="0" type="stmt"/>
        <line num="426" count="0" type="stmt"/>
        <line num="429" count="0" type="cond" truecount="0" falsecount="2"/>
        <line num="430" count="0" type="stmt"/>
        <line num="431" count="0" type="stmt"/>
        <line num="438" count="0" type="stmt"/>
        <line num="439" count="0" type="stmt"/>
        <line num="441" count="0" type="stmt"/>
        <line num="442" count="0" type="cond" truecount="0" falsecount="2"/>
        <line num="444" count="0" type="stmt"/>
        <line num="445" count="0" type="stmt"/>
        <line num="446" count="0" type="stmt"/>
        <line num="447" count="0" type="stmt"/>
        <line num="448" count="0" type="stmt"/>
        <line num="449" count="0" type="stmt"/>
        <line num="450" count="0" type="stmt"/>
        <line num="452" count="0" type="stmt"/>
        <line num="453" count="0" type="stmt"/>
        <line num="458" count="0" type="stmt"/>
        <line num="459" count="0" type="cond" truecount="0" falsecount="2"/>
        <line num="461" count="0" type="stmt"/>
        <line num="462" count="0" type="stmt"/>
        <line num="463" count="0" type="stmt"/>
        <line num="464" count="0" type="stmt"/>
        <line num="465" count="0" type="stmt"/>
        <line num="467" count="0" type="stmt"/>
        <line num="468" count="0" type="stmt"/>
        <line num="473" count="0" type="cond" truecount="0" falsecount="2"/>
        <line num="474" count="0" type="stmt"/>
        <line num="477" count="0" type="stmt"/>
        <line num="478" count="0" type="stmt"/>
        <line num="480" count="0" type="cond" truecount="0" falsecount="2"/>
        <line num="482" count="0" type="stmt"/>
        <line num="485" count="0" type="stmt"/>
        <line num="486" count="0" type="cond" truecount="0" falsecount="2"/>
        <line num="487" count="0" type="stmt"/>
        <line num="488" count="0" type="stmt"/>
        <line num="489" count="0" type="stmt"/>
        <line num="493" count="0" type="stmt"/>
        <line num="498" count="0" type="stmt"/>
        <line num="499" count="0" type="cond" truecount="0" falsecount="4"/>
        <line num="501" count="0" type="stmt"/>
        <line num="503" count="0" type="stmt"/>
        <line num="504" count="0" type="stmt"/>
        <line num="505" count="0" type="stmt"/>
        <line num="506" count="0" type="cond" truecount="0" falsecount="2"/>
        <line num="507" count="0" type="stmt"/>
        <line num="512" count="0" type="stmt"/>
        <line num="513" count="0" type="stmt"/>
        <line num="514" count="0" type="stmt"/>
        <line num="515" count="0" type="stmt"/>
        <line num="518" count="0" type="cond" truecount="0" falsecount="2"/>
        <line num="519" count="0" type="stmt"/>
        <line num="525" count="0" type="cond" truecount="0" falsecount="2"/>
        <line num="526" count="0" type="stmt"/>
        <line num="530" count="0" type="stmt"/>
        <line num="531" count="0" type="cond" truecount="0" falsecount="2"/>
        <line num="532" count="0" type="stmt"/>
        <line num="535" count="0" type="stmt"/>
        <line num="540" count="0" type="cond" truecount="0" falsecount="2"/>
        <line num="541" count="0" type="stmt"/>
        <line num="545" count="0" type="stmt"/>
        <line num="548" count="0" type="stmt"/>
        <line num="549" count="0" type="stmt"/>
        <line num="550" count="0" type="stmt"/>
        <line num="551" count="0" type="stmt"/>
        <line num="555" count="0" type="stmt"/>
        <line num="556" count="0" type="stmt"/>
        <line num="561" count="0" type="cond" truecount="0" falsecount="2"/>
        <line num="563" count="0" type="stmt"/>
        <line num="564" count="0" type="cond" truecount="0" falsecount="2"/>
        <line num="567" count="0" type="stmt"/>
        <line num="571" count="0" type="stmt"/>
        <line num="574" count="0" type="cond" truecount="0" falsecount="2"/>
        <line num="578" count="0" type="stmt"/>
        <line num="583" count="0" type="stmt"/>
        <line num="584" count="0" type="stmt"/>
        <line num="587" count="0" type="cond" truecount="0" falsecount="2"/>
        <line num="588" count="0" type="stmt"/>
        <line num="593" count="0" type="stmt"/>
        <line num="596" count="0" type="stmt"/>
        <line num="597" count="0" type="stmt"/>
        <line num="600" count="0" type="stmt"/>
        <line num="603" count="0" type="stmt"/>
        <line num="604" count="0" type="stmt"/>
        <line num="607" count="0" type="cond" truecount="0" falsecount="2"/>
        <line num="608" count="0" type="stmt"/>
        <line num="611" count="0" type="stmt"/>
        <line num="612" count="0" type="stmt"/>
        <line num="617" count="0" type="stmt"/>
        <line num="622" count="0" type="stmt"/>
        <line num="625" count="0" type="stmt"/>
        <line num="626" count="0" type="stmt"/>
        <line num="632" count="0" type="stmt"/>
        <line num="638" count="0" type="stmt"/>
        <line num="639" count="0" type="stmt"/>
        <line num="640" count="0" type="stmt"/>
        <line num="641" count="0" type="stmt"/>
        <line num="644" count="0" type="stmt"/>
        <line num="654" count="0" type="cond" truecount="0" falsecount="2"/>
        <line num="655" count="0" type="stmt"/>
        <line num="656" count="0" type="cond" truecount="0" falsecount="2"/>
        <line num="657" count="0" type="stmt"/>
        <line num="660" count="0" type="stmt"/>
        <line num="663" count="0" type="stmt"/>
        <line num="665" count="0" type="stmt"/>
        <line num="666" count="0" type="stmt"/>
        <line num="668" count="0" type="stmt"/>
        <line num="669" count="0" type="stmt"/>
        <line num="672" count="0" type="stmt"/>
        <line num="675" count="0" type="cond" truecount="0" falsecount="2"/>
        <line num="676" count="0" type="stmt"/>
        <line num="681" count="0" type="stmt"/>
        <line num="682" count="0" type="stmt"/>
        <line num="683" count="0" type="stmt"/>
        <line num="684" count="0" type="stmt"/>
        <line num="685" count="0" type="stmt"/>
        <line num="687" count="0" type="stmt"/>
        <line num="688" count="0" type="cond" truecount="0" falsecount="2"/>
        <line num="689" count="0" type="stmt"/>
        <line num="692" count="0" type="cond" truecount="0" falsecount="2"/>
        <line num="693" count="0" type="stmt"/>
        <line num="700" count="0" type="stmt"/>
        <line num="704" count="0" type="stmt"/>
        <line num="706" count="0" type="cond" truecount="0" falsecount="2"/>
        <line num="708" count="0" type="stmt"/>
        <line num="709" count="0" type="stmt"/>
        <line num="710" count="0" type="stmt"/>
        <line num="712" count="0" type="cond" truecount="0" falsecount="4"/>
        <line num="713" count="0" type="stmt"/>
        <line num="714" count="0" type="stmt"/>
        <line num="715" count="0" type="stmt"/>
        <line num="716" count="0" type="stmt"/>
        <line num="724" count="0" type="cond" truecount="0" falsecount="2"/>
        <line num="725" count="0" type="stmt"/>
        <line num="729" count="0" type="stmt"/>
        <line num="730" count="0" type="stmt"/>
        <line num="731" count="0" type="cond" truecount="0" falsecount="2"/>
        <line num="732" count="0" type="stmt"/>
        <line num="733" count="0" type="stmt"/>
        <line num="735" count="0" type="cond" truecount="0" falsecount="2"/>
        <line num="736" count="0" type="stmt"/>
        <line num="737" count="0" type="stmt"/>
        <line num="740" count="0" type="cond" truecount="0" falsecount="2"/>
        <line num="741" count="0" type="stmt"/>
        <line num="746" count="0" type="stmt"/>
        <line num="747" count="0" type="stmt"/>
        <line num="748" count="0" type="stmt"/>
        <line num="750" count="0" type="cond" truecount="0" falsecount="4"/>
        <line num="751" count="0" type="stmt"/>
        <line num="752" count="0" type="stmt"/>
        <line num="755" count="0" type="cond" truecount="0" falsecount="2"/>
        <line num="756" count="0" type="stmt"/>
        <line num="758" count="0" type="stmt"/>
        <line num="761" count="0" type="stmt"/>
        <line num="763" count="0" type="stmt"/>
        <line num="766" count="0" type="stmt"/>
        <line num="767" count="0" type="stmt"/>
        <line num="769" count="0" type="cond" truecount="0" falsecount="4"/>
        <line num="770" count="0" type="stmt"/>
        <line num="771" count="0" type="stmt"/>
        <line num="773" count="0" type="cond" truecount="0" falsecount="2"/>
        <line num="774" count="0" type="stmt"/>
        <line num="781" count="0" type="stmt"/>
        <line num="784" count="0" type="stmt"/>
        <line num="788" count="0" type="stmt"/>
        <line num="791" count="0" type="stmt"/>
        <line num="792" count="0" type="stmt"/>
        <line num="795" count="0" type="cond" truecount="0" falsecount="2"/>
        <line num="796" count="0" type="stmt"/>
        <line num="799" count="0" type="stmt"/>
        <line num="800" count="0" type="stmt"/>
        <line num="805" count="0" type="stmt"/>
        <line num="813" count="0" type="stmt"/>
        <line num="819" count="0" type="cond" truecount="0" falsecount="2"/>
        <line num="820" count="0" type="stmt"/>
        <line num="823" count="0" type="stmt"/>
        <line num="827" count="0" type="stmt"/>
        <line num="828" count="0" type="cond" truecount="0" falsecount="2"/>
        <line num="829" count="0" type="stmt"/>
        <line num="835" count="0" type="stmt"/>
        <line num="842" count="0" type="stmt"/>
        <line num="843" count="0" type="stmt"/>
        <line num="844" count="0" type="stmt"/>
        <line num="846" count="0" type="cond" truecount="0" falsecount="4"/>
        <line num="847" count="0" type="stmt"/>
        <line num="848" count="0" type="stmt"/>
        <line num="851" count="0" type="cond" truecount="0" falsecount="2"/>
        <line num="852" count="0" type="stmt"/>
        <line num="856" count="0" type="stmt"/>
        <line num="861" count="0" type="stmt"/>
        <line num="862" count="0" type="stmt"/>
        <line num="863" count="0" type="stmt"/>
        <line num="866" count="0" type="stmt"/>
        <line num="868" count="0" type="stmt"/>
        <line num="869" count="0" type="stmt"/>
        <line num="871" count="0" type="stmt"/>
        <line num="875" count="0" type="stmt"/>
        <line num="876" count="0" type="stmt"/>
        <line num="879" count="0" type="stmt"/>
        <line num="881" count="0" type="stmt"/>
        <line num="882" count="0" type="stmt"/>
        <line num="885" count="0" type="stmt"/>
        <line num="886" count="0" type="stmt"/>
        <line num="888" count="0" type="stmt"/>
        <line num="897" count="0" type="stmt"/>
        <line num="901" count="0" type="stmt"/>
        <line num="902" count="0" type="cond" truecount="0" falsecount="2"/>
        <line num="905" count="0" type="stmt"/>
        <line num="906" count="0" type="cond" truecount="0" falsecount="2"/>
        <line num="907" count="0" type="stmt"/>
        <line num="911" count="0" type="stmt"/>
        <line num="912" count="0" type="cond" truecount="0" falsecount="2"/>
        <line num="913" count="0" type="stmt"/>
        <line num="914" count="0" type="stmt"/>
        <line num="915" count="0" type="stmt"/>
        <line num="916" count="0" type="stmt"/>
        <line num="917" count="0" type="stmt"/>
        <line num="918" count="0" type="stmt"/>
        <line num="919" count="0" type="stmt"/>
        <line num="920" count="0" type="stmt"/>
        <line num="922" count="0" type="stmt"/>
        <line num="927" count="0" type="stmt"/>
        <line num="928" count="0" type="cond" truecount="0" falsecount="2"/>
        <line num="929" count="0" type="stmt"/>
        <line num="930" count="0" type="stmt"/>
        <line num="933" count="0" type="stmt"/>
        <line num="934" count="0" type="stmt"/>
        <line num="935" count="0" type="cond" truecount="0" falsecount="2"/>
        <line num="936" count="0" type="cond" truecount="0" falsecount="2"/>
        <line num="939" count="0" type="stmt"/>
        <line num="940" count="0" type="stmt"/>
        <line num="941" count="0" type="cond" truecount="0" falsecount="2"/>
        <line num="942" count="0" type="stmt"/>
        <line num="943" count="0" type="cond" truecount="0" falsecount="2"/>
        <line num="944" count="0" type="stmt"/>
        <line num="947" count="0" type="cond" truecount="0" falsecount="2"/>
        <line num="948" count="0" type="stmt"/>
        <line num="949" count="0" type="stmt"/>
        <line num="956" count="0" type="stmt"/>
        <line num="957" count="0" type="cond" truecount="0" falsecount="2"/>
        <line num="960" count="0" type="stmt"/>
        <line num="961" count="0" type="stmt"/>
        <line num="962" count="0" type="stmt"/>
        <line num="964" count="0" type="stmt"/>
        <line num="967" count="0" type="stmt"/>
        <line num="968" count="0" type="stmt"/>
        <line num="969" count="0" type="stmt"/>
        <line num="971" count="0" type="stmt"/>
        <line num="972" count="0" type="cond" truecount="0" falsecount="2"/>
        <line num="973" count="0" type="stmt"/>
        <line num="974" count="0" type="cond" truecount="0" falsecount="4"/>
        <line num="975" count="0" type="stmt"/>
        <line num="979" count="0" type="cond" truecount="0" falsecount="2"/>
        <line num="980" count="0" type="stmt"/>
        <line num="981" count="0" type="stmt"/>
        <line num="984" count="0" type="stmt"/>
        <line num="986" count="0" type="stmt"/>
        <line num="987" count="0" type="cond" truecount="0" falsecount="2"/>
        <line num="988" count="0" type="stmt"/>
        <line num="990" count="0" type="stmt"/>
        <line num="992" count="0" type="stmt"/>
        <line num="997" count="0" type="stmt"/>
        <line num="1004" count="0" type="stmt"/>
        <line num="1005" count="0" type="stmt"/>
        <line num="1006" count="0" type="stmt"/>
        <line num="1008" count="0" type="cond" truecount="0" falsecount="2"/>
        <line num="1009" count="0" type="cond" truecount="0" falsecount="2"/>
        <line num="1011" count="0" type="cond" truecount="0" falsecount="2"/>
        <line num="1017" count="0" type="stmt"/>
        <line num="1018" count="0" type="stmt"/>
        <line num="1022" count="0" type="stmt"/>
        <line num="1024" count="0" type="stmt"/>
        <line num="1025" count="0" type="stmt"/>
        <line num="1027" count="0" type="stmt"/>
        <line num="1028" count="0" type="cond" truecount="0" falsecount="2"/>
        <line num="1029" count="0" type="stmt"/>
        <line num="1033" count="0" type="stmt"/>
        <line num="1039" count="0" type="stmt"/>
        <line num="1040" count="0" type="cond" truecount="0" falsecount="2"/>
        <line num="1041" count="0" type="stmt"/>
        <line num="1042" count="0" type="stmt"/>
        <line num="1043" count="0" type="stmt"/>
        <line num="1044" count="0" type="stmt"/>
        <line num="1045" count="0" type="stmt"/>
        <line num="1046" count="0" type="stmt"/>
        <line num="1050" count="0" type="stmt"/>
        <line num="1053" count="0" type="stmt"/>
        <line num="1062" count="0" type="stmt"/>
        <line num="1063" count="0" type="stmt"/>
        <line num="1064" count="0" type="stmt"/>
        <line num="1068" count="0" type="stmt"/>
        <line num="1069" count="0" type="stmt"/>
        <line num="1070" count="0" type="stmt"/>
        <line num="1076" count="0" type="stmt"/>
        <line num="1077" count="0" type="stmt"/>
        <line num="1078" count="0" type="stmt"/>
        <line num="1079" count="0" type="stmt"/>
        <line num="1082" count="0" type="stmt"/>
        <line num="1083" count="0" type="cond" truecount="0" falsecount="2"/>
        <line num="1084" count="0" type="stmt"/>
        <line num="1090" count="0" type="stmt"/>
        <line num="1091" count="0" type="stmt"/>
        <line num="1092" count="0" type="stmt"/>
        <line num="1093" count="0" type="stmt"/>
        <line num="1095" count="0" type="stmt"/>
        <line num="1100" count="0" type="cond" truecount="0" falsecount="3"/>
        <line num="1102" count="0" type="stmt"/>
        <line num="1103" count="0" type="stmt"/>
        <line num="1104" count="0" type="stmt"/>
        <line num="1106" count="0" type="stmt"/>
        <line num="1107" count="0" type="stmt"/>
        <line num="1109" count="0" type="stmt"/>
        <line num="1110" count="0" type="stmt"/>
        <line num="1117" count="0" type="stmt"/>
        <line num="1118" count="0" type="stmt"/>
        <line num="1121" count="0" type="stmt"/>
        <line num="1122" count="0" type="stmt"/>
        <line num="1126" count="0" type="stmt"/>
        <line num="1129" count="0" type="stmt"/>
        <line num="1130" count="0" type="stmt"/>
        <line num="1131" count="0" type="stmt"/>
        <line num="1134" count="0" type="stmt"/>
        <line num="1135" count="0" type="stmt"/>
        <line num="1136" count="0" type="stmt"/>
        <line num="1137" count="0" type="stmt"/>
        <line num="1141" count="0" type="stmt"/>
        <line num="1142" count="0" type="stmt"/>
        <line num="1147" count="0" type="stmt"/>
        <line num="1148" count="0" type="stmt"/>
      </file>
    </package>
    <package name="js.modules">
      <metrics statements="57" coveredstatements="27" conditionals="27" coveredconditionals="5" methods="15" coveredmethods="7"/>
      <file name="ui.js" path="/Users/shens/Downloads/verb-learning-app/src/js/modules/ui.js">
        <metrics statements="57" coveredstatements="27" conditionals="27" coveredconditionals="5" methods="15" coveredmethods="7"/>
        <line num="4" count="5" type="stmt"/>
        <line num="5" count="5" type="stmt"/>
        <line num="10" count="4" type="stmt"/>
        <line num="11" count="12" type="stmt"/>
        <line num="15" count="4" type="stmt"/>
        <line num="16" count="4" type="cond" truecount="1" falsecount="1"/>
        <line num="17" count="4" type="stmt"/>
        <line num="18" count="4" type="stmt"/>
        <line num="24" count="1" type="cond" truecount="2" falsecount="2"/>
        <line num="25" count="0" type="stmt"/>
        <line num="26" count="0" type="stmt"/>
        <line num="27" count="0" type="stmt"/>
        <line num="29" count="0" type="cond" truecount="0" falsecount="2"/>
        <line num="31" count="0" type="stmt"/>
        <line num="32" count="0" type="cond" truecount="0" falsecount="2"/>
        <line num="33" count="0" type="stmt"/>
        <line num="34" count="0" type="stmt"/>
        <line num="38" count="1" type="stmt"/>
        <line num="39" count="1" type="cond" truecount="1" falsecount="1"/>
        <line num="40" count="1" type="stmt"/>
        <line num="41" count="1" type="stmt"/>
        <line num="42" count="1" type="stmt"/>
        <line num="45" count="1" type="stmt"/>
        <line num="46" count="1" type="stmt"/>
        <line num="47" count="1" type="stmt"/>
        <line num="51" count="1" type="stmt"/>
        <line num="52" count="1" type="cond" truecount="1" falsecount="1"/>
        <line num="53" count="1" type="stmt"/>
        <line num="54" count="1" type="stmt"/>
        <line num="55" count="1" type="stmt"/>
        <line num="57" count="1" type="stmt"/>
        <line num="61" count="0" type="stmt"/>
        <line num="62" count="0" type="cond" truecount="0" falsecount="2"/>
        <line num="63" count="0" type="stmt"/>
        <line num="64" count="0" type="stmt"/>
        <line num="69" count="0" type="stmt"/>
        <line num="70" count="0" type="stmt"/>
        <line num="72" count="0" type="cond" truecount="0" falsecount="2"/>
        <line num="73" count="0" type="cond" truecount="0" falsecount="2"/>
        <line num="78" count="5" type="stmt"/>
        <line num="81" count="5" type="stmt"/>
        <line num="82" count="0" type="stmt"/>
        <line num="84" count="0" type="cond" truecount="0" falsecount="2"/>
        <line num="85" count="0" type="stmt"/>
        <line num="91" count="5" type="stmt"/>
        <line num="92" count="0" type="stmt"/>
        <line num="96" count="5" type="stmt"/>
        <line num="97" count="0" type="stmt"/>
        <line num="98" count="0" type="stmt"/>
        <line num="101" count="0" type="cond" truecount="0" falsecount="2"/>
        <line num="102" count="0" type="stmt"/>
        <line num="105" count="0" type="stmt"/>
        <line num="112" count="0" type="stmt"/>
        <line num="113" count="0" type="stmt"/>
        <line num="117" count="0" type="cond" truecount="0" falsecount="2"/>
        <line num="118" count="0" type="stmt"/>
        <line num="119" count="0" type="stmt"/>
      </file>
    </package>
    <package name="js.utils">
      <metrics statements="147" coveredstatements="19" conditionals="71" coveredconditionals="11" methods="25" coveredmethods="5"/>
      <file name="game.js" path="/Users/shens/Downloads/verb-learning-app/src/js/utils/game.js">
        <metrics statements="26" coveredstatements="19" conditionals="16" coveredconditionals="11" methods="7" coveredmethods="5"/>
        <line num="4" count="6" type="stmt"/>
        <line num="5" count="6" type="stmt"/>
        <line num="6" count="6" type="stmt"/>
        <line num="10" count="4" type="stmt"/>
        <line num="11" count="4" type="cond" truecount="2" falsecount="0"/>
        <line num="13" count="4" type="cond" truecount="2" falsecount="0"/>
        <line num="14" count="2" type="stmt"/>
        <line num="15" count="2" type="stmt"/>
        <line num="18" count="4" type="stmt"/>
        <line num="26" count="0" type="stmt"/>
        <line num="27" count="0" type="stmt"/>
        <line num="31" count="6" type="cond" truecount="2" falsecount="0"/>
        <line num="35" count="2" type="stmt"/>
        <line num="39" count="0" type="stmt"/>
        <line num="40" count="0" type="stmt"/>
        <line num="41" count="0" type="stmt"/>
        <line num="42" count="0" type="stmt"/>
        <line num="44" count="0" type="stmt"/>
        <line num="48" count="1" type="stmt"/>
        <line num="49" count="1" type="stmt"/>
        <line num="51" count="1" type="cond" truecount="1" falsecount="1"/>
        <line num="52" count="1" type="cond" truecount="1" falsecount="1"/>
        <line num="53" count="1" type="cond" truecount="1" falsecount="1"/>
        <line num="54" count="1" type="cond" truecount="1" falsecount="1"/>
        <line num="55" count="1" type="cond" truecount="1" falsecount="1"/>
        <line num="57" count="1" type="stmt"/>
      </file>
      <file name="speech.js" path="/Users/shens/Downloads/verb-learning-app/src/js/utils/speech.js">
        <metrics statements="121" coveredstatements="0" conditionals="55" coveredconditionals="0" methods="18" coveredmethods="0"/>
        <line num="4" count="0" type="stmt"/>
        <line num="5" count="0" type="stmt"/>
        <line num="6" count="0" type="stmt"/>
        <line num="7" count="0" type="stmt"/>
        <line num="8" count="0" type="stmt"/>
        <line num="9" count="0" type="stmt"/>
        <line num="13" count="0" type="cond" truecount="0" falsecount="4"/>
        <line num="15" count="0" type="cond" truecount="0" falsecount="2"/>
        <line num="16" count="0" type="stmt"/>
        <line num="17" count="0" type="stmt"/>
        <line num="18" count="0" type="stmt"/>
        <line num="19" count="0" type="stmt"/>
        <line num="20" count="0" type="stmt"/>
        <line num="25" count="0" type="cond" truecount="0" falsecount="2"/>
        <line num="28" count="0" type="stmt"/>
        <line num="30" count="0" type="stmt"/>
        <line num="31" count="0" type="cond" truecount="0" falsecount="2"/>
        <line num="32" count="0" type="cond" truecount="0" falsecount="2"/>
        <line num="33" count="0" type="cond" truecount="0" falsecount="2"/>
        <line num="35" count="0" type="cond" truecount="0" falsecount="2"/>
        <line num="36" count="0" type="stmt"/>
        <line num="39" count="0" type="stmt"/>
        <line num="43" count="0" type="cond" truecount="0" falsecount="2"/>
        <line num="44" count="0" type="stmt"/>
        <line num="45" count="0" type="stmt"/>
        <line num="49" count="0" type="stmt"/>
        <line num="50" count="0" type="stmt"/>
        <line num="55" count="0" type="cond" truecount="0" falsecount="2"/>
        <line num="56" count="0" type="stmt"/>
        <line num="60" count="0" type="stmt"/>
        <line num="61" count="0" type="stmt"/>
        <line num="62" count="0" type="stmt"/>
        <line num="63" count="0" type="stmt"/>
        <line num="64" count="0" type="stmt"/>
        <line num="65" count="0" type="stmt"/>
        <line num="66" count="0" type="stmt"/>
        <line num="67" count="0" type="stmt"/>
        <line num="69" count="0" type="stmt"/>
        <line num="70" count="0" type="stmt"/>
        <line num="71" count="0" type="stmt"/>
        <line num="74" count="0" type="stmt"/>
        <line num="75" count="0" type="stmt"/>
        <line num="78" count="0" type="cond" truecount="0" falsecount="2"/>
        <line num="79" count="0" type="stmt"/>
        <line num="82" count="0" type="stmt"/>
        <line num="83" count="0" type="stmt"/>
        <line num="84" count="0" type="stmt"/>
        <line num="88" count="0" type="cond" truecount="0" falsecount="2"/>
        <line num="90" count="0" type="stmt"/>
        <line num="95" count="0" type="stmt"/>
        <line num="96" count="0" type="stmt"/>
        <line num="99" count="0" type="cond" truecount="0" falsecount="2"/>
        <line num="100" count="0" type="stmt"/>
        <line num="101" count="0" type="stmt"/>
        <line num="104" count="0" type="stmt"/>
        <line num="105" count="0" type="cond" truecount="0" falsecount="2"/>
        <line num="108" count="0" type="stmt"/>
        <line num="111" count="0" type="cond" truecount="0" falsecount="4"/>
        <line num="112" count="0" type="stmt"/>
        <line num="113" count="0" type="stmt"/>
        <line num="117" count="0" type="stmt"/>
        <line num="119" count="0" type="stmt"/>
        <line num="125" count="0" type="stmt"/>
        <line num="126" count="0" type="stmt"/>
        <line num="127" count="0" type="stmt"/>
        <line num="128" count="0" type="stmt"/>
        <line num="129" count="0" type="stmt"/>
        <line num="130" count="0" type="cond" truecount="0" falsecount="2"/>
        <line num="133" count="0" type="stmt"/>
        <line num="134" count="0" type="stmt"/>
        <line num="135" count="0" type="stmt"/>
        <line num="138" count="0" type="cond" truecount="0" falsecount="2"/>
        <line num="143" count="0" type="stmt"/>
        <line num="144" count="0" type="stmt"/>
        <line num="147" count="0" type="stmt"/>
        <line num="148" count="0" type="cond" truecount="0" falsecount="4"/>
        <line num="149" count="0" type="stmt"/>
        <line num="152" count="0" type="cond" truecount="0" falsecount="2"/>
        <line num="153" count="0" type="stmt"/>
        <line num="154" count="0" type="stmt"/>
        <line num="158" count="0" type="stmt"/>
        <line num="159" count="0" type="stmt"/>
        <line num="160" count="0" type="stmt"/>
        <line num="161" count="0" type="stmt"/>
        <line num="162" count="0" type="stmt"/>
        <line num="163" count="0" type="stmt"/>
        <line num="166" count="0" type="stmt"/>
        <line num="167" count="0" type="stmt"/>
        <line num="170" count="0" type="stmt"/>
        <line num="171" count="0" type="stmt"/>
        <line num="174" count="0" type="stmt"/>
        <line num="175" count="0" type="stmt"/>
        <line num="178" count="0" type="stmt"/>
        <line num="179" count="0" type="stmt"/>
        <line num="182" count="0" type="stmt"/>
        <line num="183" count="0" type="stmt"/>
        <line num="184" count="0" type="stmt"/>
        <line num="185" count="0" type="stmt"/>
        <line num="186" count="0" type="stmt"/>
        <line num="187" count="0" type="stmt"/>
        <line num="188" count="0" type="stmt"/>
        <line num="190" count="0" type="stmt"/>
        <line num="191" count="0" type="stmt"/>
        <line num="192" count="0" type="stmt"/>
        <line num="193" count="0" type="stmt"/>
        <line num="194" count="0" type="stmt"/>
        <line num="199" count="0" type="cond" truecount="0" falsecount="4"/>
        <line num="201" count="0" type="stmt"/>
        <line num="202" count="0" type="stmt"/>
        <line num="203" count="0" type="stmt"/>
        <line num="205" count="0" type="stmt"/>
        <line num="207" count="0" type="stmt"/>
        <line num="213" count="0" type="stmt"/>
        <line num="214" count="0" type="stmt"/>
        <line num="215" count="0" type="stmt"/>
        <line num="217" count="0" type="stmt"/>
        <line num="218" count="0" type="cond" truecount="0" falsecount="2"/>
        <line num="219" count="0" type="cond" truecount="0" falsecount="2"/>
        <line num="220" count="0" type="stmt"/>
        <line num="221" count="0" type="stmt"/>
        <line num="225" count="0" type="stmt"/>
      </file>
    </package>
  </project>
</coverage>
