{"/Users/shens/Downloads/verb-learning-app/src/js/app.js": {"path":"/Users/shens/Downloads/verb-learning-app/src/js/app.js","statementMap":{"0":{"start":{"line":10,"column":4},"end":{"line":10,"column":45}},"1":{"start":{"line":11,"column":4},"end":{"line":11,"column":41}},"2":{"start":{"line":12,"column":4},"end":{"line":12,"column":37}},"3":{"start":{"line":13,"column":4},"end":{"line":13,"column":44}},"4":{"start":{"line":14,"column":4},"end":{"line":14,"column":30}},"5":{"start":{"line":15,"column":4},"end":{"line":15,"column":35}},"6":{"start":{"line":16,"column":4},"end":{"line":16,"column":33}},"7":{"start":{"line":17,"column":4},"end":{"line":17,"column":28}},"8":{"start":{"line":19,"column":4},"end":{"line":19,"column":37}},"9":{"start":{"line":20,"column":4},"end":{"line":20,"column":25}},"10":{"start":{"line":22,"column":4},"end":{"line":22,"column":40}},"11":{"start":{"line":23,"column":4},"end":{"line":23,"column":32}},"12":{"start":{"line":24,"column":4},"end":{"line":24,"column":28}},"13":{"start":{"line":26,"column":4},"end":{"line":26,"column":25}},"14":{"start":{"line":31,"column":4},"end":{"line":31,"column":24}},"15":{"start":{"line":34,"column":4},"end":{"line":34,"column":31}},"16":{"start":{"line":35,"column":4},"end":{"line":35,"column":34}},"17":{"start":{"line":36,"column":4},"end":{"line":36,"column":35}},"18":{"start":{"line":37,"column":4},"end":{"line":37,"column":35}},"19":{"start":{"line":40,"column":4},"end":{"line":40,"column":31}},"20":{"start":{"line":44,"column":26},"end":{"line":44,"column":58}},"21":{"start":{"line":45,"column":4},"end":{"line":47,"column":5}},"22":{"start":{"line":46,"column":6},"end":{"line":46,"column":76}},"23":{"start":{"line":51,"column":4},"end":{"line":51,"column":68}},"24":{"start":{"line":56,"column":4},"end":{"line":56,"column":30}},"25":{"start":{"line":59,"column":4},"end":{"line":64,"column":7}},"26":{"start":{"line":60,"column":6},"end":{"line":63,"column":7}},"27":{"start":{"line":61,"column":8},"end":{"line":61,"column":32}},"28":{"start":{"line":62,"column":8},"end":{"line":62,"column":34}},"29":{"start":{"line":66,"column":4},"end":{"line":71,"column":7}},"30":{"start":{"line":67,"column":6},"end":{"line":70,"column":7}},"31":{"start":{"line":68,"column":8},"end":{"line":68,"column":32}},"32":{"start":{"line":69,"column":8},"end":{"line":69,"column":34}},"33":{"start":{"line":74,"column":4},"end":{"line":79,"column":9}},"34":{"start":{"line":77,"column":21},"end":{"line":77,"column":52}},"35":{"start":{"line":78,"column":8},"end":{"line":78,"column":65}},"36":{"start":{"line":81,"column":4},"end":{"line":84,"column":7}},"37":{"start":{"line":82,"column":19},"end":{"line":82,"column":50}},"38":{"start":{"line":83,"column":6},"end":{"line":83,"column":57}},"39":{"start":{"line":86,"column":4},"end":{"line":91,"column":9}},"40":{"start":{"line":89,"column":21},"end":{"line":89,"column":52}},"41":{"start":{"line":90,"column":8},"end":{"line":90,"column":65}},"42":{"start":{"line":93,"column":4},"end":{"line":96,"column":7}},"43":{"start":{"line":94,"column":19},"end":{"line":94,"column":50}},"44":{"start":{"line":95,"column":6},"end":{"line":95,"column":60}},"45":{"start":{"line":98,"column":4},"end":{"line":103,"column":9}},"46":{"start":{"line":101,"column":21},"end":{"line":101,"column":52}},"47":{"start":{"line":102,"column":8},"end":{"line":102,"column":67}},"48":{"start":{"line":106,"column":4},"end":{"line":109,"column":7}},"49":{"start":{"line":107,"column":6},"end":{"line":107,"column":61}},"50":{"start":{"line":108,"column":6},"end":{"line":108,"column":26}},"51":{"start":{"line":111,"column":4},"end":{"line":114,"column":7}},"52":{"start":{"line":112,"column":6},"end":{"line":112,"column":61}},"53":{"start":{"line":113,"column":6},"end":{"line":113,"column":26}},"54":{"start":{"line":116,"column":4},"end":{"line":121,"column":9}},"55":{"start":{"line":119,"column":8},"end":{"line":119,"column":55}},"56":{"start":{"line":120,"column":8},"end":{"line":120,"column":28}},"57":{"start":{"line":125,"column":17},"end":{"line":125,"column":48}},"58":{"start":{"line":128,"column":4},"end":{"line":128,"column":80}},"59":{"start":{"line":129,"column":4},"end":{"line":129,"column":68}},"60":{"start":{"line":130,"column":4},"end":{"line":130,"column":80}},"61":{"start":{"line":131,"column":4},"end":{"line":131,"column":74}},"62":{"start":{"line":132,"column":4},"end":{"line":133,"column":24}},"63":{"start":{"line":136,"column":27},"end":{"line":136,"column":67}},"64":{"start":{"line":137,"column":25},"end":{"line":137,"column":63}},"65":{"start":{"line":138,"column":28},"end":{"line":138,"column":69}},"66":{"start":{"line":140,"column":4},"end":{"line":141,"column":74}},"67":{"start":{"line":141,"column":6},"end":{"line":141,"column":74}},"68":{"start":{"line":142,"column":4},"end":{"line":142,"column":76}},"69":{"start":{"line":142,"column":22},"end":{"line":142,"column":76}},"70":{"start":{"line":143,"column":4},"end":{"line":146,"column":5}},"71":{"start":{"line":144,"column":23},"end":{"line":144,"column":76}},"72":{"start":{"line":145,"column":6},"end":{"line":145,"column":51}},"73":{"start":{"line":149,"column":23},"end":{"line":149,"column":59}},"74":{"start":{"line":150,"column":23},"end":{"line":150,"column":59}},"75":{"start":{"line":151,"column":4},"end":{"line":151,"column":70}},"76":{"start":{"line":151,"column":20},"end":{"line":151,"column":70}},"77":{"start":{"line":152,"column":4},"end":{"line":153,"column":74}},"78":{"start":{"line":153,"column":6},"end":{"line":153,"column":74}},"79":{"start":{"line":156,"column":4},"end":{"line":161,"column":5}},"80":{"start":{"line":157,"column":6},"end":{"line":160,"column":8}},"81":{"start":{"line":158,"column":14},"end":{"line":158,"column":70}},"82":{"start":{"line":166,"column":4},"end":{"line":166,"column":33}},"83":{"start":{"line":167,"column":4},"end":{"line":167,"column":44}},"84":{"start":{"line":170,"column":4},"end":{"line":177,"column":7}},"85":{"start":{"line":171,"column":6},"end":{"line":176,"column":9}},"86":{"start":{"line":172,"column":25},"end":{"line":172,"column":48}},"87":{"start":{"line":173,"column":8},"end":{"line":173,"column":36}},"88":{"start":{"line":175,"column":8},"end":{"line":175,"column":39}},"89":{"start":{"line":180,"column":4},"end":{"line":180,"column":34}},"90":{"start":{"line":181,"column":4},"end":{"line":181,"column":35}},"91":{"start":{"line":182,"column":4},"end":{"line":182,"column":38}},"92":{"start":{"line":183,"column":4},"end":{"line":183,"column":39}},"93":{"start":{"line":188,"column":4},"end":{"line":201,"column":5}},"94":{"start":{"line":190,"column":8},"end":{"line":190,"column":33}},"95":{"start":{"line":191,"column":8},"end":{"line":191,"column":14}},"96":{"start":{"line":193,"column":8},"end":{"line":193,"column":34}},"97":{"start":{"line":194,"column":8},"end":{"line":194,"column":14}},"98":{"start":{"line":196,"column":8},"end":{"line":196,"column":37}},"99":{"start":{"line":197,"column":8},"end":{"line":197,"column":14}},"100":{"start":{"line":199,"column":8},"end":{"line":199,"column":38}},"101":{"start":{"line":200,"column":8},"end":{"line":200,"column":14}},"102":{"start":{"line":206,"column":4},"end":{"line":208,"column":7}},"103":{"start":{"line":207,"column":6},"end":{"line":207,"column":39}},"104":{"start":{"line":211,"column":28},"end":{"line":211,"column":75}},"105":{"start":{"line":212,"column":4},"end":{"line":214,"column":5}},"106":{"start":{"line":213,"column":6},"end":{"line":213,"column":49}},"107":{"start":{"line":219,"column":4},"end":{"line":221,"column":61}},"108":{"start":{"line":221,"column":40},"end":{"line":221,"column":59}},"109":{"start":{"line":222,"column":4},"end":{"line":222,"column":29}},"110":{"start":{"line":227,"column":26},"end":{"line":229,"column":48}},"111":{"start":{"line":230,"column":32},"end":{"line":230,"column":75}},"112":{"start":{"line":231,"column":26},"end":{"line":231,"column":63}},"113":{"start":{"line":233,"column":4},"end":{"line":233,"column":55}},"114":{"start":{"line":233,"column":48},"end":{"line":233,"column":55}},"115":{"start":{"line":236,"column":4},"end":{"line":236,"column":39}},"116":{"start":{"line":237,"column":4},"end":{"line":237,"column":33}},"117":{"start":{"line":238,"column":4},"end":{"line":238,"column":28}},"118":{"start":{"line":241,"column":4},"end":{"line":251,"column":9}},"119":{"start":{"line":244,"column":8},"end":{"line":250,"column":10}},"120":{"start":{"line":254,"column":4},"end":{"line":272,"column":7}},"121":{"start":{"line":255,"column":19},"end":{"line":255,"column":48}},"122":{"start":{"line":256,"column":6},"end":{"line":256,"column":41}},"123":{"start":{"line":257,"column":6},"end":{"line":257,"column":41}},"124":{"start":{"line":258,"column":6},"end":{"line":258,"column":36}},"125":{"start":{"line":259,"column":6},"end":{"line":259,"column":28}},"126":{"start":{"line":260,"column":6},"end":{"line":260,"column":44}},"127":{"start":{"line":263,"column":6},"end":{"line":267,"column":9}},"128":{"start":{"line":264,"column":8},"end":{"line":264,"column":54}},"129":{"start":{"line":265,"column":8},"end":{"line":265,"column":67}},"130":{"start":{"line":266,"column":8},"end":{"line":266,"column":39}},"131":{"start":{"line":269,"column":6},"end":{"line":271,"column":9}},"132":{"start":{"line":270,"column":8},"end":{"line":270,"column":42}},"133":{"start":{"line":275,"column":4},"end":{"line":321,"column":7}},"134":{"start":{"line":276,"column":23},"end":{"line":276,"column":52}},"135":{"start":{"line":277,"column":6},"end":{"line":277,"column":39}},"136":{"start":{"line":278,"column":6},"end":{"line":278,"column":59}},"137":{"start":{"line":279,"column":6},"end":{"line":279,"column":40}},"138":{"start":{"line":280,"column":6},"end":{"line":280,"column":44}},"139":{"start":{"line":281,"column":6},"end":{"line":281,"column":42}},"140":{"start":{"line":284,"column":6},"end":{"line":287,"column":9}},"141":{"start":{"line":285,"column":8},"end":{"line":285,"column":27}},"142":{"start":{"line":286,"column":8},"end":{"line":286,"column":44}},"143":{"start":{"line":289,"column":6},"end":{"line":291,"column":9}},"144":{"start":{"line":290,"column":8},"end":{"line":290,"column":47}},"145":{"start":{"line":293,"column":6},"end":{"line":320,"column":9}},"146":{"start":{"line":294,"column":8},"end":{"line":294,"column":27}},"147":{"start":{"line":295,"column":8},"end":{"line":295,"column":47}},"148":{"start":{"line":297,"column":26},"end":{"line":297,"column":62}},"149":{"start":{"line":298,"column":34},"end":{"line":298,"column":75}},"150":{"start":{"line":301,"column":35},"end":{"line":303,"column":9}},"151":{"start":{"line":304,"column":8},"end":{"line":306,"column":9}},"152":{"start":{"line":305,"column":10},"end":{"line":305,"column":58}},"153":{"start":{"line":309,"column":29},"end":{"line":311,"column":9}},"154":{"start":{"line":312,"column":8},"end":{"line":314,"column":9}},"155":{"start":{"line":313,"column":10},"end":{"line":313,"column":49}},"156":{"start":{"line":316,"column":8},"end":{"line":316,"column":100}},"157":{"start":{"line":317,"column":8},"end":{"line":317,"column":47}},"158":{"start":{"line":319,"column":8},"end":{"line":319,"column":64}},"159":{"start":{"line":325,"column":22},"end":{"line":325,"column":61}},"160":{"start":{"line":326,"column":25},"end":{"line":326,"column":26}},"161":{"start":{"line":327,"column":25},"end":{"line":327,"column":41}},"162":{"start":{"line":329,"column":4},"end":{"line":353,"column":7}},"163":{"start":{"line":330,"column":25},"end":{"line":330,"column":44}},"164":{"start":{"line":331,"column":24},"end":{"line":331,"column":46}},"165":{"start":{"line":333,"column":6},"end":{"line":352,"column":7}},"166":{"start":{"line":334,"column":8},"end":{"line":334,"column":38}},"167":{"start":{"line":335,"column":31},"end":{"line":337,"column":9}},"168":{"start":{"line":338,"column":8},"end":{"line":341,"column":9}},"169":{"start":{"line":339,"column":10},"end":{"line":339,"column":50}},"170":{"start":{"line":340,"column":10},"end":{"line":340,"column":54}},"171":{"start":{"line":342,"column":8},"end":{"line":342,"column":25}},"172":{"start":{"line":343,"column":13},"end":{"line":352,"column":7}},"173":{"start":{"line":344,"column":8},"end":{"line":344,"column":40}},"174":{"start":{"line":345,"column":31},"end":{"line":347,"column":9}},"175":{"start":{"line":348,"column":8},"end":{"line":351,"column":9}},"176":{"start":{"line":349,"column":10},"end":{"line":349,"column":52}},"177":{"start":{"line":350,"column":10},"end":{"line":350,"column":54}},"178":{"start":{"line":355,"column":19},"end":{"line":355,"column":66}},"179":{"start":{"line":356,"column":19},"end":{"line":356,"column":55}},"180":{"start":{"line":357,"column":4},"end":{"line":357,"column":67}},"181":{"start":{"line":359,"column":4},"end":{"line":385,"column":5}},"182":{"start":{"line":360,"column":6},"end":{"line":363,"column":8}},"183":{"start":{"line":366,"column":6},"end":{"line":378,"column":15}},"184":{"start":{"line":367,"column":29},"end":{"line":369,"column":9}},"185":{"start":{"line":370,"column":8},"end":{"line":377,"column":9}},"186":{"start":{"line":371,"column":10},"end":{"line":371,"column":35}},"187":{"start":{"line":374,"column":10},"end":{"line":376,"column":13}},"188":{"start":{"line":375,"column":12},"end":{"line":375,"column":45}},"189":{"start":{"line":380,"column":6},"end":{"line":383,"column":8}},"190":{"start":{"line":384,"column":6},"end":{"line":384,"column":55}},"191":{"start":{"line":384,"column":23},"end":{"line":384,"column":47}},"192":{"start":{"line":390,"column":4},"end":{"line":392,"column":65}},"193":{"start":{"line":392,"column":40},"end":{"line":392,"column":63}},"194":{"start":{"line":393,"column":4},"end":{"line":401,"column":7}},"195":{"start":{"line":395,"column":6},"end":{"line":400,"column":7}},"196":{"start":{"line":396,"column":8},"end":{"line":399,"column":10}},"197":{"start":{"line":403,"column":4},"end":{"line":405,"column":60}},"198":{"start":{"line":405,"column":40},"end":{"line":405,"column":58}},"199":{"start":{"line":407,"column":4},"end":{"line":407,"column":30}},"200":{"start":{"line":411,"column":23},"end":{"line":411,"column":76}},"201":{"start":{"line":412,"column":4},"end":{"line":412,"column":43}},"202":{"start":{"line":413,"column":4},"end":{"line":413,"column":72}},"203":{"start":{"line":416,"column":24},"end":{"line":416,"column":47}},"204":{"start":{"line":417,"column":25},"end":{"line":417,"column":70}},"205":{"start":{"line":418,"column":21},"end":{"line":418,"column":70}},"206":{"start":{"line":421,"column":28},"end":{"line":421,"column":69}},"207":{"start":{"line":422,"column":24},"end":{"line":422,"column":60}},"208":{"start":{"line":423,"column":4},"end":{"line":423,"column":68}},"209":{"start":{"line":423,"column":25},"end":{"line":423,"column":68}},"210":{"start":{"line":424,"column":4},"end":{"line":424,"column":56}},"211":{"start":{"line":424,"column":21},"end":{"line":424,"column":56}},"212":{"start":{"line":427,"column":4},"end":{"line":427,"column":48}},"213":{"start":{"line":428,"column":4},"end":{"line":428,"column":53}},"214":{"start":{"line":431,"column":21},"end":{"line":431,"column":63}},"215":{"start":{"line":432,"column":4},"end":{"line":435,"column":5}},"216":{"start":{"line":433,"column":6},"end":{"line":433,"column":38}},"217":{"start":{"line":434,"column":6},"end":{"line":434,"column":38}},"218":{"start":{"line":437,"column":4},"end":{"line":442,"column":5}},"219":{"start":{"line":438,"column":6},"end":{"line":441,"column":8}},"220":{"start":{"line":439,"column":14},"end":{"line":439,"column":78}},"221":{"start":{"line":446,"column":20},"end":{"line":446,"column":48}},"222":{"start":{"line":447,"column":29},"end":{"line":447,"column":67}},"223":{"start":{"line":449,"column":22},"end":{"line":449,"column":63}},"224":{"start":{"line":450,"column":4},"end":{"line":450,"column":27}},"225":{"start":{"line":450,"column":20},"end":{"line":450,"column":27}},"226":{"start":{"line":452,"column":4},"end":{"line":452,"column":29}},"227":{"start":{"line":453,"column":4},"end":{"line":462,"column":7}},"228":{"start":{"line":454,"column":21},"end":{"line":454,"column":50}},"229":{"start":{"line":455,"column":6},"end":{"line":455,"column":41}},"230":{"start":{"line":456,"column":6},"end":{"line":456,"column":34}},"231":{"start":{"line":457,"column":6},"end":{"line":457,"column":37}},"232":{"start":{"line":458,"column":6},"end":{"line":458,"column":43}},"233":{"start":{"line":460,"column":6},"end":{"line":460,"column":72}},"234":{"start":{"line":460,"column":45},"end":{"line":460,"column":70}},"235":{"start":{"line":461,"column":6},"end":{"line":461,"column":36}},"236":{"start":{"line":466,"column":22},"end":{"line":466,"column":61}},"237":{"start":{"line":467,"column":4},"end":{"line":467,"column":27}},"238":{"start":{"line":467,"column":20},"end":{"line":467,"column":27}},"239":{"start":{"line":469,"column":4},"end":{"line":469,"column":29}},"240":{"start":{"line":470,"column":4},"end":{"line":477,"column":5}},"241":{"start":{"line":470,"column":17},"end":{"line":470,"column":18}},"242":{"start":{"line":471,"column":19},"end":{"line":471,"column":48}},"243":{"start":{"line":472,"column":6},"end":{"line":472,"column":37}},"244":{"start":{"line":473,"column":6},"end":{"line":473,"column":32}},"245":{"start":{"line":475,"column":6},"end":{"line":475,"column":67}},"246":{"start":{"line":475,"column":43},"end":{"line":475,"column":65}},"247":{"start":{"line":476,"column":6},"end":{"line":476,"column":34}},"248":{"start":{"line":481,"column":4},"end":{"line":483,"column":5}},"249":{"start":{"line":482,"column":6},"end":{"line":482,"column":13}},"250":{"start":{"line":485,"column":19},"end":{"line":485,"column":40}},"251":{"start":{"line":486,"column":26},"end":{"line":486,"column":50}},"252":{"start":{"line":488,"column":4},"end":{"line":502,"column":5}},"253":{"start":{"line":490,"column":6},"end":{"line":490,"column":46}},"254":{"start":{"line":493,"column":19},"end":{"line":493,"column":79}},"255":{"start":{"line":494,"column":6},"end":{"line":498,"column":7}},"256":{"start":{"line":495,"column":8},"end":{"line":495,"column":34}},"257":{"start":{"line":496,"column":8},"end":{"line":496,"column":37}},"258":{"start":{"line":497,"column":8},"end":{"line":497,"column":64}},"259":{"start":{"line":501,"column":6},"end":{"line":501,"column":35}},"260":{"start":{"line":506,"column":17},"end":{"line":506,"column":72}},"261":{"start":{"line":507,"column":4},"end":{"line":507,"column":60}},"262":{"start":{"line":507,"column":53},"end":{"line":507,"column":60}},"263":{"start":{"line":509,"column":24},"end":{"line":509,"column":48}},"264":{"start":{"line":511,"column":20},"end":{"line":511,"column":63}},"265":{"start":{"line":512,"column":17},"end":{"line":512,"column":21}},"266":{"start":{"line":513,"column":4},"end":{"line":517,"column":7}},"267":{"start":{"line":514,"column":6},"end":{"line":516,"column":7}},"268":{"start":{"line":515,"column":8},"end":{"line":515,"column":19}},"269":{"start":{"line":520,"column":4},"end":{"line":520,"column":26}},"270":{"start":{"line":521,"column":4},"end":{"line":521,"column":36}},"271":{"start":{"line":522,"column":4},"end":{"line":522,"column":36}},"272":{"start":{"line":523,"column":4},"end":{"line":523,"column":42}},"273":{"start":{"line":526,"column":4},"end":{"line":528,"column":5}},"274":{"start":{"line":527,"column":6},"end":{"line":527,"column":38}},"275":{"start":{"line":533,"column":4},"end":{"line":535,"column":5}},"276":{"start":{"line":534,"column":6},"end":{"line":534,"column":27}},"277":{"start":{"line":538,"column":4},"end":{"line":542,"column":5}},"278":{"start":{"line":538,"column":17},"end":{"line":538,"column":18}},"279":{"start":{"line":539,"column":6},"end":{"line":541,"column":7}},"280":{"start":{"line":540,"column":8},"end":{"line":540,"column":17}},"281":{"start":{"line":543,"column":4},"end":{"line":543,"column":14}},"282":{"start":{"line":548,"column":4},"end":{"line":554,"column":5}},"283":{"start":{"line":549,"column":6},"end":{"line":551,"column":8}},"284":{"start":{"line":553,"column":6},"end":{"line":553,"column":27}},"285":{"start":{"line":556,"column":4},"end":{"line":560,"column":7}},"286":{"start":{"line":557,"column":6},"end":{"line":557,"column":28}},"287":{"start":{"line":558,"column":6},"end":{"line":558,"column":38}},"288":{"start":{"line":559,"column":6},"end":{"line":559,"column":38}},"289":{"start":{"line":563,"column":4},"end":{"line":565,"column":7}},"290":{"start":{"line":564,"column":6},"end":{"line":564,"column":38}},"291":{"start":{"line":569,"column":4},"end":{"line":569,"column":43}},"292":{"start":{"line":569,"column":36},"end":{"line":569,"column":43}},"293":{"start":{"line":571,"column":21},"end":{"line":571,"column":63}},"294":{"start":{"line":572,"column":4},"end":{"line":572,"column":26}},"295":{"start":{"line":572,"column":19},"end":{"line":572,"column":26}},"296":{"start":{"line":575,"column":27},"end":{"line":578,"column":20}},"297":{"start":{"line":579,"column":26},"end":{"line":579,"column":70}},"298":{"start":{"line":582,"column":4},"end":{"line":593,"column":5}},"299":{"start":{"line":586,"column":6},"end":{"line":590,"column":8}},"300":{"start":{"line":591,"column":6},"end":{"line":591,"column":80}},"301":{"start":{"line":592,"column":6},"end":{"line":592,"column":13}},"302":{"start":{"line":595,"column":4},"end":{"line":641,"column":5}},"303":{"start":{"line":596,"column":6},"end":{"line":600,"column":8}},"304":{"start":{"line":601,"column":21},"end":{"line":603,"column":7}},"305":{"start":{"line":604,"column":6},"end":{"line":604,"column":69}},"306":{"start":{"line":605,"column":6},"end":{"line":605,"column":78}},"307":{"start":{"line":608,"column":6},"end":{"line":608,"column":34}},"308":{"start":{"line":611,"column":6},"end":{"line":623,"column":15}},"309":{"start":{"line":612,"column":29},"end":{"line":614,"column":9}},"310":{"start":{"line":615,"column":8},"end":{"line":622,"column":9}},"311":{"start":{"line":616,"column":10},"end":{"line":616,"column":36}},"312":{"start":{"line":619,"column":10},"end":{"line":621,"column":13}},"313":{"start":{"line":620,"column":12},"end":{"line":620,"column":45}},"314":{"start":{"line":625,"column":6},"end":{"line":629,"column":8}},"315":{"start":{"line":630,"column":21},"end":{"line":632,"column":7}},"316":{"start":{"line":633,"column":6},"end":{"line":633,"column":69}},"317":{"start":{"line":634,"column":6},"end":{"line":637,"column":8}},"318":{"start":{"line":640,"column":6},"end":{"line":640,"column":49}},"319":{"start":{"line":640,"column":23},"end":{"line":640,"column":41}},"320":{"start":{"line":646,"column":4},"end":{"line":657,"column":7}},"321":{"start":{"line":647,"column":6},"end":{"line":656,"column":22}},"322":{"start":{"line":648,"column":8},"end":{"line":648,"column":58}},"323":{"start":{"line":649,"column":8},"end":{"line":655,"column":10}},"324":{"start":{"line":652,"column":12},"end":{"line":652,"column":38}},"325":{"start":{"line":662,"column":4},"end":{"line":671,"column":9}},"326":{"start":{"line":665,"column":8},"end":{"line":670,"column":9}},"327":{"start":{"line":666,"column":10},"end":{"line":669,"column":12}},"328":{"start":{"line":673,"column":4},"end":{"line":675,"column":70}},"329":{"start":{"line":675,"column":40},"end":{"line":675,"column":68}},"330":{"start":{"line":677,"column":4},"end":{"line":677,"column":33}},"331":{"start":{"line":681,"column":23},"end":{"line":681,"column":76}},"332":{"start":{"line":682,"column":4},"end":{"line":682,"column":46}},"333":{"start":{"line":685,"column":17},"end":{"line":685,"column":46}},"334":{"start":{"line":686,"column":31},"end":{"line":686,"column":33}},"335":{"start":{"line":687,"column":4},"end":{"line":689,"column":5}},"336":{"start":{"line":687,"column":17},"end":{"line":687,"column":18}},"337":{"start":{"line":688,"column":6},"end":{"line":688,"column":33}},"338":{"start":{"line":692,"column":4},"end":{"line":696,"column":5}},"339":{"start":{"line":693,"column":6},"end":{"line":695,"column":7}},"340":{"start":{"line":693,"column":19},"end":{"line":693,"column":20}},"341":{"start":{"line":694,"column":8},"end":{"line":694,"column":35}},"342":{"start":{"line":698,"column":4},"end":{"line":699,"column":80}},"343":{"start":{"line":700,"column":4},"end":{"line":700,"column":55}},"344":{"start":{"line":703,"column":24},"end":{"line":703,"column":47}},"345":{"start":{"line":704,"column":25},"end":{"line":704,"column":70}},"346":{"start":{"line":705,"column":21},"end":{"line":705,"column":70}},"347":{"start":{"line":708,"column":28},"end":{"line":708,"column":77}},"348":{"start":{"line":709,"column":24},"end":{"line":709,"column":69}},"349":{"start":{"line":710,"column":4},"end":{"line":710,"column":68}},"350":{"start":{"line":710,"column":25},"end":{"line":710,"column":68}},"351":{"start":{"line":711,"column":4},"end":{"line":711,"column":56}},"352":{"start":{"line":711,"column":21},"end":{"line":711,"column":56}},"353":{"start":{"line":714,"column":4},"end":{"line":714,"column":35}},"354":{"start":{"line":717,"column":4},"end":{"line":717,"column":33}},"355":{"start":{"line":720,"column":21},"end":{"line":720,"column":70}},"356":{"start":{"line":721,"column":4},"end":{"line":724,"column":5}},"357":{"start":{"line":722,"column":6},"end":{"line":722,"column":38}},"358":{"start":{"line":723,"column":6},"end":{"line":723,"column":38}},"359":{"start":{"line":726,"column":4},"end":{"line":731,"column":5}},"360":{"start":{"line":727,"column":6},"end":{"line":730,"column":8}},"361":{"start":{"line":728,"column":14},"end":{"line":728,"column":78}},"362":{"start":{"line":735,"column":22},"end":{"line":735,"column":61}},"363":{"start":{"line":736,"column":4},"end":{"line":736,"column":27}},"364":{"start":{"line":736,"column":20},"end":{"line":736,"column":27}},"365":{"start":{"line":738,"column":4},"end":{"line":738,"column":29}},"366":{"start":{"line":740,"column":4},"end":{"line":752,"column":5}},"367":{"start":{"line":740,"column":17},"end":{"line":740,"column":18}},"368":{"start":{"line":741,"column":24},"end":{"line":741,"column":53}},"369":{"start":{"line":742,"column":6},"end":{"line":742,"column":42}},"370":{"start":{"line":744,"column":6},"end":{"line":749,"column":7}},"371":{"start":{"line":745,"column":8},"end":{"line":745,"column":40}},"372":{"start":{"line":746,"column":8},"end":{"line":746,"column":39}},"373":{"start":{"line":748,"column":8},"end":{"line":748,"column":40}},"374":{"start":{"line":751,"column":6},"end":{"line":751,"column":39}},"375":{"start":{"line":756,"column":22},"end":{"line":756,"column":63}},"376":{"start":{"line":757,"column":4},"end":{"line":757,"column":27}},"377":{"start":{"line":757,"column":20},"end":{"line":757,"column":27}},"378":{"start":{"line":759,"column":4},"end":{"line":759,"column":29}},"379":{"start":{"line":762,"column":20},"end":{"line":762,"column":40}},"380":{"start":{"line":763,"column":21},"end":{"line":763,"column":49}},"381":{"start":{"line":766,"column":4},"end":{"line":772,"column":5}},"382":{"start":{"line":768,"column":8},"end":{"line":768,"column":61}},"383":{"start":{"line":769,"column":6},"end":{"line":771,"column":7}},"384":{"start":{"line":770,"column":8},"end":{"line":770,"column":35}},"385":{"start":{"line":775,"column":28},"end":{"line":775,"column":66}},"386":{"start":{"line":777,"column":4},"end":{"line":785,"column":7}},"387":{"start":{"line":778,"column":21},"end":{"line":778,"column":53}},"388":{"start":{"line":779,"column":6},"end":{"line":779,"column":38}},"389":{"start":{"line":780,"column":6},"end":{"line":780,"column":34}},"390":{"start":{"line":781,"column":6},"end":{"line":781,"column":37}},"391":{"start":{"line":783,"column":6},"end":{"line":783,"column":78}},"392":{"start":{"line":783,"column":45},"end":{"line":783,"column":76}},"393":{"start":{"line":784,"column":6},"end":{"line":784,"column":36}},"394":{"start":{"line":789,"column":27},"end":{"line":789,"column":48}},"395":{"start":{"line":790,"column":21},"end":{"line":790,"column":70}},"396":{"start":{"line":791,"column":23},"end":{"line":791,"column":63}},"397":{"start":{"line":794,"column":4},"end":{"line":794,"column":55}},"398":{"start":{"line":794,"column":33},"end":{"line":794,"column":52}},"399":{"start":{"line":796,"column":4},"end":{"line":856,"column":5}},"400":{"start":{"line":798,"column":6},"end":{"line":798,"column":38}},"401":{"start":{"line":801,"column":26},"end":{"line":801,"column":70}},"402":{"start":{"line":802,"column":6},"end":{"line":806,"column":7}},"403":{"start":{"line":803,"column":8},"end":{"line":803,"column":49}},"404":{"start":{"line":804,"column":8},"end":{"line":804,"column":46}},"405":{"start":{"line":805,"column":8},"end":{"line":805,"column":44}},"406":{"start":{"line":808,"column":6},"end":{"line":812,"column":8}},"407":{"start":{"line":814,"column":26},"end":{"line":816,"column":7}},"408":{"start":{"line":817,"column":6},"end":{"line":817,"column":79}},"409":{"start":{"line":820,"column":6},"end":{"line":822,"column":15}},"410":{"start":{"line":821,"column":8},"end":{"line":821,"column":37}},"411":{"start":{"line":825,"column":6},"end":{"line":825,"column":40}},"412":{"start":{"line":828,"column":6},"end":{"line":832,"column":9}},"413":{"start":{"line":829,"column":8},"end":{"line":831,"column":9}},"414":{"start":{"line":830,"column":10},"end":{"line":830,"column":39}},"415":{"start":{"line":835,"column":26},"end":{"line":835,"column":70}},"416":{"start":{"line":836,"column":6},"end":{"line":840,"column":7}},"417":{"start":{"line":837,"column":8},"end":{"line":837,"column":53}},"418":{"start":{"line":838,"column":8},"end":{"line":838,"column":46}},"419":{"start":{"line":839,"column":8},"end":{"line":839,"column":44}},"420":{"start":{"line":842,"column":6},"end":{"line":846,"column":8}},"421":{"start":{"line":848,"column":6},"end":{"line":848,"column":38}},"422":{"start":{"line":849,"column":26},"end":{"line":849,"column":53}},"423":{"start":{"line":850,"column":6},"end":{"line":850,"column":79}},"424":{"start":{"line":853,"column":6},"end":{"line":855,"column":15}},"425":{"start":{"line":854,"column":8},"end":{"line":854,"column":37}},"426":{"start":{"line":861,"column":4},"end":{"line":868,"column":5}},"427":{"start":{"line":862,"column":32},"end":{"line":862,"column":77}},"428":{"start":{"line":863,"column":6},"end":{"line":866,"column":7}},"429":{"start":{"line":864,"column":8},"end":{"line":865,"column":132}},"430":{"start":{"line":867,"column":6},"end":{"line":867,"column":13}},"431":{"start":{"line":870,"column":4},"end":{"line":872,"column":63}},"432":{"start":{"line":872,"column":40},"end":{"line":872,"column":61}},"433":{"start":{"line":873,"column":4},"end":{"line":875,"column":62}},"434":{"start":{"line":875,"column":40},"end":{"line":875,"column":60}},"435":{"start":{"line":876,"column":4},"end":{"line":885,"column":9}},"436":{"start":{"line":879,"column":27},"end":{"line":881,"column":22}},"437":{"start":{"line":882,"column":8},"end":{"line":884,"column":9}},"438":{"start":{"line":883,"column":10},"end":{"line":883,"column":62}},"439":{"start":{"line":888,"column":24},"end":{"line":888,"column":56}},"440":{"start":{"line":889,"column":4},"end":{"line":889,"column":43}},"441":{"start":{"line":890,"column":4},"end":{"line":890,"column":47}},"442":{"start":{"line":891,"column":4},"end":{"line":891,"column":42}},"443":{"start":{"line":892,"column":4},"end":{"line":892,"column":79}},"444":{"start":{"line":892,"column":48},"end":{"line":892,"column":77}},"445":{"start":{"line":894,"column":30},"end":{"line":894,"column":75}},"446":{"start":{"line":895,"column":4},"end":{"line":905,"column":5}},"447":{"start":{"line":896,"column":32},"end":{"line":898,"column":7}},"448":{"start":{"line":899,"column":6},"end":{"line":904,"column":7}},"449":{"start":{"line":900,"column":8},"end":{"line":903,"column":10}},"450":{"start":{"line":907,"column":4},"end":{"line":907,"column":34}},"451":{"start":{"line":911,"column":23},"end":{"line":911,"column":76}},"452":{"start":{"line":913,"column":6},"end":{"line":913,"column":67}},"453":{"start":{"line":915,"column":23},"end":{"line":915,"column":70}},"454":{"start":{"line":916,"column":21},"end":{"line":916,"column":70}},"455":{"start":{"line":917,"column":24},"end":{"line":917,"column":70}},"456":{"start":{"line":919,"column":4},"end":{"line":929,"column":5}},"457":{"start":{"line":920,"column":6},"end":{"line":920,"column":41}},"458":{"start":{"line":921,"column":6},"end":{"line":921,"column":39}},"459":{"start":{"line":922,"column":6},"end":{"line":922,"column":48}},"460":{"start":{"line":923,"column":6},"end":{"line":928,"column":8}},"461":{"start":{"line":931,"column":4},"end":{"line":933,"column":5}},"462":{"start":{"line":932,"column":6},"end":{"line":932,"column":41}},"463":{"start":{"line":936,"column":21},"end":{"line":936,"column":63}},"464":{"start":{"line":937,"column":20},"end":{"line":937,"column":61}},"465":{"start":{"line":938,"column":4},"end":{"line":941,"column":5}},"466":{"start":{"line":939,"column":6},"end":{"line":939,"column":32}},"467":{"start":{"line":940,"column":6},"end":{"line":940,"column":50}},"468":{"start":{"line":942,"column":4},"end":{"line":945,"column":5}},"469":{"start":{"line":943,"column":6},"end":{"line":943,"column":30}},"470":{"start":{"line":944,"column":6},"end":{"line":944,"column":38}},"471":{"start":{"line":947,"column":4},"end":{"line":949,"column":5}},"472":{"start":{"line":948,"column":6},"end":{"line":948,"column":80}},"473":{"start":{"line":948,"column":23},"end":{"line":948,"column":73}},"474":{"start":{"line":953,"column":21},"end":{"line":953,"column":63}},"475":{"start":{"line":954,"column":20},"end":{"line":954,"column":61}},"476":{"start":{"line":955,"column":21},"end":{"line":955,"column":70}},"477":{"start":{"line":957,"column":4},"end":{"line":960,"column":5}},"478":{"start":{"line":958,"column":6},"end":{"line":958,"column":31}},"479":{"start":{"line":959,"column":6},"end":{"line":959,"column":31}},"480":{"start":{"line":962,"column":4},"end":{"line":966,"column":5}},"481":{"start":{"line":963,"column":6},"end":{"line":964,"column":75}},"482":{"start":{"line":965,"column":6},"end":{"line":965,"column":39}},"483":{"start":{"line":968,"column":4},"end":{"line":1045,"column":6}},"484":{"start":{"line":970,"column":27},"end":{"line":972,"column":37}},"485":{"start":{"line":973,"column":25},"end":{"line":973,"column":74}},"486":{"start":{"line":974,"column":28},"end":{"line":974,"column":74}},"487":{"start":{"line":976,"column":8},"end":{"line":1031,"column":9}},"488":{"start":{"line":977,"column":35},"end":{"line":977,"column":68}},"489":{"start":{"line":978,"column":35},"end":{"line":978,"column":66}},"490":{"start":{"line":980,"column":10},"end":{"line":1029,"column":11}},"491":{"start":{"line":981,"column":12},"end":{"line":987,"column":14}},"492":{"start":{"line":988,"column":32},"end":{"line":990,"column":13}},"493":{"start":{"line":991,"column":12},"end":{"line":994,"column":14}},"494":{"start":{"line":995,"column":12},"end":{"line":995,"column":78}},"495":{"start":{"line":998,"column":12},"end":{"line":1010,"column":21}},"496":{"start":{"line":999,"column":35},"end":{"line":1001,"column":15}},"497":{"start":{"line":1002,"column":14},"end":{"line":1009,"column":15}},"498":{"start":{"line":1003,"column":16},"end":{"line":1003,"column":46}},"499":{"start":{"line":1006,"column":16},"end":{"line":1008,"column":19}},"500":{"start":{"line":1007,"column":18},"end":{"line":1007,"column":51}},"501":{"start":{"line":1012,"column":12},"end":{"line":1019,"column":14}},"502":{"start":{"line":1020,"column":12},"end":{"line":1023,"column":14}},"503":{"start":{"line":1026,"column":12},"end":{"line":1028,"column":13}},"504":{"start":{"line":1027,"column":14},"end":{"line":1027,"column":50}},"505":{"start":{"line":1030,"column":10},"end":{"line":1030,"column":43}},"506":{"start":{"line":1034,"column":25},"end":{"line":1034,"column":74}},"507":{"start":{"line":1035,"column":8},"end":{"line":1043,"column":9}},"508":{"start":{"line":1036,"column":10},"end":{"line":1041,"column":12}},"509":{"start":{"line":1042,"column":10},"end":{"line":1042,"column":43}},"510":{"start":{"line":1049,"column":21},"end":{"line":1049,"column":63}},"511":{"start":{"line":1050,"column":20},"end":{"line":1050,"column":61}},"512":{"start":{"line":1051,"column":21},"end":{"line":1051,"column":70}},"513":{"start":{"line":1053,"column":4},"end":{"line":1056,"column":5}},"514":{"start":{"line":1054,"column":6},"end":{"line":1054,"column":32}},"515":{"start":{"line":1055,"column":6},"end":{"line":1055,"column":30}},"516":{"start":{"line":1058,"column":4},"end":{"line":1061,"column":5}},"517":{"start":{"line":1059,"column":6},"end":{"line":1060,"column":76}},"518":{"start":{"line":1063,"column":4},"end":{"line":1063,"column":39}},"519":{"start":{"line":1068,"column":4},"end":{"line":1068,"column":35}},"520":{"start":{"line":1069,"column":4},"end":{"line":1069,"column":64}},"521":{"start":{"line":1070,"column":4},"end":{"line":1070,"column":36}},"522":{"start":{"line":1073,"column":4},"end":{"line":1075,"column":70}},"523":{"start":{"line":1075,"column":40},"end":{"line":1075,"column":68}},"524":{"start":{"line":1076,"column":4},"end":{"line":1078,"column":60}},"525":{"start":{"line":1078,"column":40},"end":{"line":1078,"column":58}},"526":{"start":{"line":1082,"column":22},"end":{"line":1082,"column":24}},"527":{"start":{"line":1083,"column":26},"end":{"line":1083,"column":60}},"528":{"start":{"line":1086,"column":4},"end":{"line":1101,"column":7}},"529":{"start":{"line":1088,"column":25},"end":{"line":1088,"column":65}},"530":{"start":{"line":1088,"column":48},"end":{"line":1088,"column":64}},"531":{"start":{"line":1089,"column":27},"end":{"line":1092,"column":27}},"532":{"start":{"line":1092,"column":20},"end":{"line":1092,"column":26}},"533":{"start":{"line":1093,"column":25},"end":{"line":1093,"column":79}},"534":{"start":{"line":1095,"column":6},"end":{"line":1100,"column":9}},"535":{"start":{"line":1104,"column":4},"end":{"line":1104,"column":21}},"536":{"start":{"line":1108,"column":21},"end":{"line":1108,"column":72}},"537":{"start":{"line":1109,"column":4},"end":{"line":1109,"column":26}},"538":{"start":{"line":1109,"column":19},"end":{"line":1109,"column":26}},"539":{"start":{"line":1112,"column":25},"end":{"line":1112,"column":75}},"540":{"start":{"line":1113,"column":4},"end":{"line":1115,"column":5}},"541":{"start":{"line":1114,"column":6},"end":{"line":1114,"column":51}},"542":{"start":{"line":1118,"column":29},"end":{"line":1118,"column":73}},"543":{"start":{"line":1119,"column":4},"end":{"line":1131,"column":5}},"544":{"start":{"line":1120,"column":6},"end":{"line":1120,"column":38}},"545":{"start":{"line":1121,"column":6},"end":{"line":1130,"column":9}},"546":{"start":{"line":1122,"column":23},"end":{"line":1122,"column":55}},"547":{"start":{"line":1123,"column":8},"end":{"line":1123,"column":57}},"548":{"start":{"line":1124,"column":8},"end":{"line":1124,"column":36}},"549":{"start":{"line":1125,"column":8},"end":{"line":1125,"column":39}},"550":{"start":{"line":1126,"column":8},"end":{"line":1128,"column":10}},"551":{"start":{"line":1127,"column":10},"end":{"line":1127,"column":44}},"552":{"start":{"line":1129,"column":8},"end":{"line":1129,"column":45}},"553":{"start":{"line":1134,"column":21},"end":{"line":1134,"column":66}},"554":{"start":{"line":1135,"column":4},"end":{"line":1138,"column":5}},"555":{"start":{"line":1136,"column":6},"end":{"line":1136,"column":38}},"556":{"start":{"line":1137,"column":6},"end":{"line":1137,"column":48}},"557":{"start":{"line":1140,"column":20},"end":{"line":1140,"column":61}},"558":{"start":{"line":1141,"column":22},"end":{"line":1141,"column":65}},"559":{"start":{"line":1142,"column":4},"end":{"line":1142,"column":49}},"560":{"start":{"line":1142,"column":17},"end":{"line":1142,"column":49}},"561":{"start":{"line":1143,"column":4},"end":{"line":1143,"column":53}},"562":{"start":{"line":1143,"column":19},"end":{"line":1143,"column":53}},"563":{"start":{"line":1146,"column":27},"end":{"line":1146,"column":71}},"564":{"start":{"line":1147,"column":25},"end":{"line":1147,"column":67}},"565":{"start":{"line":1148,"column":4},"end":{"line":1149,"column":79}},"566":{"start":{"line":1149,"column":6},"end":{"line":1149,"column":79}},"567":{"start":{"line":1150,"column":4},"end":{"line":1151,"column":75}},"568":{"start":{"line":1151,"column":6},"end":{"line":1151,"column":75}},"569":{"start":{"line":1154,"column":4},"end":{"line":1159,"column":5}},"570":{"start":{"line":1155,"column":6},"end":{"line":1158,"column":8}},"571":{"start":{"line":1156,"column":14},"end":{"line":1156,"column":72}},"572":{"start":{"line":1163,"column":21},"end":{"line":1163,"column":72}},"573":{"start":{"line":1164,"column":4},"end":{"line":1164,"column":26}},"574":{"start":{"line":1164,"column":19},"end":{"line":1164,"column":26}},"575":{"start":{"line":1167,"column":37},"end":{"line":1167,"column":72}},"576":{"start":{"line":1168,"column":36},"end":{"line":1168,"column":73}},"577":{"start":{"line":1169,"column":22},"end":{"line":1169,"column":74}},"578":{"start":{"line":1171,"column":21},"end":{"line":1171,"column":66}},"579":{"start":{"line":1174,"column":4},"end":{"line":1184,"column":7}},"580":{"start":{"line":1175,"column":6},"end":{"line":1175,"column":29}},"581":{"start":{"line":1176,"column":6},"end":{"line":1176,"column":54}},"582":{"start":{"line":1178,"column":27},"end":{"line":1178,"column":69}},"583":{"start":{"line":1179,"column":6},"end":{"line":1183,"column":7}},"584":{"start":{"line":1180,"column":8},"end":{"line":1180,"column":40}},"585":{"start":{"line":1181,"column":13},"end":{"line":1183,"column":7}},"586":{"start":{"line":1182,"column":8},"end":{"line":1182,"column":42}},"587":{"start":{"line":1186,"column":4},"end":{"line":1208,"column":5}},"588":{"start":{"line":1187,"column":6},"end":{"line":1187,"column":76}},"589":{"start":{"line":1188,"column":21},"end":{"line":1190,"column":7}},"590":{"start":{"line":1191,"column":6},"end":{"line":1191,"column":69}},"591":{"start":{"line":1193,"column":36},"end":{"line":1193,"column":78}},"592":{"start":{"line":1194,"column":6},"end":{"line":1196,"column":7}},"593":{"start":{"line":1195,"column":8},"end":{"line":1195,"column":57}},"594":{"start":{"line":1197,"column":6},"end":{"line":1197,"column":69}},"595":{"start":{"line":1199,"column":6},"end":{"line":1203,"column":8}},"596":{"start":{"line":1204,"column":6},"end":{"line":1207,"column":8}},"597":{"start":{"line":1211,"column":4},"end":{"line":1220,"column":13}},"598":{"start":{"line":1212,"column":22},"end":{"line":1212,"column":63}},"599":{"start":{"line":1213,"column":24},"end":{"line":1213,"column":67}},"600":{"start":{"line":1215,"column":6},"end":{"line":1219,"column":7}},"601":{"start":{"line":1216,"column":8},"end":{"line":1216,"column":56}},"602":{"start":{"line":1216,"column":21},"end":{"line":1216,"column":56}},"603":{"start":{"line":1218,"column":8},"end":{"line":1218,"column":60}},"604":{"start":{"line":1218,"column":23},"end":{"line":1218,"column":60}},"605":{"start":{"line":1224,"column":4},"end":{"line":1224,"column":33}},"606":{"start":{"line":1225,"column":4},"end":{"line":1225,"column":36}},"607":{"start":{"line":1229,"column":23},"end":{"line":1229,"column":52}},"608":{"start":{"line":1231,"column":6},"end":{"line":1231,"column":69}},"609":{"start":{"line":1232,"column":23},"end":{"line":1232,"column":69}},"610":{"start":{"line":1234,"column":30},"end":{"line":1234,"column":68}},"611":{"start":{"line":1235,"column":4},"end":{"line":1237,"column":5}},"612":{"start":{"line":1236,"column":6},"end":{"line":1236,"column":95}},"613":{"start":{"line":1240,"column":25},"end":{"line":1244,"column":5}},"614":{"start":{"line":1246,"column":34},"end":{"line":1246,"column":73}},"615":{"start":{"line":1247,"column":4},"end":{"line":1255,"column":5}},"616":{"start":{"line":1248,"column":6},"end":{"line":1248,"column":43}},"617":{"start":{"line":1249,"column":6},"end":{"line":1254,"column":9}},"618":{"start":{"line":1250,"column":22},"end":{"line":1250,"column":52}},"619":{"start":{"line":1251,"column":8},"end":{"line":1251,"column":46}},"620":{"start":{"line":1252,"column":8},"end":{"line":1252,"column":40}},"621":{"start":{"line":1253,"column":8},"end":{"line":1253,"column":49}},"622":{"start":{"line":1257,"column":4},"end":{"line":1257,"column":48}},"623":{"start":{"line":1260,"column":4},"end":{"line":1263,"column":6}},"624":{"start":{"line":1269,"column":4},"end":{"line":1272,"column":7}},"625":{"start":{"line":1270,"column":6},"end":{"line":1270,"column":32}},"626":{"start":{"line":1271,"column":6},"end":{"line":1271,"column":52}},"627":{"start":{"line":1275,"column":4},"end":{"line":1278,"column":7}},"628":{"start":{"line":1276,"column":6},"end":{"line":1276,"column":27}},"629":{"start":{"line":1277,"column":6},"end":{"line":1277,"column":50}},"630":{"start":{"line":1283,"column":4},"end":{"line":1283,"column":35}},"631":{"start":{"line":1284,"column":4},"end":{"line":1284,"column":33}},"632":{"start":{"line":1285,"column":4},"end":{"line":1285,"column":64}},"633":{"start":{"line":1286,"column":4},"end":{"line":1286,"column":36}},"634":{"start":{"line":1289,"column":34},"end":{"line":1289,"column":76}},"635":{"start":{"line":1290,"column":4},"end":{"line":1292,"column":5}},"636":{"start":{"line":1291,"column":6},"end":{"line":1291,"column":46}},"637":{"start":{"line":1297,"column":4},"end":{"line":1297,"column":30}},"638":{"start":{"line":1298,"column":4},"end":{"line":1298,"column":35}},"639":{"start":{"line":1299,"column":4},"end":{"line":1299,"column":33}},"640":{"start":{"line":1300,"column":4},"end":{"line":1300,"column":30}},"641":{"start":{"line":1302,"column":4},"end":{"line":1302,"column":28}},"642":{"start":{"line":1307,"column":4},"end":{"line":1318,"column":5}},"643":{"start":{"line":1309,"column":8},"end":{"line":1309,"column":34}},"644":{"start":{"line":1310,"column":8},"end":{"line":1310,"column":34}},"645":{"start":{"line":1311,"column":8},"end":{"line":1311,"column":14}},"646":{"start":{"line":1313,"column":8},"end":{"line":1313,"column":34}},"647":{"start":{"line":1314,"column":8},"end":{"line":1314,"column":14}},"648":{"start":{"line":1316,"column":8},"end":{"line":1316,"column":33}},"649":{"start":{"line":1317,"column":8},"end":{"line":1317,"column":14}},"650":{"start":{"line":1324,"column":4},"end":{"line":1324,"column":33}},"651":{"start":{"line":1325,"column":4},"end":{"line":1325,"column":44}},"652":{"start":{"line":1328,"column":4},"end":{"line":1330,"column":7}},"653":{"start":{"line":1329,"column":6},"end":{"line":1329,"column":39}},"654":{"start":{"line":1333,"column":4},"end":{"line":1333,"column":28}},"655":{"start":{"line":1336,"column":4},"end":{"line":1336,"column":29}},"656":{"start":{"line":1337,"column":4},"end":{"line":1337,"column":30}},"657":{"start":{"line":1338,"column":4},"end":{"line":1338,"column":34}},"658":{"start":{"line":1341,"column":22},"end":{"line":1341,"column":60}},"659":{"start":{"line":1342,"column":4},"end":{"line":1345,"column":7}},"660":{"start":{"line":1343,"column":6},"end":{"line":1343,"column":38}},"661":{"start":{"line":1344,"column":6},"end":{"line":1344,"column":32}},"662":{"start":{"line":1348,"column":4},"end":{"line":1348,"column":37}},"663":{"start":{"line":1349,"column":4},"end":{"line":1349,"column":25}},"664":{"start":{"line":1354,"column":0},"end":{"line":1356,"column":3}},"665":{"start":{"line":1355,"column":2},"end":{"line":1355,"column":37}}},"fnMap":{"0":{"name":"(anonymous_0)","decl":{"start":{"line":9,"column":2},"end":{"line":9,"column":3}},"loc":{"start":{"line":9,"column":16},"end":{"line":27,"column":3}},"line":9},"1":{"name":"(anonymous_1)","decl":{"start":{"line":29,"column":2},"end":{"line":29,"column":3}},"loc":{"start":{"line":29,"column":18},"end":{"line":41,"column":3}},"line":29},"2":{"name":"(anonymous_2)","decl":{"start":{"line":43,"column":2},"end":{"line":43,"column":3}},"loc":{"start":{"line":43,"column":17},"end":{"line":48,"column":3}},"line":43},"3":{"name":"(anonymous_3)","decl":{"start":{"line":50,"column":2},"end":{"line":50,"column":3}},"loc":{"start":{"line":50,"column":17},"end":{"line":52,"column":3}},"line":50},"4":{"name":"(anonymous_4)","decl":{"start":{"line":55,"column":2},"end":{"line":55,"column":3}},"loc":{"start":{"line":55,"column":24},"end":{"line":122,"column":3}},"line":55},"5":{"name":"(anonymous_5)","decl":{"start":{"line":59,"column":68},"end":{"line":59,"column":69}},"loc":{"start":{"line":59,"column":74},"end":{"line":64,"column":5}},"line":59},"6":{"name":"(anonymous_6)","decl":{"start":{"line":66,"column":68},"end":{"line":66,"column":69}},"loc":{"start":{"line":66,"column":74},"end":{"line":71,"column":5}},"line":66},"7":{"name":"(anonymous_7)","decl":{"start":{"line":76,"column":34},"end":{"line":76,"column":35}},"loc":{"start":{"line":76,"column":40},"end":{"line":79,"column":7}},"line":76},"8":{"name":"(anonymous_8)","decl":{"start":{"line":81,"column":68},"end":{"line":81,"column":69}},"loc":{"start":{"line":81,"column":74},"end":{"line":84,"column":5}},"line":81},"9":{"name":"(anonymous_9)","decl":{"start":{"line":88,"column":34},"end":{"line":88,"column":35}},"loc":{"start":{"line":88,"column":40},"end":{"line":91,"column":7}},"line":88},"10":{"name":"(anonymous_10)","decl":{"start":{"line":93,"column":71},"end":{"line":93,"column":72}},"loc":{"start":{"line":93,"column":77},"end":{"line":96,"column":5}},"line":93},"11":{"name":"(anonymous_11)","decl":{"start":{"line":100,"column":34},"end":{"line":100,"column":35}},"loc":{"start":{"line":100,"column":40},"end":{"line":103,"column":7}},"line":100},"12":{"name":"(anonymous_12)","decl":{"start":{"line":106,"column":72},"end":{"line":106,"column":73}},"loc":{"start":{"line":106,"column":79},"end":{"line":109,"column":5}},"line":106},"13":{"name":"(anonymous_13)","decl":{"start":{"line":111,"column":71},"end":{"line":111,"column":72}},"loc":{"start":{"line":111,"column":78},"end":{"line":114,"column":5}},"line":111},"14":{"name":"(anonymous_14)","decl":{"start":{"line":118,"column":35},"end":{"line":118,"column":36}},"loc":{"start":{"line":118,"column":42},"end":{"line":121,"column":7}},"line":118},"15":{"name":"(anonymous_15)","decl":{"start":{"line":124,"column":2},"end":{"line":124,"column":3}},"loc":{"start":{"line":124,"column":23},"end":{"line":162,"column":3}},"line":124},"16":{"name":"(anonymous_16)","decl":{"start":{"line":158,"column":8},"end":{"line":158,"column":9}},"loc":{"start":{"line":158,"column":14},"end":{"line":158,"column":70}},"line":158},"17":{"name":"(anonymous_17)","decl":{"start":{"line":165,"column":2},"end":{"line":165,"column":3}},"loc":{"start":{"line":165,"column":27},"end":{"line":184,"column":3}},"line":165},"18":{"name":"(anonymous_18)","decl":{"start":{"line":170,"column":55},"end":{"line":170,"column":56}},"loc":{"start":{"line":170,"column":67},"end":{"line":177,"column":5}},"line":170},"19":{"name":"(anonymous_19)","decl":{"start":{"line":171,"column":39},"end":{"line":171,"column":40}},"loc":{"start":{"line":171,"column":45},"end":{"line":176,"column":7}},"line":171},"20":{"name":"(anonymous_20)","decl":{"start":{"line":187,"column":2},"end":{"line":187,"column":3}},"loc":{"start":{"line":187,"column":32},"end":{"line":202,"column":3}},"line":187},"21":{"name":"(anonymous_21)","decl":{"start":{"line":204,"column":2},"end":{"line":204,"column":3}},"loc":{"start":{"line":204,"column":29},"end":{"line":215,"column":3}},"line":204},"22":{"name":"(anonymous_22)","decl":{"start":{"line":206,"column":51},"end":{"line":206,"column":52}},"loc":{"start":{"line":206,"column":65},"end":{"line":208,"column":5}},"line":206},"23":{"name":"(anonymous_23)","decl":{"start":{"line":218,"column":2},"end":{"line":218,"column":3}},"loc":{"start":{"line":218,"column":27},"end":{"line":223,"column":3}},"line":218},"24":{"name":"(anonymous_24)","decl":{"start":{"line":221,"column":34},"end":{"line":221,"column":35}},"loc":{"start":{"line":221,"column":40},"end":{"line":221,"column":59}},"line":221},"25":{"name":"(anonymous_25)","decl":{"start":{"line":225,"column":2},"end":{"line":225,"column":3}},"loc":{"start":{"line":225,"column":22},"end":{"line":322,"column":3}},"line":225},"26":{"name":"(anonymous_26)","decl":{"start":{"line":243,"column":15},"end":{"line":243,"column":16}},"loc":{"start":{"line":243,"column":28},"end":{"line":251,"column":7}},"line":243},"27":{"name":"(anonymous_27)","decl":{"start":{"line":254,"column":26},"end":{"line":254,"column":27}},"loc":{"start":{"line":254,"column":36},"end":{"line":272,"column":5}},"line":254},"28":{"name":"(anonymous_28)","decl":{"start":{"line":263,"column":41},"end":{"line":263,"column":42}},"loc":{"start":{"line":263,"column":48},"end":{"line":267,"column":7}},"line":263},"29":{"name":"(anonymous_29)","decl":{"start":{"line":269,"column":39},"end":{"line":269,"column":40}},"loc":{"start":{"line":269,"column":45},"end":{"line":271,"column":7}},"line":269},"30":{"name":"(anonymous_30)","decl":{"start":{"line":275,"column":52},"end":{"line":275,"column":53}},"loc":{"start":{"line":275,"column":62},"end":{"line":321,"column":5}},"line":275},"31":{"name":"(anonymous_31)","decl":{"start":{"line":284,"column":44},"end":{"line":284,"column":45}},"loc":{"start":{"line":284,"column":51},"end":{"line":287,"column":7}},"line":284},"32":{"name":"(anonymous_32)","decl":{"start":{"line":289,"column":45},"end":{"line":289,"column":46}},"loc":{"start":{"line":289,"column":51},"end":{"line":291,"column":7}},"line":289},"33":{"name":"(anonymous_33)","decl":{"start":{"line":293,"column":40},"end":{"line":293,"column":41}},"loc":{"start":{"line":293,"column":47},"end":{"line":320,"column":7}},"line":293},"34":{"name":"(anonymous_34)","decl":{"start":{"line":324,"column":2},"end":{"line":324,"column":3}},"loc":{"start":{"line":324,"column":17},"end":{"line":386,"column":3}},"line":324},"35":{"name":"(anonymous_35)","decl":{"start":{"line":329,"column":22},"end":{"line":329,"column":23}},"loc":{"start":{"line":329,"column":32},"end":{"line":353,"column":5}},"line":329},"36":{"name":"(anonymous_36)","decl":{"start":{"line":366,"column":17},"end":{"line":366,"column":18}},"loc":{"start":{"line":366,"column":23},"end":{"line":378,"column":7}},"line":366},"37":{"name":"(anonymous_37)","decl":{"start":{"line":374,"column":57},"end":{"line":374,"column":58}},"loc":{"start":{"line":374,"column":71},"end":{"line":376,"column":11}},"line":374},"38":{"name":"(anonymous_38)","decl":{"start":{"line":384,"column":17},"end":{"line":384,"column":18}},"loc":{"start":{"line":384,"column":23},"end":{"line":384,"column":47}},"line":384},"39":{"name":"(anonymous_39)","decl":{"start":{"line":389,"column":2},"end":{"line":389,"column":3}},"loc":{"start":{"line":389,"column":28},"end":{"line":408,"column":3}},"line":389},"40":{"name":"(anonymous_40)","decl":{"start":{"line":392,"column":34},"end":{"line":392,"column":35}},"loc":{"start":{"line":392,"column":40},"end":{"line":392,"column":63}},"line":392},"41":{"name":"(anonymous_41)","decl":{"start":{"line":393,"column":72},"end":{"line":393,"column":73}},"loc":{"start":{"line":393,"column":78},"end":{"line":401,"column":5}},"line":393},"42":{"name":"(anonymous_42)","decl":{"start":{"line":405,"column":34},"end":{"line":405,"column":35}},"loc":{"start":{"line":405,"column":40},"end":{"line":405,"column":58}},"line":405},"43":{"name":"(anonymous_43)","decl":{"start":{"line":410,"column":2},"end":{"line":410,"column":3}},"loc":{"start":{"line":410,"column":23},"end":{"line":443,"column":3}},"line":410},"44":{"name":"(anonymous_44)","decl":{"start":{"line":439,"column":8},"end":{"line":439,"column":9}},"loc":{"start":{"line":439,"column":14},"end":{"line":439,"column":78}},"line":439},"45":{"name":"(anonymous_45)","decl":{"start":{"line":445,"column":2},"end":{"line":445,"column":3}},"loc":{"start":{"line":445,"column":30},"end":{"line":463,"column":3}},"line":445},"46":{"name":"(anonymous_46)","decl":{"start":{"line":453,"column":29},"end":{"line":453,"column":30}},"loc":{"start":{"line":453,"column":48},"end":{"line":462,"column":5}},"line":453},"47":{"name":"(anonymous_47)","decl":{"start":{"line":460,"column":39},"end":{"line":460,"column":40}},"loc":{"start":{"line":460,"column":45},"end":{"line":460,"column":70}},"line":460},"48":{"name":"(anonymous_48)","decl":{"start":{"line":465,"column":2},"end":{"line":465,"column":3}},"loc":{"start":{"line":465,"column":30},"end":{"line":478,"column":3}},"line":465},"49":{"name":"(anonymous_49)","decl":{"start":{"line":475,"column":37},"end":{"line":475,"column":38}},"loc":{"start":{"line":475,"column":43},"end":{"line":475,"column":65}},"line":475},"50":{"name":"(anonymous_50)","decl":{"start":{"line":480,"column":2},"end":{"line":480,"column":3}},"loc":{"start":{"line":480,"column":23},"end":{"line":503,"column":3}},"line":480},"51":{"name":"(anonymous_51)","decl":{"start":{"line":505,"column":2},"end":{"line":505,"column":3}},"loc":{"start":{"line":505,"column":27},"end":{"line":529,"column":3}},"line":505},"52":{"name":"(anonymous_52)","decl":{"start":{"line":513,"column":20},"end":{"line":513,"column":21}},"loc":{"start":{"line":513,"column":27},"end":{"line":517,"column":5}},"line":513},"53":{"name":"(anonymous_53)","decl":{"start":{"line":531,"column":2},"end":{"line":531,"column":3}},"loc":{"start":{"line":531,"column":22},"end":{"line":544,"column":3}},"line":531},"54":{"name":"(anonymous_54)","decl":{"start":{"line":546,"column":2},"end":{"line":546,"column":3}},"loc":{"start":{"line":546,"column":16},"end":{"line":566,"column":3}},"line":546},"55":{"name":"(anonymous_55)","decl":{"start":{"line":556,"column":54},"end":{"line":556,"column":55}},"loc":{"start":{"line":556,"column":64},"end":{"line":560,"column":5}},"line":556},"56":{"name":"(anonymous_56)","decl":{"start":{"line":563,"column":56},"end":{"line":563,"column":57}},"loc":{"start":{"line":563,"column":68},"end":{"line":565,"column":5}},"line":563},"57":{"name":"(anonymous_57)","decl":{"start":{"line":568,"column":2},"end":{"line":568,"column":3}},"loc":{"start":{"line":568,"column":21},"end":{"line":642,"column":3}},"line":568},"58":{"name":"(anonymous_58)","decl":{"start":{"line":611,"column":17},"end":{"line":611,"column":18}},"loc":{"start":{"line":611,"column":23},"end":{"line":623,"column":7}},"line":611},"59":{"name":"(anonymous_59)","decl":{"start":{"line":619,"column":57},"end":{"line":619,"column":58}},"loc":{"start":{"line":619,"column":71},"end":{"line":621,"column":11}},"line":619},"60":{"name":"(anonymous_60)","decl":{"start":{"line":640,"column":17},"end":{"line":640,"column":18}},"loc":{"start":{"line":640,"column":23},"end":{"line":640,"column":41}},"line":640},"61":{"name":"(anonymous_61)","decl":{"start":{"line":644,"column":2},"end":{"line":644,"column":3}},"loc":{"start":{"line":644,"column":25},"end":{"line":658,"column":3}},"line":644},"62":{"name":"(anonymous_62)","decl":{"start":{"line":646,"column":61},"end":{"line":646,"column":62}},"loc":{"start":{"line":646,"column":78},"end":{"line":657,"column":5}},"line":646},"63":{"name":"(anonymous_63)","decl":{"start":{"line":647,"column":17},"end":{"line":647,"column":18}},"loc":{"start":{"line":647,"column":23},"end":{"line":656,"column":7}},"line":647},"64":{"name":"(anonymous_64)","decl":{"start":{"line":651,"column":10},"end":{"line":651,"column":11}},"loc":{"start":{"line":651,"column":16},"end":{"line":653,"column":11}},"line":651},"65":{"name":"(anonymous_65)","decl":{"start":{"line":661,"column":2},"end":{"line":661,"column":3}},"loc":{"start":{"line":661,"column":31},"end":{"line":678,"column":3}},"line":661},"66":{"name":"(anonymous_66)","decl":{"start":{"line":664,"column":34},"end":{"line":664,"column":35}},"loc":{"start":{"line":664,"column":40},"end":{"line":671,"column":7}},"line":664},"67":{"name":"(anonymous_67)","decl":{"start":{"line":675,"column":34},"end":{"line":675,"column":35}},"loc":{"start":{"line":675,"column":40},"end":{"line":675,"column":68}},"line":675},"68":{"name":"(anonymous_68)","decl":{"start":{"line":680,"column":2},"end":{"line":680,"column":3}},"loc":{"start":{"line":680,"column":26},"end":{"line":732,"column":3}},"line":680},"69":{"name":"(anonymous_69)","decl":{"start":{"line":728,"column":8},"end":{"line":728,"column":9}},"loc":{"start":{"line":728,"column":14},"end":{"line":728,"column":78}},"line":728},"70":{"name":"(anonymous_70)","decl":{"start":{"line":734,"column":2},"end":{"line":734,"column":3}},"loc":{"start":{"line":734,"column":28},"end":{"line":753,"column":3}},"line":734},"71":{"name":"(anonymous_71)","decl":{"start":{"line":755,"column":2},"end":{"line":755,"column":3}},"loc":{"start":{"line":755,"column":26},"end":{"line":786,"column":3}},"line":755},"72":{"name":"(anonymous_72)","decl":{"start":{"line":777,"column":28},"end":{"line":777,"column":29}},"loc":{"start":{"line":777,"column":40},"end":{"line":785,"column":5}},"line":777},"73":{"name":"(anonymous_73)","decl":{"start":{"line":783,"column":39},"end":{"line":783,"column":40}},"loc":{"start":{"line":783,"column":45},"end":{"line":783,"column":76}},"line":783},"74":{"name":"(anonymous_74)","decl":{"start":{"line":788,"column":2},"end":{"line":788,"column":3}},"loc":{"start":{"line":788,"column":29},"end":{"line":857,"column":3}},"line":788},"75":{"name":"(anonymous_75)","decl":{"start":{"line":794,"column":23},"end":{"line":794,"column":24}},"loc":{"start":{"line":794,"column":33},"end":{"line":794,"column":52}},"line":794},"76":{"name":"(anonymous_76)","decl":{"start":{"line":820,"column":17},"end":{"line":820,"column":18}},"loc":{"start":{"line":820,"column":23},"end":{"line":822,"column":7}},"line":820},"77":{"name":"(anonymous_77)","decl":{"start":{"line":828,"column":25},"end":{"line":828,"column":26}},"loc":{"start":{"line":828,"column":34},"end":{"line":832,"column":7}},"line":828},"78":{"name":"(anonymous_78)","decl":{"start":{"line":853,"column":17},"end":{"line":853,"column":18}},"loc":{"start":{"line":853,"column":23},"end":{"line":855,"column":7}},"line":853},"79":{"name":"(anonymous_79)","decl":{"start":{"line":860,"column":2},"end":{"line":860,"column":3}},"loc":{"start":{"line":860,"column":32},"end":{"line":908,"column":3}},"line":860},"80":{"name":"(anonymous_80)","decl":{"start":{"line":872,"column":34},"end":{"line":872,"column":35}},"loc":{"start":{"line":872,"column":40},"end":{"line":872,"column":61}},"line":872},"81":{"name":"(anonymous_81)","decl":{"start":{"line":875,"column":34},"end":{"line":875,"column":35}},"loc":{"start":{"line":875,"column":40},"end":{"line":875,"column":60}},"line":875},"82":{"name":"(anonymous_82)","decl":{"start":{"line":878,"column":34},"end":{"line":878,"column":35}},"loc":{"start":{"line":878,"column":40},"end":{"line":885,"column":7}},"line":878},"83":{"name":"(anonymous_83)","decl":{"start":{"line":892,"column":42},"end":{"line":892,"column":43}},"loc":{"start":{"line":892,"column":48},"end":{"line":892,"column":77}},"line":892},"84":{"name":"(anonymous_84)","decl":{"start":{"line":910,"column":2},"end":{"line":910,"column":3}},"loc":{"start":{"line":910,"column":27},"end":{"line":950,"column":3}},"line":910},"85":{"name":"(anonymous_85)","decl":{"start":{"line":948,"column":17},"end":{"line":948,"column":18}},"loc":{"start":{"line":948,"column":23},"end":{"line":948,"column":73}},"line":948},"86":{"name":"(anonymous_86)","decl":{"start":{"line":952,"column":2},"end":{"line":952,"column":3}},"loc":{"start":{"line":952,"column":19},"end":{"line":1046,"column":3}},"line":952},"87":{"name":"(anonymous_87)","decl":{"start":{"line":969,"column":6},"end":{"line":969,"column":7}},"loc":{"start":{"line":969,"column":24},"end":{"line":1032,"column":7}},"line":969},"88":{"name":"(anonymous_88)","decl":{"start":{"line":998,"column":23},"end":{"line":998,"column":24}},"loc":{"start":{"line":998,"column":29},"end":{"line":1010,"column":13}},"line":998},"89":{"name":"(anonymous_89)","decl":{"start":{"line":1006,"column":63},"end":{"line":1006,"column":64}},"loc":{"start":{"line":1006,"column":77},"end":{"line":1008,"column":17}},"line":1006},"90":{"name":"(anonymous_90)","decl":{"start":{"line":1033,"column":6},"end":{"line":1033,"column":7}},"loc":{"start":{"line":1033,"column":17},"end":{"line":1044,"column":7}},"line":1033},"91":{"name":"(anonymous_91)","decl":{"start":{"line":1048,"column":2},"end":{"line":1048,"column":3}},"loc":{"start":{"line":1048,"column":18},"end":{"line":1064,"column":3}},"line":1048},"92":{"name":"(anonymous_92)","decl":{"start":{"line":1067,"column":2},"end":{"line":1067,"column":3}},"loc":{"start":{"line":1067,"column":28},"end":{"line":1079,"column":3}},"line":1067},"93":{"name":"(anonymous_93)","decl":{"start":{"line":1075,"column":34},"end":{"line":1075,"column":35}},"loc":{"start":{"line":1075,"column":40},"end":{"line":1075,"column":68}},"line":1075},"94":{"name":"(anonymous_94)","decl":{"start":{"line":1078,"column":34},"end":{"line":1078,"column":35}},"loc":{"start":{"line":1078,"column":40},"end":{"line":1078,"column":58}},"line":1078},"95":{"name":"(anonymous_95)","decl":{"start":{"line":1081,"column":2},"end":{"line":1081,"column":3}},"loc":{"start":{"line":1081,"column":31},"end":{"line":1105,"column":3}},"line":1081},"96":{"name":"(anonymous_96)","decl":{"start":{"line":1086,"column":26},"end":{"line":1086,"column":27}},"loc":{"start":{"line":1086,"column":36},"end":{"line":1101,"column":5}},"line":1086},"97":{"name":"(anonymous_97)","decl":{"start":{"line":1088,"column":41},"end":{"line":1088,"column":42}},"loc":{"start":{"line":1088,"column":48},"end":{"line":1088,"column":64}},"line":1088},"98":{"name":"(anonymous_98)","decl":{"start":{"line":1092,"column":13},"end":{"line":1092,"column":14}},"loc":{"start":{"line":1092,"column":20},"end":{"line":1092,"column":26}},"line":1092},"99":{"name":"(anonymous_99)","decl":{"start":{"line":1107,"column":2},"end":{"line":1107,"column":3}},"loc":{"start":{"line":1107,"column":29},"end":{"line":1160,"column":3}},"line":1107},"100":{"name":"(anonymous_100)","decl":{"start":{"line":1121,"column":31},"end":{"line":1121,"column":32}},"loc":{"start":{"line":1121,"column":43},"end":{"line":1130,"column":7}},"line":1121},"101":{"name":"(anonymous_101)","decl":{"start":{"line":1126,"column":41},"end":{"line":1126,"column":42}},"loc":{"start":{"line":1127,"column":10},"end":{"line":1127,"column":44}},"line":1127},"102":{"name":"(anonymous_102)","decl":{"start":{"line":1156,"column":8},"end":{"line":1156,"column":9}},"loc":{"start":{"line":1156,"column":14},"end":{"line":1156,"column":72}},"line":1156},"103":{"name":"(anonymous_103)","decl":{"start":{"line":1162,"column":2},"end":{"line":1162,"column":3}},"loc":{"start":{"line":1162,"column":40},"end":{"line":1221,"column":3}},"line":1162},"104":{"name":"(anonymous_104)","decl":{"start":{"line":1174,"column":53},"end":{"line":1174,"column":54}},"loc":{"start":{"line":1174,"column":65},"end":{"line":1184,"column":5}},"line":1174},"105":{"name":"(anonymous_105)","decl":{"start":{"line":1211,"column":15},"end":{"line":1211,"column":16}},"loc":{"start":{"line":1211,"column":21},"end":{"line":1220,"column":5}},"line":1211},"106":{"name":"(anonymous_106)","decl":{"start":{"line":1223,"column":2},"end":{"line":1223,"column":3}},"loc":{"start":{"line":1223,"column":26},"end":{"line":1226,"column":3}},"line":1223},"107":{"name":"(anonymous_107)","decl":{"start":{"line":1228,"column":2},"end":{"line":1228,"column":3}},"loc":{"start":{"line":1228,"column":16},"end":{"line":1264,"column":3}},"line":1228},"108":{"name":"(anonymous_108)","decl":{"start":{"line":1249,"column":27},"end":{"line":1249,"column":28}},"loc":{"start":{"line":1249,"column":44},"end":{"line":1254,"column":7}},"line":1249},"109":{"name":"(anonymous_109)","decl":{"start":{"line":1267,"column":2},"end":{"line":1267,"column":3}},"loc":{"start":{"line":1267,"column":28},"end":{"line":1279,"column":3}},"line":1267},"110":{"name":"(anonymous_110)","decl":{"start":{"line":1269,"column":69},"end":{"line":1269,"column":70}},"loc":{"start":{"line":1269,"column":75},"end":{"line":1272,"column":5}},"line":1269},"111":{"name":"(anonymous_111)","decl":{"start":{"line":1275,"column":71},"end":{"line":1275,"column":72}},"loc":{"start":{"line":1275,"column":77},"end":{"line":1278,"column":5}},"line":1275},"112":{"name":"(anonymous_112)","decl":{"start":{"line":1282,"column":2},"end":{"line":1282,"column":3}},"loc":{"start":{"line":1282,"column":23},"end":{"line":1293,"column":3}},"line":1282},"113":{"name":"(anonymous_113)","decl":{"start":{"line":1296,"column":2},"end":{"line":1296,"column":3}},"loc":{"start":{"line":1296,"column":18},"end":{"line":1303,"column":3}},"line":1296},"114":{"name":"(anonymous_114)","decl":{"start":{"line":1306,"column":2},"end":{"line":1306,"column":3}},"loc":{"start":{"line":1306,"column":18},"end":{"line":1319,"column":3}},"line":1306},"115":{"name":"(anonymous_115)","decl":{"start":{"line":1322,"column":2},"end":{"line":1322,"column":3}},"loc":{"start":{"line":1322,"column":22},"end":{"line":1350,"column":3}},"line":1322},"116":{"name":"(anonymous_116)","decl":{"start":{"line":1328,"column":51},"end":{"line":1328,"column":52}},"loc":{"start":{"line":1328,"column":65},"end":{"line":1330,"column":5}},"line":1328},"117":{"name":"(anonymous_117)","decl":{"start":{"line":1342,"column":22},"end":{"line":1342,"column":23}},"loc":{"start":{"line":1342,"column":36},"end":{"line":1345,"column":5}},"line":1342},"118":{"name":"(anonymous_118)","decl":{"start":{"line":1354,"column":46},"end":{"line":1354,"column":47}},"loc":{"start":{"line":1354,"column":52},"end":{"line":1356,"column":1}},"line":1354}},"branchMap":{"0":{"loc":{"start":{"line":45,"column":4},"end":{"line":47,"column":5}},"type":"if","locations":[{"start":{"line":45,"column":4},"end":{"line":47,"column":5}},{"start":{},"end":{}}],"line":45},"1":{"loc":{"start":{"line":60,"column":6},"end":{"line":63,"column":7}},"type":"if","locations":[{"start":{"line":60,"column":6},"end":{"line":63,"column":7}},{"start":{},"end":{}}],"line":60},"2":{"loc":{"start":{"line":67,"column":6},"end":{"line":70,"column":7}},"type":"if","locations":[{"start":{"line":67,"column":6},"end":{"line":70,"column":7}},{"start":{},"end":{}}],"line":67},"3":{"loc":{"start":{"line":140,"column":4},"end":{"line":141,"column":74}},"type":"if","locations":[{"start":{"line":140,"column":4},"end":{"line":141,"column":74}},{"start":{},"end":{}}],"line":140},"4":{"loc":{"start":{"line":142,"column":4},"end":{"line":142,"column":76}},"type":"if","locations":[{"start":{"line":142,"column":4},"end":{"line":142,"column":76}},{"start":{},"end":{}}],"line":142},"5":{"loc":{"start":{"line":143,"column":4},"end":{"line":146,"column":5}},"type":"if","locations":[{"start":{"line":143,"column":4},"end":{"line":146,"column":5}},{"start":{},"end":{}}],"line":143},"6":{"loc":{"start":{"line":151,"column":4},"end":{"line":151,"column":70}},"type":"if","locations":[{"start":{"line":151,"column":4},"end":{"line":151,"column":70}},{"start":{},"end":{}}],"line":151},"7":{"loc":{"start":{"line":152,"column":4},"end":{"line":153,"column":74}},"type":"if","locations":[{"start":{"line":152,"column":4},"end":{"line":153,"column":74}},{"start":{},"end":{}}],"line":152},"8":{"loc":{"start":{"line":156,"column":4},"end":{"line":161,"column":5}},"type":"if","locations":[{"start":{"line":156,"column":4},"end":{"line":161,"column":5}},{"start":{},"end":{}}],"line":156},"9":{"loc":{"start":{"line":188,"column":4},"end":{"line":201,"column":5}},"type":"switch","locations":[{"start":{"line":189,"column":6},"end":{"line":191,"column":14}},{"start":{"line":192,"column":6},"end":{"line":194,"column":14}},{"start":{"line":195,"column":6},"end":{"line":197,"column":14}},{"start":{"line":198,"column":6},"end":{"line":200,"column":14}}],"line":188},"10":{"loc":{"start":{"line":212,"column":4},"end":{"line":214,"column":5}},"type":"if","locations":[{"start":{"line":212,"column":4},"end":{"line":214,"column":5}},{"start":{},"end":{}}],"line":212},"11":{"loc":{"start":{"line":233,"column":4},"end":{"line":233,"column":55}},"type":"if","locations":[{"start":{"line":233,"column":4},"end":{"line":233,"column":55}},{"start":{},"end":{}}],"line":233},"12":{"loc":{"start":{"line":233,"column":8},"end":{"line":233,"column":46}},"type":"binary-expr","locations":[{"start":{"line":233,"column":8},"end":{"line":233,"column":28}},{"start":{"line":233,"column":32},"end":{"line":233,"column":46}}],"line":233},"13":{"loc":{"start":{"line":304,"column":8},"end":{"line":306,"column":9}},"type":"if","locations":[{"start":{"line":304,"column":8},"end":{"line":306,"column":9}},{"start":{},"end":{}}],"line":304},"14":{"loc":{"start":{"line":312,"column":8},"end":{"line":314,"column":9}},"type":"if","locations":[{"start":{"line":312,"column":8},"end":{"line":314,"column":9}},{"start":{},"end":{}}],"line":312},"15":{"loc":{"start":{"line":333,"column":6},"end":{"line":352,"column":7}},"type":"if","locations":[{"start":{"line":333,"column":6},"end":{"line":352,"column":7}},{"start":{"line":343,"column":13},"end":{"line":352,"column":7}}],"line":333},"16":{"loc":{"start":{"line":338,"column":8},"end":{"line":341,"column":9}},"type":"if","locations":[{"start":{"line":338,"column":8},"end":{"line":341,"column":9}},{"start":{},"end":{}}],"line":338},"17":{"loc":{"start":{"line":343,"column":13},"end":{"line":352,"column":7}},"type":"if","locations":[{"start":{"line":343,"column":13},"end":{"line":352,"column":7}},{"start":{},"end":{}}],"line":343},"18":{"loc":{"start":{"line":348,"column":8},"end":{"line":351,"column":9}},"type":"if","locations":[{"start":{"line":348,"column":8},"end":{"line":351,"column":9}},{"start":{},"end":{}}],"line":348},"19":{"loc":{"start":{"line":359,"column":4},"end":{"line":385,"column":5}},"type":"if","locations":[{"start":{"line":359,"column":4},"end":{"line":385,"column":5}},{"start":{"line":379,"column":11},"end":{"line":385,"column":5}}],"line":359},"20":{"loc":{"start":{"line":370,"column":8},"end":{"line":377,"column":9}},"type":"if","locations":[{"start":{"line":370,"column":8},"end":{"line":377,"column":9}},{"start":{"line":372,"column":15},"end":{"line":377,"column":9}}],"line":370},"21":{"loc":{"start":{"line":395,"column":6},"end":{"line":400,"column":7}},"type":"if","locations":[{"start":{"line":395,"column":6},"end":{"line":400,"column":7}},{"start":{},"end":{}}],"line":395},"22":{"loc":{"start":{"line":423,"column":4},"end":{"line":423,"column":68}},"type":"if","locations":[{"start":{"line":423,"column":4},"end":{"line":423,"column":68}},{"start":{},"end":{}}],"line":423},"23":{"loc":{"start":{"line":424,"column":4},"end":{"line":424,"column":56}},"type":"if","locations":[{"start":{"line":424,"column":4},"end":{"line":424,"column":56}},{"start":{},"end":{}}],"line":424},"24":{"loc":{"start":{"line":432,"column":4},"end":{"line":435,"column":5}},"type":"if","locations":[{"start":{"line":432,"column":4},"end":{"line":435,"column":5}},{"start":{},"end":{}}],"line":432},"25":{"loc":{"start":{"line":437,"column":4},"end":{"line":442,"column":5}},"type":"if","locations":[{"start":{"line":437,"column":4},"end":{"line":442,"column":5}},{"start":{},"end":{}}],"line":437},"26":{"loc":{"start":{"line":450,"column":4},"end":{"line":450,"column":27}},"type":"if","locations":[{"start":{"line":450,"column":4},"end":{"line":450,"column":27}},{"start":{},"end":{}}],"line":450},"27":{"loc":{"start":{"line":467,"column":4},"end":{"line":467,"column":27}},"type":"if","locations":[{"start":{"line":467,"column":4},"end":{"line":467,"column":27}},{"start":{},"end":{}}],"line":467},"28":{"loc":{"start":{"line":481,"column":4},"end":{"line":483,"column":5}},"type":"if","locations":[{"start":{"line":481,"column":4},"end":{"line":483,"column":5}},{"start":{},"end":{}}],"line":481},"29":{"loc":{"start":{"line":488,"column":4},"end":{"line":502,"column":5}},"type":"if","locations":[{"start":{"line":488,"column":4},"end":{"line":502,"column":5}},{"start":{},"end":{}}],"line":488},"30":{"loc":{"start":{"line":494,"column":6},"end":{"line":498,"column":7}},"type":"if","locations":[{"start":{"line":494,"column":6},"end":{"line":498,"column":7}},{"start":{},"end":{}}],"line":494},"31":{"loc":{"start":{"line":507,"column":4},"end":{"line":507,"column":60}},"type":"if","locations":[{"start":{"line":507,"column":4},"end":{"line":507,"column":60}},{"start":{},"end":{}}],"line":507},"32":{"loc":{"start":{"line":507,"column":8},"end":{"line":507,"column":51}},"type":"binary-expr","locations":[{"start":{"line":507,"column":8},"end":{"line":507,"column":13}},{"start":{"line":507,"column":17},"end":{"line":507,"column":51}}],"line":507},"33":{"loc":{"start":{"line":514,"column":6},"end":{"line":516,"column":7}},"type":"if","locations":[{"start":{"line":514,"column":6},"end":{"line":516,"column":7}},{"start":{},"end":{}}],"line":514},"34":{"loc":{"start":{"line":526,"column":4},"end":{"line":528,"column":5}},"type":"if","locations":[{"start":{"line":526,"column":4},"end":{"line":528,"column":5}},{"start":{},"end":{}}],"line":526},"35":{"loc":{"start":{"line":533,"column":4},"end":{"line":535,"column":5}},"type":"if","locations":[{"start":{"line":533,"column":4},"end":{"line":535,"column":5}},{"start":{},"end":{}}],"line":533},"36":{"loc":{"start":{"line":539,"column":6},"end":{"line":541,"column":7}},"type":"if","locations":[{"start":{"line":539,"column":6},"end":{"line":541,"column":7}},{"start":{},"end":{}}],"line":539},"37":{"loc":{"start":{"line":548,"column":4},"end":{"line":554,"column":5}},"type":"if","locations":[{"start":{"line":548,"column":4},"end":{"line":554,"column":5}},{"start":{"line":552,"column":11},"end":{"line":554,"column":5}}],"line":548},"38":{"loc":{"start":{"line":569,"column":4},"end":{"line":569,"column":43}},"type":"if","locations":[{"start":{"line":569,"column":4},"end":{"line":569,"column":43}},{"start":{},"end":{}}],"line":569},"39":{"loc":{"start":{"line":572,"column":4},"end":{"line":572,"column":26}},"type":"if","locations":[{"start":{"line":572,"column":4},"end":{"line":572,"column":26}},{"start":{},"end":{}}],"line":572},"40":{"loc":{"start":{"line":582,"column":4},"end":{"line":593,"column":5}},"type":"if","locations":[{"start":{"line":582,"column":4},"end":{"line":593,"column":5}},{"start":{},"end":{}}],"line":582},"41":{"loc":{"start":{"line":595,"column":4},"end":{"line":641,"column":5}},"type":"if","locations":[{"start":{"line":595,"column":4},"end":{"line":641,"column":5}},{"start":{"line":624,"column":11},"end":{"line":641,"column":5}}],"line":595},"42":{"loc":{"start":{"line":615,"column":8},"end":{"line":622,"column":9}},"type":"if","locations":[{"start":{"line":615,"column":8},"end":{"line":622,"column":9}},{"start":{"line":617,"column":15},"end":{"line":622,"column":9}}],"line":615},"43":{"loc":{"start":{"line":665,"column":8},"end":{"line":670,"column":9}},"type":"if","locations":[{"start":{"line":665,"column":8},"end":{"line":670,"column":9}},{"start":{},"end":{}}],"line":665},"44":{"loc":{"start":{"line":692,"column":4},"end":{"line":696,"column":5}},"type":"if","locations":[{"start":{"line":692,"column":4},"end":{"line":696,"column":5}},{"start":{},"end":{}}],"line":692},"45":{"loc":{"start":{"line":710,"column":4},"end":{"line":710,"column":68}},"type":"if","locations":[{"start":{"line":710,"column":4},"end":{"line":710,"column":68}},{"start":{},"end":{}}],"line":710},"46":{"loc":{"start":{"line":711,"column":4},"end":{"line":711,"column":56}},"type":"if","locations":[{"start":{"line":711,"column":4},"end":{"line":711,"column":56}},{"start":{},"end":{}}],"line":711},"47":{"loc":{"start":{"line":721,"column":4},"end":{"line":724,"column":5}},"type":"if","locations":[{"start":{"line":721,"column":4},"end":{"line":724,"column":5}},{"start":{},"end":{}}],"line":721},
[...]
,"/Users/shens/Downloads/verb-learning-app/src/js/utils/speech.js": {"path":"/Users/shens/Downloads/verb-learning-app/src/js/utils/speech.js","statementMap":{"0":{"start":{"line":4,"column":4},"end":{"line":4,"column":44}},"1":{"start":{"line":5,"column":4},"end":{"line":5,"column":28}},"2":{"start":{"line":6,"column":4},"end":{"line":6,"column":29}},"3":{"start":{"line":7,"column":4},"end":{"line":7,"column":24}},"4":{"start":{"line":8,"column":4},"end":{"line":8,"column":24}},"5":{"start":{"line":9,"column":4},"end":{"line":9,"column":39}},"6":{"start":{"line":13,"column":4},"end":{"line":21,"column":5}},"7":{"start":{"line":15,"column":8},"end":{"line":15,"column":66}},"8":{"start":{"line":16,"column":6},"end":{"line":16,"column":49}},"9":{"start":{"line":17,"column":6},"end":{"line":17,"column":42}},"10":{"start":{"line":18,"column":6},"end":{"line":18,"column":45}},"11":{"start":{"line":19,"column":6},"end":{"line":19,"column":43}},"12":{"start":{"line":20,"column":6},"end":{"line":20,"column":35}},"13":{"start":{"line":25,"column":4},"end":{"line":25,"column":32}},"14":{"start":{"line":25,"column":25},"end":{"line":25,"column":32}},"15":{"start":{"line":28,"column":4},"end":{"line":28,"column":28}},"16":{"start":{"line":30,"column":22},"end":{"line":30,"column":56}},"17":{"start":{"line":31,"column":4},"end":{"line":31,"column":47}},"18":{"start":{"line":32,"column":4},"end":{"line":32,"column":51}},"19":{"start":{"line":33,"column":4},"end":{"line":33,"column":50}},"20":{"start":{"line":35,"column":4},"end":{"line":37,"column":5}},"21":{"start":{"line":36,"column":6},"end":{"line":36,"column":33}},"22":{"start":{"line":39,"column":4},"end":{"line":39,"column":36}},"23":{"start":{"line":43,"column":4},"end":{"line":46,"column":5}},"24":{"start":{"line":44,"column":6},"end":{"line":44,"column":69}},"25":{"start":{"line":45,"column":6},"end":{"line":45,"column":13}},"26":{"start":{"line":49,"column":4},"end":{"line":49,"column":24}},"27":{"start":{"line":50,"column":4},"end":{"line":50,"column":45}},"28":{"start":{"line":55,"column":4},"end":{"line":57,"column":5}},"29":{"start":{"line":56,"column":6},"end":{"line":56,"column":27}},"30":{"start":{"line":60,"column":4},"end":{"line":60,"column":37}},"31":{"start":{"line":61,"column":4},"end":{"line":61,"column":36}},"32":{"start":{"line":62,"column":4},"end":{"line":62,"column":34}},"33":{"start":{"line":63,"column":4},"end":{"line":63,"column":38}},"34":{"start":{"line":64,"column":4},"end":{"line":64,"column":40}},"35":{"start":{"line":65,"column":4},"end":{"line":65,"column":41}},"36":{"start":{"line":66,"column":4},"end":{"line":66,"column":41}},"37":{"start":{"line":67,"column":4},"end":{"line":67,"column":42}},"38":{"start":{"line":69,"column":30},"end":{"line":69,"column":35}},"39":{"start":{"line":70,"column":19},"end":{"line":70,"column":24}},"40":{"start":{"line":71,"column":25},"end":{"line":71,"column":27}},"41":{"start":{"line":74,"column":4},"end":{"line":123,"column":6}},"42":{"start":{"line":75,"column":6},"end":{"line":75,"column":55}},"43":{"start":{"line":78,"column":6},"end":{"line":85,"column":7}},"44":{"start":{"line":79,"column":30},"end":{"line":81,"column":17}},"45":{"start":{"line":82,"column":8},"end":{"line":82,"column":43}},"46":{"start":{"line":83,"column":8},"end":{"line":83,"column":54}},"47":{"start":{"line":84,"column":8},"end":{"line":84,"column":15}},"48":{"start":{"line":88,"column":6},"end":{"line":122,"column":7}},"49":{"start":{"line":90,"column":29},"end":{"line":93,"column":11}},"50":{"start":{"line":90,"column":75},"end":{"line":93,"column":9}},"51":{"start":{"line":95,"column":8},"end":{"line":95,"column":55}},"52":{"start":{"line":96,"column":8},"end":{"line":96,"column":64}},"53":{"start":{"line":99,"column":8},"end":{"line":121,"column":9}},"54":{"start":{"line":100,"column":10},"end":{"line":100,"column":37}},"55":{"start":{"line":101,"column":10},"end":{"line":101,"column":30}},"56":{"start":{"line":104,"column":29},"end":{"line":106,"column":11}},"57":{"start":{"line":105,"column":12},"end":{"line":105,"column":65}},"58":{"start":{"line":108,"column":10},"end":{"line":108,"column":50}},"59":{"start":{"line":111,"column":10},"end":{"line":120,"column":11}},"60":{"start":{"line":112,"column":40},"end":{"line":112,"column":76}},"61":{"start":{"line":113,"column":12},"end":{"line":116,"column":14}},"62":{"start":{"line":117,"column":12},"end":{"line":117,"column":42}},"63":{"start":{"line":119,"column":12},"end":{"line":119,"column":44}},"64":{"start":{"line":125,"column":4},"end":{"line":131,"column":6}},"65":{"start":{"line":126,"column":6},"end":{"line":126,"column":56}},"66":{"start":{"line":127,"column":6},"end":{"line":127,"column":22}},"67":{"start":{"line":128,"column":6},"end":{"line":128,"column":31}},"68":{"start":{"line":129,"column":6},"end":{"line":129,"column":34}},"69":{"start":{"line":130,"column":6},"end":{"line":130,"column":57}},"70":{"start":{"line":133,"column":4},"end":{"line":156,"column":6}},"71":{"start":{"line":134,"column":6},"end":{"line":134,"column":46}},"72":{"start":{"line":135,"column":6},"end":{"line":135,"column":31}},"73":{"start":{"line":138,"column":6},"end":{"line":155,"column":7}},"74":{"start":{"line":143,"column":8},"end":{"line":143,"column":26}},"75":{"start":{"line":144,"column":8},"end":{"line":146,"column":10}},"76":{"start":{"line":147,"column":8},"end":{"line":151,"column":16}},"77":{"start":{"line":148,"column":10},"end":{"line":150,"column":11}},"78":{"start":{"line":149,"column":12},"end":{"line":149,"column":53}},"79":{"start":{"line":152,"column":13},"end":{"line":155,"column":7}},"80":{"start":{"line":153,"column":8},"end":{"line":153,"column":43}},"81":{"start":{"line":154,"column":8},"end":{"line":154,"column":70}},"82":{"start":{"line":158,"column":4},"end":{"line":164,"column":6}},"83":{"start":{"line":159,"column":6},"end":{"line":159,"column":46}},"84":{"start":{"line":160,"column":6},"end":{"line":160,"column":22}},"85":{"start":{"line":161,"column":6},"end":{"line":161,"column":31}},"86":{"start":{"line":162,"column":6},"end":{"line":162,"column":34}},"87":{"start":{"line":163,"column":6},"end":{"line":163,"column":42}},"88":{"start":{"line":166,"column":4},"end":{"line":168,"column":6}},"89":{"start":{"line":167,"column":6},"end":{"line":167,"column":34}},"90":{"start":{"line":170,"column":4},"end":{"line":172,"column":6}},"91":{"start":{"line":171,"column":6},"end":{"line":171,"column":45}},"92":{"start":{"line":174,"column":4},"end":{"line":176,"column":6}},"93":{"start":{"line":175,"column":6},"end":{"line":175,"column":36}},"94":{"start":{"line":178,"column":4},"end":{"line":180,"column":6}},"95":{"start":{"line":179,"column":6},"end":{"line":179,"column":37}},"96":{"start":{"line":182,"column":4},"end":{"line":195,"column":5}},"97":{"start":{"line":183,"column":6},"end":{"line":183,"column":30}},"98":{"start":{"line":184,"column":6},"end":{"line":184,"column":34}},"99":{"start":{"line":185,"column":6},"end":{"line":185,"column":23}},"100":{"start":{"line":186,"column":6},"end":{"line":186,"column":26}},"101":{"start":{"line":187,"column":6},"end":{"line":187,"column":31}},"102":{"start":{"line":188,"column":6},"end":{"line":188,"column":48}},"103":{"start":{"line":190,"column":6},"end":{"line":190,"column":66}},"104":{"start":{"line":191,"column":6},"end":{"line":191,"column":31}},"105":{"start":{"line":192,"column":6},"end":{"line":192,"column":34}},"106":{"start":{"line":193,"column":6},"end":{"line":193,"column":22}},"107":{"start":{"line":194,"column":6},"end":{"line":194,"column":70}},"108":{"start":{"line":199,"column":4},"end":{"line":199,"column":55}},"109":{"start":{"line":199,"column":48},"end":{"line":199,"column":55}},"110":{"start":{"line":201,"column":4},"end":{"line":208,"column":5}},"111":{"start":{"line":202,"column":6},"end":{"line":202,"column":49}},"112":{"start":{"line":203,"column":6},"end":{"line":203,"column":30}},"113":{"start":{"line":205,"column":6},"end":{"line":205,"column":58}},"114":{"start":{"line":207,"column":6},"end":{"line":207,"column":31}},"115":{"start":{"line":213,"column":22},"end":{"line":213,"column":24}},"116":{"start":{"line":214,"column":18},"end":{"line":214,"column":19}},"117":{"start":{"line":215,"column":23},"end":{"line":215,"column":29}},"118":{"start":{"line":217,"column":4},"end":{"line":223,"column":5}},"119":{"start":{"line":218,"column":6},"end":{"line":218,"column":51}},"120":{"start":{"line":219,"column":6},"end":{"line":222,"column":7}},"121":{"start":{"line":220,"column":8},"end":{"line":220,"column":34}},"122":{"start":{"line":221,"column":8},"end":{"line":221,"column":28}},"123":{"start":{"line":225,"column":4},"end":{"line":225,"column":24}}},"fnMap":{"0":{"name":"(anonymous_0)","decl":{"start":{"line":3,"column":2},"end":{"line":3,"column":3}},"loc":{"start":{"line":3,"column":16},"end":{"line":10,"column":3}},"line":3},"1":{"name":"(anonymous_1)","decl":{"start":{"line":12,"column":2},"end":{"line":12,"column":3}},"loc":{"start":{"line":12,"column":32},"end":{"line":22,"column":3}},"line":12},"2":{"name":"(anonymous_2)","decl":{"start":{"line":24,"column":2},"end":{"line":24,"column":3}},"loc":{"start":{"line":24,"column":46},"end":{"line":40,"column":3}},"line":24},"3":{"name":"(anonymous_3)","decl":{"start":{"line":42,"column":2},"end":{"line":42,"column":3}},"loc":{"start":{"line":42,"column":36},"end":{"line":51,"column":3}},"line":42},"4":{"name":"(anonymous_4)","decl":{"start":{"line":53,"column":2},"end":{"line":53,"column":3}},"loc":{"start":{"line":53,"column":38},"end":{"line":196,"column":3}},"line":53},"5":{"name":"(anonymous_5)","decl":{"start":{"line":74,"column":32},"end":{"line":74,"column":33}},"loc":{"start":{"line":74,"column":43},"end":{"line":123,"column":5}},"line":74},"6":{"name":"(anonymous_6)","decl":{"start":{"line":90,"column":62},"end":{"line":90,"column":63}},"loc":{"start":{"line":90,"column":75},"end":{"line":93,"column":9}},"line":90},"7":{"name":"(anonymous_7)","decl":{"start":{"line":104,"column":49},"end":{"line":104,"column":50}},"loc":{"start":{"line":105,"column":12},"end":{"line":105,"column":65}},"line":105},"8":{"name":"(anonymous_8)","decl":{"start":{"line":125,"column":31},"end":{"line":125,"column":32}},"loc":{"start":{"line":125,"column":42},"end":{"line":131,"column":5}},"line":125},"9":{"name":"(anonymous_9)","decl":{"start":{"line":133,"column":29},"end":{"line":133,"column":30}},"loc":{"start":{"line":133,"column":35},"end":{"line":156,"column":5}},"line":133},"10":{"name":"(anonymous_10)","decl":{"start":{"line":147,"column":19},"end":{"line":147,"column":20}},"loc":{"start":{"line":147,"column":25},"end":{"line":151,"column":9}},"line":147},"11":{"name":"(anonymous_11)","decl":{"start":{"line":158,"column":33},"end":{"line":158,"column":34}},"loc":{"start":{"line":158,"column":39},"end":{"line":164,"column":5}},"line":158},"12":{"name":"(anonymous_12)","decl":{"start":{"line":166,"column":35},"end":{"line":166,"column":36}},"loc":{"start":{"line":166,"column":41},"end":{"line":168,"column":5}},"line":166},"13":{"name":"(anonymous_13)","decl":{"start":{"line":170,"column":36},"end":{"line":170,"column":37}},"loc":{"start":{"line":170,"column":42},"end":{"line":172,"column":5}},"line":170},"14":{"name":"(anonymous_14)","decl":{"start":{"line":174,"column":36},"end":{"line":174,"column":37}},"loc":{"start":{"line":174,"column":42},"end":{"line":176,"column":5}},"line":174},"15":{"name":"(anonymous_15)","decl":{"start":{"line":178,"column":37},"end":{"line":178,"column":38}},"loc":{"start":{"line":178,"column":43},"end":{"line":180,"column":5}},"line":178},"16":{"name":"(anonymous_16)","decl":{"start":{"line":198,"column":2},"end":{"line":198,"column":3}},"loc":{"start":{"line":198,"column":18},"end":{"line":209,"column":3}},"line":198},"17":{"name":"(anonymous_17)","decl":{"start":{"line":212,"column":2},"end":{"line":212,"column":3}},"loc":{"start":{"line":212,"column":23},"end":{"line":226,"column":3}},"line":212}},"branchMap":{"0":{"loc":{"start":{"line":13,"column":4},"end":{"line":21,"column":5}},"type":"if","locations":[{"start":{"line":13,"column":4},"end":{"line":21,"column":5}},{"start":{},"end":{}}],"line":13},"1":{"loc":{"start":{"line":13,"column":8},"end":{"line":13,"column":76}},"type":"binary-expr","locations":[{"start":{"line":13,"column":8},"end":{"line":13,"column":43}},{"start":{"line":13,"column":47},"end":{"line":13,"column":76}}],"line":13},"2":{"loc":{"start":{"line":15,"column":8},"end":{"line":15,"column":66}},"type":"binary-expr","locations":[{"start":{"line":15,"column":8},"end":{"line":15,"column":32}},{"start":{"line":15,"column":36},"end":{"line":15,"column":66}}],"line":15},"3":{"loc":{"start":{"line":24,"column":14},"end":{"line":24,"column":27}},"type":"default-arg","locations":[{"start":{"line":24,"column":25},"end":{"line":24,"column":27}}],"line":24},"4":{"loc":{"start":{"line":24,"column":29},"end":{"line":24,"column":44}},"type":"default-arg","locations":[{"start":{"line":24,"column":40},"end":{"line":24,"column":44}}],"line":24},"5":{"loc":{"start":{"line":25,"column":4},"end":{"line":25,"column":32}},"type":"if","locations":[{"start":{"line":25,"column":4},"end":{"line":25,"column":32}},{"start":{},"end":{}}],"line":25},"6":{"loc":{"start":{"line":31,"column":21},"end":{"line":31,"column":46}},"type":"binary-expr","locations":[{"start":{"line":31,"column":21},"end":{"line":31,"column":41}},{"start":{"line":31,"column":45},"end":{"line":31,"column":46}}],"line":31},"7":{"loc":{"start":{"line":32,"column":23},"end":{"line":32,"column":50}},"type":"binary-expr","locations":[{"start":{"line":32,"column":23},"end":{"line":32,"column":43}},{"start":{"line":32,"column":47},"end":{"line":32,"column":50}}],"line":32},"8":{"loc":{"start":{"line":33,"column":21},"end":{"line":33,"column":49}},"type":"binary-expr","locations":[{"start":{"line":33,"column":21},"end":{"line":33,"column":38}},{"start":{"line":33,"column":42},"end":{"line":33,"column":49}}],"line":33},"9":{"loc":{"start":{"line":35,"column":4},"end":{"line":37,"column":5}},"type":"if","locations":[{"start":{"line":35,"column":4},"end":{"line":37,"column":5}},{"start":{},"end":{}}],"line":35},"10":{"loc":{"start":{"line":43,"column":4},"end":{"line":46,"column":5}},"type":"if","locations":[{"start":{"line":43,"column":4},"end":{"line":46,"column":5}},{"start":{},"end":{}}],"line":43},"11":{"loc":{"start":{"line":55,"column":4},"end":{"line":57,"column":5}},"type":"if","locations":[{"start":{"line":55,"column":4},"end":{"line":57,"column":5}},{"start":{},"end":{}}],"line":55},"12":{"loc":{"start":{"line":78,"column":6},"end":{"line":85,"column":7}},"type":"if","locations":[{"start":{"line":78,"column":6},"end":{"line":85,"column":7}},{"start":{},"end":{}}],"line":78},"13":{"loc":{"start":{"line":88,"column":6},"end":{"line":122,"column":7}},"type":"if","locations":[{"start":{"line":88,"column":6},"end":{"line":122,"column":7}},{"start":{},"end":{}}],"line":88},"14":{"loc":{"start":{"line":99,"column":8},"end":{"line":121,"column":9}},"type":"if","locations":[{"start":{"line":99,"column":8},"end":{"line":121,"column":9}},{"start":{},"end":{}}],"line":99},"15":{"loc":{"start":{"line":105,"column":12},"end":{"line":105,"column":65}},"type":"cond-expr","locations":[{"start":{"line":105,"column":51},"end":{"line":105,"column":58}},{"start":{"line":105,"column":61},"end":{"line":105,"column":65}}],"line":105},"16":{"loc":{"start":{"line":111,"column":10},"end":{"line":120,"column":11}},"type":"if","locations":[{"start":{"line":111,"column":10},"end":{"line":120,"column":11}},{"start":{"line":118,"column":17},"end":{"line":120,"column":11}}],"line":111},"17":{"loc":{"start":{"line":111,"column":14},"end":{"line":111,"column":70}},"type":"binary-expr","locations":[{"start":{"line":111,"column":14},"end":{"line":111,"column":41}},{"start":{"line":111,"column":45},"end":{"line":111,"column":70}}],"line":111},"18":{"loc":{"start":{"line":130,"column":14},"end":{"line":130,"column":55}},"type":"binary-expr","locations":[{"start":{"line":130,"column":14},"end":{"line":130,"column":25}},{"start":{"line":130,"column":29},"end":{"line":130,"column":55}}],"line":130},"19":{"loc":{"start":{"line":138,"column":6},"end":{"line":155,"column":7}},"type":"if","locations":[{"start":{"line":138,"column":6},"end":{"line":155,"column":7}},{"start":{"line":152,"column":13},"end":{"line":155,"column":7}}],"line":138},"20":{"loc":{"start":{"line":139,"column":8},"end":{"line":141,"column":41}},"type":"binary-expr","locations":[{"start":{"line":139,"column":8},"end":{"line":139,"column":28}},{"start":{"line":140,"column":8},"end":{"line":140,"column":17}},{"start":{"line":141,"column":8},"end":{"line":141,"column":41}}],"line":139},"21":{"loc":{"start":{"line":148,"column":10},"end":{"line":150,"column":11}},"type":"if","locations":[{"start":{"line":148,"column":10},"end":{"line":150,"column":11}},{"start":{},"end":{}}],"line":148},"22":{"loc":{"start":{"line":148,"column":14},"end":{"line":148,"column":47}},"type":"binary-expr","locations":[{"start":{"line":148,"column":14},"end":{"line":148,"column":34}},{"start":{"line":148,"column":38},"end":{"line":148,"column":47}}],"line":148},"23":{"loc":{"start":{"line":152,"column":13},"end":{"line":155,"column":7}},"type":"if","locations":[{"start":{"line":152,"column":13},"end":{"line":155,"column":7}},{"start":{},"end":{}}],"line":152},"24":{"loc":{"start":{"line":199,"column":4},"end":{"line":199,"column":55}},"type":"if","locations":[{"start":{"line":199,"column":4},"end":{"line":199,"column":55}},{"start":{},"end":{}}],"line":199},"25":{"loc":{"start":{"line":199,"column":8},"end":{"line":199,"column":46}},"type":"binary-expr","locations":[{"start":{"line":199,"column":8},"end":{"line":199,"column":25}},{"start":{"line":199,"column":29},"end":{"line":199,"column":46}}],"line":199},"26":{"loc":{"start":{"line":218,"column":25},"end":{"line":218,"column":45}},"type":"binary-expr","locations":[{"start":{"line":218,"column":25},"end":{"line":218,"column":40}},{"start":{"line":218,"column":44},"end":{"line":218,"column":45}}],"line":218},"27":{"loc":{"start":{"line":219,"column":6},"end":{"line":222,"column":7}},"type":"if","locations":[{"start":{"line":219,"column":6},"end":{"line":222,"column":7}},{"start":{},"end":{}}],"line":219}},"s":{"0":0,"1":0,"2":0,"3":0,"4":0,"5":0,"6":0,"7":0,"8":0,"9":0,"10":0,"11":0,"12":0,"13":0,"14":0,"15":0,"16":0,"17":0,"18":0,"19":0,"20":0,"21":0,"22":0,"23":0,"24":0,"25":0,"26":0,"27":0,"28":0,"29":0,"30":0,"31":0,"32":0,"33":0,"34":0,"35":0,"36":0,"37":0,"38":0,"39":0,"40":0,"41":0,"42":0,"43":0,"44":0,"45":0,"46":0,"47":0,"48":0,"49":0,"50":0,"51":0,"52":0,"53":0,"54":0,"55":0,"56":0,"57":0,"58":0,"59":0,"60":0,"61":0,"62":0,"63":0,"64":0,"65":0,"66":0,"67":0,"68":0,"69":0,"70":0,"71":0,"72":0,"73":0,"74":0,"75":0,"76":0,"77":0,"78":0,"79":0,"80":0,"81":0,"82":0,"83":0,"84":0,"85":0,"86":0,"87":0,"88":0,"89":0,"90":0,"91":0,"92":0,"93":0,"94":0,"95":0,"96":0,"97":0,"98":0,"99":0,"100":0,"101":0,"102":0,"103":0,"104":0,"105":0,"106":0,"107":0,"108":0,"109":0,"110":0,"111":0,"112":0,"113":0,"114":0,"115":0,"116":0,"117":0,"118":0,"119":0,"120":0,"121":0,"122":0,"123":0},"f":{"0":0,"1":0,"2":0,"3":0,"4":0,"5":0,"6":0,"7":0,"8":0,"9":0,"10":0,"11":0,"12":0,"13":0,"14":0,"15":0,"16":0,"17":0},"b":{"0":[0,0],"1":[0,0],"2":[0,0],"3":[0],"4":[0],"5":[0,0],"6":[0,0],"7":[0,0],"8":[0,0],"9":[0,0],"10":[0,0],"11":[0,0],"12":[0,0],"13":[0,0],"14":[0,0],"15":[0,0],"16":[0,0],"17":[0,0],"18":[0,0],"19":[0,0],"20":[0,0,0],"21":[0,0],"22":[0,0],"23":[0,0],"24":[0,0],"25":[0,0],"26":[0,0],"27":[0,0]}}
}
