{"/Users/shens/Downloads/verb-learning-app/src/js/app.js": {"path":"/Users/shens/Downloads/verb-learning-app/src/js/app.js","statementMap":{"0":{"start":{"line":10,"column":4},"end":{"line":10,"column":45}},"1":{"start":{"line":11,"column":4},"end":{"line":11,"column":41}},"2":{"start":{"line":12,"column":4},"end":{"line":12,"column":37}},"3":{"start":{"line":13,"column":4},"end":{"line":13,"column":44}},"4":{"start":{"line":14,"column":4},"end":{"line":14,"column":30}},"5":{"start":{"line":15,"column":4},"end":{"line":15,"column":35}},"6":{"start":{"line":16,"column":4},"end":{"line":16,"column":33}},"7":{"start":{"line":17,"column":4},"end":{"line":17,"column":28}},"8":{"start":{"line":19,"column":4},"end":{"line":19,"column":37}},"9":{"start":{"line":20,"column":4},"end":{"line":20,"column":25}},"10":{"start":{"line":22,"column":4},"end":{"line":22,"column":25}},"11":{"start":{"line":27,"column":4},"end":{"line":27,"column":24}},"12":{"start":{"line":30,"column":4},"end":{"line":30,"column":31}},"13":{"start":{"line":31,"column":4},"end":{"line":31,"column":34}},"14":{"start":{"line":32,"column":4},"end":{"line":32,"column":35}},"15":{"start":{"line":33,"column":4},"end":{"line":33,"column":35}},"16":{"start":{"line":36,"column":4},"end":{"line":36,"column":31}},"17":{"start":{"line":40,"column":26},"end":{"line":40,"column":58}},"18":{"start":{"line":41,"column":4},"end":{"line":43,"column":5}},"19":{"start":{"line":42,"column":6},"end":{"line":42,"column":76}},"20":{"start":{"line":47,"column":4},"end":{"line":47,"column":68}},"21":{"start":{"line":52,"column":4},"end":{"line":52,"column":30}},"22":{"start":{"line":55,"column":4},"end":{"line":60,"column":7}},"23":{"start":{"line":56,"column":6},"end":{"line":59,"column":7}},"24":{"start":{"line":57,"column":8},"end":{"line":57,"column":32}},"25":{"start":{"line":58,"column":8},"end":{"line":58,"column":34}},"26":{"start":{"line":62,"column":4},"end":{"line":67,"column":7}},"27":{"start":{"line":63,"column":6},"end":{"line":66,"column":7}},"28":{"start":{"line":64,"column":8},"end":{"line":64,"column":32}},"29":{"start":{"line":65,"column":8},"end":{"line":65,"column":34}},"30":{"start":{"line":70,"column":4},"end":{"line":75,"column":9}},"31":{"start":{"line":73,"column":21},"end":{"line":73,"column":52}},"32":{"start":{"line":74,"column":8},"end":{"line":74,"column":65}},"33":{"start":{"line":77,"column":4},"end":{"line":80,"column":7}},"34":{"start":{"line":78,"column":19},"end":{"line":78,"column":50}},"35":{"start":{"line":79,"column":6},"end":{"line":79,"column":57}},"36":{"start":{"line":82,"column":4},"end":{"line":87,"column":9}},"37":{"start":{"line":85,"column":21},"end":{"line":85,"column":52}},"38":{"start":{"line":86,"column":8},"end":{"line":86,"column":65}},"39":{"start":{"line":89,"column":4},"end":{"line":92,"column":7}},"40":{"start":{"line":90,"column":19},"end":{"line":90,"column":50}},"41":{"start":{"line":91,"column":6},"end":{"line":91,"column":60}},"42":{"start":{"line":94,"column":4},"end":{"line":99,"column":9}},"43":{"start":{"line":97,"column":21},"end":{"line":97,"column":52}},"44":{"start":{"line":98,"column":8},"end":{"line":98,"column":67}},"45":{"start":{"line":102,"column":4},"end":{"line":105,"column":7}},"46":{"start":{"line":103,"column":6},"end":{"line":103,"column":61}},"47":{"start":{"line":104,"column":6},"end":{"line":104,"column":26}},"48":{"start":{"line":107,"column":4},"end":{"line":110,"column":7}},"49":{"start":{"line":108,"column":6},"end":{"line":108,"column":61}},"50":{"start":{"line":109,"column":6},"end":{"line":109,"column":26}},"51":{"start":{"line":112,"column":4},"end":{"line":117,"column":9}},"52":{"start":{"line":115,"column":8},"end":{"line":115,"column":55}},"53":{"start":{"line":116,"column":8},"end":{"line":116,"column":28}},"54":{"start":{"line":121,"column":17},"end":{"line":121,"column":48}},"55":{"start":{"line":124,"column":4},"end":{"line":124,"column":80}},"56":{"start":{"line":125,"column":4},"end":{"line":125,"column":68}},"57":{"start":{"line":126,"column":4},"end":{"line":126,"column":80}},"58":{"start":{"line":127,"column":4},"end":{"line":127,"column":74}},"59":{"start":{"line":128,"column":4},"end":{"line":129,"column":24}},"60":{"start":{"line":132,"column":27},"end":{"line":132,"column":67}},"61":{"start":{"line":133,"column":25},"end":{"line":133,"column":63}},"62":{"start":{"line":134,"column":28},"end":{"line":134,"column":69}},"63":{"start":{"line":136,"column":4},"end":{"line":137,"column":74}},"64":{"start":{"line":137,"column":6},"end":{"line":137,"column":74}},"65":{"start":{"line":138,"column":4},"end":{"line":138,"column":76}},"66":{"start":{"line":138,"column":22},"end":{"line":138,"column":76}},"67":{"start":{"line":139,"column":4},"end":{"line":142,"column":5}},"68":{"start":{"line":140,"column":23},"end":{"line":140,"column":76}},"69":{"start":{"line":141,"column":6},"end":{"line":141,"column":51}},"70":{"start":{"line":145,"column":23},"end":{"line":145,"column":59}},"71":{"start":{"line":146,"column":23},"end":{"line":146,"column":59}},"72":{"start":{"line":147,"column":4},"end":{"line":147,"column":70}},"73":{"start":{"line":147,"column":20},"end":{"line":147,"column":70}},"74":{"start":{"line":148,"column":4},"end":{"line":149,"column":74}},"75":{"start":{"line":149,"column":6},"end":{"line":149,"column":74}},"76":{"start":{"line":152,"column":4},"end":{"line":157,"column":5}},"77":{"start":{"line":153,"column":6},"end":{"line":156,"column":8}},"78":{"start":{"line":154,"column":14},"end":{"line":154,"column":70}},"79":{"start":{"line":162,"column":4},"end":{"line":162,"column":33}},"80":{"start":{"line":163,"column":4},"end":{"line":163,"column":44}},"81":{"start":{"line":166,"column":4},"end":{"line":173,"column":7}},"82":{"start":{"line":167,"column":6},"end":{"line":172,"column":9}},"83":{"start":{"line":168,"column":25},"end":{"line":168,"column":48}},"84":{"start":{"line":169,"column":8},"end":{"line":169,"column":36}},"85":{"start":{"line":171,"column":8},"end":{"line":171,"column":39}},"86":{"start":{"line":176,"column":4},"end":{"line":176,"column":34}},"87":{"start":{"line":177,"column":4},"end":{"line":177,"column":35}},"88":{"start":{"line":178,"column":4},"end":{"line":178,"column":39}},"89":{"start":{"line":183,"column":4},"end":{"line":193,"column":5}},"90":{"start":{"line":185,"column":8},"end":{"line":185,"column":33}},"91":{"start":{"line":186,"column":8},"end":{"line":186,"column":14}},"92":{"start":{"line":188,"column":8},"end":{"line":188,"column":34}},"93":{"start":{"line":189,"column":8},"end":{"line":189,"column":14}},"94":{"start":{"line":191,"column":8},"end":{"line":191,"column":38}},"95":{"start":{"line":192,"column":8},"end":{"line":192,"column":14}},"96":{"start":{"line":198,"column":4},"end":{"line":200,"column":7}},"97":{"start":{"line":199,"column":6},"end":{"line":199,"column":39}},"98":{"start":{"line":203,"column":28},"end":{"line":203,"column":75}},"99":{"start":{"line":204,"column":4},"end":{"line":206,"column":5}},"100":{"start":{"line":205,"column":6},"end":{"line":205,"column":49}},"101":{"start":{"line":211,"column":4},"end":{"line":213,"column":61}},"102":{"start":{"line":213,"column":40},"end":{"line":213,"column":59}},"103":{"start":{"line":214,"column":4},"end":{"line":214,"column":29}},"104":{"start":{"line":219,"column":26},"end":{"line":221,"column":48}},"105":{"start":{"line":222,"column":32},"end":{"line":222,"column":75}},"106":{"start":{"line":223,"column":26},"end":{"line":223,"column":63}},"107":{"start":{"line":225,"column":4},"end":{"line":225,"column":55}},"108":{"start":{"line":225,"column":48},"end":{"line":225,"column":55}},"109":{"start":{"line":228,"column":4},"end":{"line":228,"column":39}},"110":{"start":{"line":229,"column":4},"end":{"line":229,"column":33}},"111":{"start":{"line":230,"column":4},"end":{"line":230,"column":28}},"112":{"start":{"line":233,"column":4},"end":{"line":243,"column":9}},"113":{"start":{"line":236,"column":8},"end":{"line":242,"column":10}},"114":{"start":{"line":246,"column":4},"end":{"line":264,"column":7}},"115":{"start":{"line":247,"column":19},"end":{"line":247,"column":48}},"116":{"start":{"line":248,"column":6},"end":{"line":248,"column":41}},"117":{"start":{"line":249,"column":6},"end":{"line":249,"column":41}},"118":{"start":{"line":250,"column":6},"end":{"line":250,"column":36}},"119":{"start":{"line":251,"column":6},"end":{"line":251,"column":28}},"120":{"start":{"line":252,"column":6},"end":{"line":252,"column":44}},"121":{"start":{"line":255,"column":6},"end":{"line":259,"column":9}},"122":{"start":{"line":256,"column":8},"end":{"line":256,"column":54}},"123":{"start":{"line":257,"column":8},"end":{"line":257,"column":67}},"124":{"start":{"line":258,"column":8},"end":{"line":258,"column":39}},"125":{"start":{"line":261,"column":6},"end":{"line":263,"column":9}},"126":{"start":{"line":262,"column":8},"end":{"line":262,"column":42}},"127":{"start":{"line":267,"column":4},"end":{"line":313,"column":7}},"128":{"start":{"line":268,"column":23},"end":{"line":268,"column":52}},"129":{"start":{"line":269,"column":6},"end":{"line":269,"column":39}},"130":{"start":{"line":270,"column":6},"end":{"line":270,"column":59}},"131":{"start":{"line":271,"column":6},"end":{"line":271,"column":40}},"132":{"start":{"line":272,"column":6},"end":{"line":272,"column":44}},"133":{"start":{"line":273,"column":6},"end":{"line":273,"column":42}},"134":{"start":{"line":276,"column":6},"end":{"line":279,"column":9}},"135":{"start":{"line":277,"column":8},"end":{"line":277,"column":27}},"136":{"start":{"line":278,"column":8},"end":{"line":278,"column":44}},"137":{"start":{"line":281,"column":6},"end":{"line":283,"column":9}},"138":{"start":{"line":282,"column":8},"end":{"line":282,"column":47}},"139":{"start":{"line":285,"column":6},"end":{"line":312,"column":9}},"140":{"start":{"line":286,"column":8},"end":{"line":286,"column":27}},"141":{"start":{"line":287,"column":8},"end":{"line":287,"column":47}},"142":{"start":{"line":289,"column":26},"end":{"line":289,"column":62}},"143":{"start":{"line":290,"column":34},"end":{"line":290,"column":75}},"144":{"start":{"line":293,"column":35},"end":{"line":295,"column":9}},"145":{"start":{"line":296,"column":8},"end":{"line":298,"column":9}},"146":{"start":{"line":297,"column":10},"end":{"line":297,"column":58}},"147":{"start":{"line":301,"column":29},"end":{"line":303,"column":9}},"148":{"start":{"line":304,"column":8},"end":{"line":306,"column":9}},"149":{"start":{"line":305,"column":10},"end":{"line":305,"column":49}},"150":{"start":{"line":308,"column":8},"end":{"line":308,"column":100}},"151":{"start":{"line":309,"column":8},"end":{"line":309,"column":47}},"152":{"start":{"line":311,"column":8},"end":{"line":311,"column":64}},"153":{"start":{"line":317,"column":22},"end":{"line":317,"column":61}},"154":{"start":{"line":318,"column":25},"end":{"line":318,"column":26}},"155":{"start":{"line":319,"column":25},"end":{"line":319,"column":41}},"156":{"start":{"line":321,"column":4},"end":{"line":345,"column":7}},"157":{"start":{"line":322,"column":25},"end":{"line":322,"column":44}},"158":{"start":{"line":323,"column":24},"end":{"line":323,"column":46}},"159":{"start":{"line":325,"column":6},"end":{"line":344,"column":7}},"160":{"start":{"line":326,"column":8},"end":{"line":326,"column":38}},"161":{"start":{"line":327,"column":31},"end":{"line":329,"column":9}},"162":{"start":{"line":330,"column":8},"end":{"line":333,"column":9}},"163":{"start":{"line":331,"column":10},"end":{"line":331,"column":50}},"164":{"start":{"line":332,"column":10},"end":{"line":332,"column":54}},"165":{"start":{"line":334,"column":8},"end":{"line":334,"column":25}},"166":{"start":{"line":335,"column":13},"end":{"line":344,"column":7}},"167":{"start":{"line":336,"column":8},"end":{"line":336,"column":40}},"168":{"start":{"line":337,"column":31},"end":{"line":339,"column":9}},"169":{"start":{"line":340,"column":8},"end":{"line":343,"column":9}},"170":{"start":{"line":341,"column":10},"end":{"line":341,"column":52}},"171":{"start":{"line":342,"column":10},"end":{"line":342,"column":54}},"172":{"start":{"line":347,"column":19},"end":{"line":347,"column":66}},"173":{"start":{"line":348,"column":19},"end":{"line":348,"column":55}},"174":{"start":{"line":349,"column":4},"end":{"line":349,"column":67}},"175":{"start":{"line":351,"column":4},"end":{"line":377,"column":5}},"176":{"start":{"line":352,"column":6},"end":{"line":355,"column":8}},"177":{"start":{"line":358,"column":6},"end":{"line":370,"column":15}},"178":{"start":{"line":359,"column":29},"end":{"line":361,"column":9}},"179":{"start":{"line":362,"column":8},"end":{"line":369,"column":9}},"180":{"start":{"line":363,"column":10},"end":{"line":363,"column":35}},"181":{"start":{"line":366,"column":10},"end":{"line":368,"column":13}},"182":{"start":{"line":367,"column":12},"end":{"line":367,"column":45}},"183":{"start":{"line":372,"column":6},"end":{"line":375,"column":8}},"184":{"start":{"line":376,"column":6},"end":{"line":376,"column":55}},"185":{"start":{"line":376,"column":23},"end":{"line":376,"column":47}},"186":{"start":{"line":382,"column":4},"end":{"line":384,"column":65}},"187":{"start":{"line":384,"column":40},"end":{"line":384,"column":63}},"188":{"start":{"line":385,"column":4},"end":{"line":393,"column":7}},"189":{"start":{"line":387,"column":6},"end":{"line":392,"column":7}},"190":{"start":{"line":388,"column":8},"end":{"line":391,"column":10}},"191":{"start":{"line":395,"column":4},"end":{"line":397,"column":60}},"192":{"start":{"line":397,"column":40},"end":{"line":397,"column":58}},"193":{"start":{"line":399,"column":4},"end":{"line":399,"column":30}},"194":{"start":{"line":403,"column":23},"end":{"line":403,"column":76}},"195":{"start":{"line":404,"column":4},"end":{"line":404,"column":43}},"196":{"start":{"line":405,"column":4},"end":{"line":405,"column":72}},"197":{"start":{"line":408,"column":24},"end":{"line":408,"column":47}},"198":{"start":{"line":409,"column":25},"end":{"line":409,"column":70}},"199":{"start":{"line":410,"column":21},"end":{"line":410,"column":70}},"200":{"start":{"line":413,"column":28},"end":{"line":413,"column":69}},"201":{"start":{"line":414,"column":24},"end":{"line":414,"column":60}},"202":{"start":{"line":415,"column":4},"end":{"line":415,"column":68}},"203":{"start":{"line":415,"column":25},"end":{"line":415,"column":68}},"204":{"start":{"line":416,"column":4},"end":{"line":416,"column":56}},"205":{"start":{"line":416,"column":21},"end":{"line":416,"column":56}},"206":{"start":{"line":419,"column":4},"end":{"line":419,"column":48}},"207":{"start":{"line":420,"column":4},"end":{"line":420,"column":53}},"208":{"start":{"line":423,"column":21},"end":{"line":423,"column":63}},"209":{"start":{"line":424,"column":4},"end":{"line":427,"column":5}},"210":{"start":{"line":425,"column":6},"end":{"line":425,"column":38}},"211":{"start":{"line":426,"column":6},"end":{"line":426,"column":38}},"212":{"start":{"line":429,"column":4},"end":{"line":434,"column":5}},"213":{"start":{"line":430,"column":6},"end":{"line":433,"column":8}},"214":{"start":{"line":431,"column":14},"end":{"line":431,"column":78}},"215":{"start":{"line":438,"column":20},"end":{"line":438,"column":48}},"216":{"start":{"line":439,"column":29},"end":{"line":439,"column":67}},"217":{"start":{"line":441,"column":22},"end":{"line":441,"column":63}},"218":{"start":{"line":442,"column":4},"end":{"line":442,"column":27}},"219":{"start":{"line":442,"column":20},"end":{"line":442,"column":27}},"220":{"start":{"line":444,"column":4},"end":{"line":444,"column":29}},"221":{"start":{"line":445,"column":4},"end":{"line":454,"column":7}},"222":{"start":{"line":446,"column":21},"end":{"line":446,"column":50}},"223":{"start":{"line":447,"column":6},"end":{"line":447,"column":41}},"224":{"start":{"line":448,"column":6},"end":{"line":448,"column":34}},"225":{"start":{"line":449,"column":6},"end":{"line":449,"column":37}},"226":{"start":{"line":450,"column":6},"end":{"line":450,"column":43}},"227":{"start":{"line":452,"column":6},"end":{"line":452,"column":72}},"228":{"start":{"line":452,"column":45},"end":{"line":452,"column":70}},"229":{"start":{"line":453,"column":6},"end":{"line":453,"column":36}},"230":{"start":{"line":458,"column":22},"end":{"line":458,"column":61}},"231":{"start":{"line":459,"column":4},"end":{"line":459,"column":27}},"232":{"start":{"line":459,"column":20},"end":{"line":459,"column":27}},"233":{"start":{"line":461,"column":4},"end":{"line":461,"column":29}},"234":{"start":{"line":462,"column":4},"end":{"line":469,"column":5}},"235":{"start":{"line":462,"column":17},"end":{"line":462,"column":18}},"236":{"start":{"line":463,"column":19},"end":{"line":463,"column":48}},"237":{"start":{"line":464,"column":6},"end":{"line":464,"column":37}},"238":{"start":{"line":465,"column":6},"end":{"line":465,"column":32}},"239":{"start":{"line":467,"column":6},"end":{"line":467,"column":67}},"240":{"start":{"line":467,"column":43},"end":{"line":467,"column":65}},"241":{"start":{"line":468,"column":6},"end":{"line":468,"column":34}},"242":{"start":{"line":473,"column":4},"end":{"line":475,"column":5}},"243":{"start":{"line":474,"column":6},"end":{"line":474,"column":13}},"244":{"start":{"line":477,"column":19},"end":{"line":477,"column":40}},"245":{"start":{"line":478,"column":26},"end":{"line":478,"column":50}},"246":{"start":{"line":480,"column":4},"end":{"line":494,"column":5}},"247":{"start":{"line":482,"column":6},"end":{"line":482,"column":46}},"248":{"start":{"line":485,"column":19},"end":{"line":485,"column":79}},"249":{"start":{"line":486,"column":6},"end":{"line":490,"column":7}},"250":{"start":{"line":487,"column":8},"end":{"line":487,"column":34}},"251":{"start":{"line":488,"column":8},"end":{"line":488,"column":37}},"252":{"start":{"line":489,"column":8},"end":{"line":489,"column":64}},"253":{"start":{"line":493,"column":6},"end":{"line":493,"column":35}},"254":{"start":{"line":498,"column":17},"end":{"line":498,"column":72}},"255":{"start":{"line":499,"column":4},"end":{"line":499,"column":60}},"256":{"start":{"line":499,"column":53},"end":{"line":499,"column":60}},"257":{"start":{"line":501,"column":24},"end":{"line":501,"column":48}},"258":{"start":{"line":503,"column":20},"end":{"line":503,"column":63}},"259":{"start":{"line":504,"column":17},"end":{"line":504,"column":21}},"260":{"start":{"line":505,"column":4},"end":{"line":509,"column":7}},"261":{"start":{"line":506,"column":6},"end":{"line":508,"column":7}},"262":{"start":{"line":507,"column":8},"end":{"line":507,"column":19}},"263":{"start":{"line":512,"column":4},"end":{"line":512,"column":26}},"264":{"start":{"line":513,"column":4},"end":{"line":513,"column":36}},"265":{"start":{"line":514,"column":4},"end":{"line":514,"column":36}},"266":{"start":{"line":515,"column":4},"end":{"line":515,"column":42}},"267":{"start":{"line":518,"column":4},"end":{"line":520,"column":5}},"268":{"start":{"line":519,"column":6},"end":{"line":519,"column":38}},"269":{"start":{"line":525,"column":4},"end":{"line":527,"column":5}},"270":{"start":{"line":526,"column":6},"end":{"line":526,"column":27}},"271":{"start":{"line":530,"column":4},"end":{"line":534,"column":5}},"272":{"start":{"line":530,"column":17},"end":{"line":530,"column":18}},"273":{"start":{"line":531,"column":6},"end":{"line":533,"column":7}},"274":{"start":{"line":532,"column":8},"end":{"line":532,"column":17}},"275":{"start":{"line":535,"column":4},"end":{"line":535,"column":14}},"276":{"start":{"line":540,"column":4},"end":{"line":546,"column":5}},"277":{"start":{"line":541,"column":6},"end":{"line":543,"column":8}},"278":{"start":{"line":545,"column":6},"end":{"line":545,"column":27}},"279":{"start":{"line":548,"column":4},"end":{"line":552,"column":7}},"280":{"start":{"line":549,"column":6},"end":{"line":549,"column":28}},"281":{"start":{"line":550,"column":6},"end":{"line":550,"column":38}},"282":{"start":{"line":551,"column":6},"end":{"line":551,"column":38}},"283":{"start":{"line":555,"column":4},"end":{"line":557,"column":7}},"284":{"start":{"line":556,"column":6},"end":{"line":556,"column":38}},"285":{"start":{"line":561,"column":4},"end":{"line":561,"column":43}},"286":{"start":{"line":561,"column":36},"end":{"line":561,"column":43}},"287":{"start":{"line":563,"column":21},"end":{"line":563,"column":63}},"288":{"start":{"line":564,"column":4},"end":{"line":564,"column":26}},"289":{"start":{"line":564,"column":19},"end":{"line":564,"column":26}},"290":{"start":{"line":567,"column":27},"end":{"line":570,"column":20}},"291":{"start":{"line":571,"column":26},"end":{"line":571,"column":70}},"292":{"start":{"line":574,"column":4},"end":{"line":585,"column":5}},"293":{"start":{"line":578,"column":6},"end":{"line":582,"column":8}},"294":{"start":{"line":583,"column":6},"end":{"line":583,"column":80}},"295":{"start":{"line":584,"column":6},"end":{"line":584,"column":13}},"296":{"start":{"line":587,"column":4},"end":{"line":633,"column":5}},"297":{"start":{"line":588,"column":6},"end":{"line":592,"column":8}},"298":{"start":{"line":593,"column":21},"end":{"line":595,"column":7}},"299":{"start":{"line":596,"column":6},"end":{"line":596,"column":69}},"300":{"start":{"line":597,"column":6},"end":{"line":597,"column":78}},"301":{"start":{"line":600,"column":6},"end":{"line":600,"column":34}},"302":{"start":{"line":603,"column":6},"end":{"line":615,"column":15}},"303":{"start":{"line":604,"column":29},"end":{"line":606,"column":9}},"304":{"start":{"line":607,"column":8},"end":{"line":614,"column":9}},"305":{"start":{"line":608,"column":10},"end":{"line":608,"column":36}},"306":{"start":{"line":611,"column":10},"end":{"line":613,"column":13}},"307":{"start":{"line":612,"column":12},"end":{"line":612,"column":45}},"308":{"start":{"line":617,"column":6},"end":{"line":621,"column":8}},"309":{"start":{"line":622,"column":21},"end":{"line":624,"column":7}},"310":{"start":{"line":625,"column":6},"end":{"line":625,"column":69}},"311":{"start":{"line":626,"column":6},"end":{"line":629,"column":8}},"312":{"start":{"line":632,"column":6},"end":{"line":632,"column":49}},"313":{"start":{"line":632,"column":23},"end":{"line":632,"column":41}},"314":{"start":{"line":638,"column":4},"end":{"line":649,"column":7}},"315":{"start":{"line":639,"column":6},"end":{"line":648,"column":22}},"316":{"start":{"line":640,"column":8},"end":{"line":640,"column":58}},"317":{"start":{"line":641,"column":8},"end":{"line":647,"column":10}},"318":{"start":{"line":644,"column":12},"end":{"line":644,"column":38}},"319":{"start":{"line":654,"column":4},"end":{"line":661,"column":5}},"320":{"start":{"line":655,"column":32},"end":{"line":655,"column":77}},"321":{"start":{"line":656,"column":6},"end":{"line":659,"column":7}},"322":{"start":{"line":657,"column":8},"end":{"line":658,"column":132}},"323":{"start":{"line":660,"column":6},"end":{"line":660,"column":13}},"324":{"start":{"line":663,"column":4},"end":{"line":665,"column":63}},"325":{"start":{"line":665,"column":40},"end":{"line":665,"column":61}},"326":{"start":{"line":666,"column":4},"end":{"line":668,"column":62}},"327":{"start":{"line":668,"column":40},"end":{"line":668,"column":60}},"328":{"start":{"line":669,"column":4},"end":{"line":678,"column":9}},"329":{"start":{"line":672,"column":27},"end":{"line":674,"column":22}},"330":{"start":{"line":675,"column":8},"end":{"line":677,"column":9}},"331":{"start":{"line":676,"column":10},"end":{"line":676,"column":62}},"332":{"start":{"line":681,"column":24},"end":{"line":681,"column":56}},"333":{"start":{"line":682,"column":4},"end":{"line":682,"column":43}},"334":{"start":{"line":683,"column":4},"end":{"line":683,"column":47}},"335":{"start":{"line":684,"column":4},"end":{"line":684,"column":42}},"336":{"start":{"line":685,"column":4},"end":{"line":685,"column":79}},"337":{"start":{"line":685,"column":48},"end":{"line":685,"column":77}},"338":{"start":{"line":687,"column":30},"end":{"line":687,"column":75}},"339":{"start":{"line":688,"column":4},"end":{"line":698,"column":5}},"340":{"start":{"line":689,"column":32},"end":{"line":691,"column":7}},"341":{"start":{"line":692,"column":6},"end":{"line":697,"column":7}},"342":{"start":{"line":693,"column":8},"end":{"line":696,"column":10}},"343":{"start":{"line":700,"column":4},"end":{"line":700,"column":34}},"344":{"start":{"line":704,"column":23},"end":{"line":704,"column":76}},"345":{"start":{"line":706,"column":6},"end":{"line":706,"column":67}},"346":{"start":{"line":708,"column":23},"end":{"line":708,"column":70}},"347":{"start":{"line":709,"column":21},"end":{"line":709,"column":70}},"348":{"start":{"line":710,"column":24},"end":{"line":710,"column":70}},"349":{"start":{"line":712,"column":4},"end":{"line":722,"column":5}},"350":{"start":{"line":713,"column":6},"end":{"line":713,"column":41}},"351":{"start":{"line":714,"column":6},"end":{"line":714,"column":39}},"352":{"start":{"line":715,"column":6},"end":{"line":715,"column":48}},"353":{"start":{"line":716,"column":6},"end":{"line":721,"column":8}},"354":{"start":{"line":724,"column":4},"end":{"line":726,"column":5}},"355":{"start":{"line":725,"column":6},"end":{"line":725,"column":41}},"356":{"start":{"line":729,"column":21},"end":{"line":729,"column":63}},"357":{"start":{"line":730,"column":20},"end":{"line":730,"column":61}},"358":{"start":{"line":731,"column":4},"end":{"line":734,"column":5}},"359":{"start":{"line":732,"column":6},"end":{"line":732,"column":32}},"360":{"start":{"line":733,"column":6},"end":{"line":733,"column":50}},"361":{"start":{"line":735,"column":4},"end":{"line":738,"column":5}},"362":{"start":{"line":736,"column":6},"end":{"line":736,"column":30}},"363":{"start":{"line":737,"column":6},"end":{"line":737,"column":38}},"364":{"start":{"line":740,"column":4},"end":{"line":742,"column":5}},"365":{"start":{"line":741,"column":6},"end":{"line":741,"column":80}},"366":{"start":{"line":741,"column":23},"end":{"line":741,"column":73}},"367":{"start":{"line":746,"column":21},"end":{"line":746,"column":63}},"368":{"start":{"line":747,"column":20},"end":{"line":747,"column":61}},"369":{"start":{"line":748,"column":21},"end":{"line":748,"column":70}},"370":{"start":{"line":750,"column":4},"end":{"line":753,"column":5}},"371":{"start":{"line":751,"column":6},"end":{"line":751,"column":31}},"372":{"start":{"line":752,"column":6},"end":{"line":752,"column":31}},"373":{"start":{"line":755,"column":4},"end":{"line":759,"column":5}},"374":{"start":{"line":756,"column":6},"end":{"line":757,"column":75}},"375":{"start":{"line":758,"column":6},"end":{"line":758,"column":39}},"376":{"start":{"line":761,"column":4},"end":{"line":838,"column":6}},"377":{"start":{"line":763,"column":27},"end":{"line":765,"column":37}},"378":{"start":{"line":766,"column":25},"end":{"line":766,"column":74}},"379":{"start":{"line":767,"column":28},"end":{"line":767,"column":74}},"380":{"start":{"line":769,"column":8},"end":{"line":824,"column":9}},"381":{"start":{"line":770,"column":35},"end":{"line":770,"column":68}},"382":{"start":{"line":771,"column":35},"end":{"line":771,"column":66}},"383":{"start":{"line":773,"column":10},"end":{"line":822,"column":11}},"384":{"start":{"line":774,"column":12},"end":{"line":780,"column":14}},"385":{"start":{"line":781,"column":32},"end":{"line":783,"column":13}},"386":{"start":{"line":784,"column":12},"end":{"line":787,"column":14}},"387":{"start":{"line":788,"column":12},"end":{"line":788,"column":78}},"388":{"start":{"line":791,"column":12},"end":{"line":803,"column":21}},"389":{"start":{"line":792,"column":35},"end":{"line":794,"column":15}},"390":{"start":{"line":795,"column":14},"end":{"line":802,"column":15}},"391":{"start":{"line":796,"column":16},"end":{"line":796,"column":46}},"392":{"start":{"line":799,"column":16},"end":{"line":801,"column":19}},"393":{"start":{"line":800,"column":18},"end":{"line":800,"column":51}},"394":{"start":{"line":805,"column":12},"end":{"line":812,"column":14}},"395":{"start":{"line":813,"column":12},"end":{"line":816,"column":14}},"396":{"start":{"line":819,"column":12},"end":{"line":821,"column":13}},"397":{"start":{"line":820,"column":14},"end":{"line":820,"column":50}},"398":{"start":{"line":823,"column":10},"end":{"line":823,"column":43}},"399":{"start":{"line":827,"column":25},"end":{"line":827,"column":74}},"400":{"start":{"line":828,"column":8},"end":{"line":836,"column":9}},"401":{"start":{"line":829,"column":10},"end":{"line":834,"column":12}},"402":{"start":{"line":835,"column":10},"end":{"line":835,"column":43}},"403":{"start":{"line":842,"column":21},"end":{"line":842,"column":63}},"404":{"start":{"line":843,"column":20},"end":{"line":843,"column":61}},"405":{"start":{"line":844,"column":21},"end":{"line":844,"column":70}},"406":{"start":{"line":846,"column":4},"end":{"line":849,"column":5}},"407":{"start":{"line":847,"column":6},"end":{"line":847,"column":32}},"408":{"start":{"line":848,"column":6},"end":{"line":848,"column":30}},"409":{"start":{"line":851,"column":4},"end":{"line":854,"column":5}},"410":{"start":{"line":852,"column":6},"end":{"line":853,"column":76}},"411":{"start":{"line":856,"column":4},"end":{"line":856,"column":39}},"412":{"start":{"line":861,"column":4},"end":{"line":861,"column":35}},"413":{"start":{"line":862,"column":4},"end":{"line":862,"column":64}},"414":{"start":{"line":863,"column":4},"end":{"line":863,"column":36}},"415":{"start":{"line":866,"column":4},"end":{"line":868,"column":70}},"416":{"start":{"line":868,"column":40},"end":{"line":868,"column":68}},"417":{"start":{"line":869,"column":4},"end":{"line":871,"column":60}},"418":{"start":{"line":871,"column":40},"end":{"line":871,"column":58}},"419":{"start":{"line":875,"column":22},"end":{"line":875,"column":24}},"420":{"start":{"line":876,"column":26},"end":{"line":876,"column":60}},"421":{"start":{"line":879,"column":4},"end":{"line":894,"column":7}},"422":{"start":{"line":881,"column":25},"end":{"line":881,"column":65}},"423":{"start":{"line":881,"column":48},"end":{"line":881,"column":64}},"424":{"start":{"line":882,"column":27},"end":{"line":885,"column":27}},"425":{"start":{"line":885,"column":20},"end":{"line":885,"column":26}},"426":{"start":{"line":886,"column":25},"end":{"line":886,"column":79}},"427":{"start":{"line":888,"column":6},"end":{"line":893,"column":9}},"428":{"start":{"line":897,"column":4},"end":{"line":897,"column":21}},"429":{"start":{"line":901,"column":21},"end":{"line":901,"column":72}},"430":{"start":{"line":902,"column":4},"end":{"line":902,"column":26}},"431":{"start":{"line":902,"column":19},"end":{"line":902,"column":26}},"432":{"start":{"line":905,"column":25},"end":{"line":905,"column":75}},"433":{"start":{"line":906,"column":4},"end":{"line":908,"column":5}},"434":{"start":{"line":907,"column":6},"end":{"line":907,"column":51}},"435":{"start":{"line":911,"column":29},"end":{"line":911,"column":73}},"436":{"start":{"line":912,"column":4},"end":{"line":924,"column":5}},"437":{"start":{"line":913,"column":6},"end":{"line":913,"column":38}},"438":{"start":{"line":914,"column":6},"end":{"line":923,"column":9}},"439":{"start":{"line":915,"column":23},"end":{"line":915,"column":55}},"440":{"start":{"line":916,"column":8},"end":{"line":916,"column":57}},"441":{"start":{"line":917,"column":8},"end":{"line":917,"column":36}},"442":{"start":{"line":918,"column":8},"end":{"line":918,"column":39}},"443":{"start":{"line":919,"column":8},"end":{"line":921,"column":10}},"444":{"start":{"line":920,"column":10},"end":{"line":920,"column":44}},"445":{"start":{"line":922,"column":8},"end":{"line":922,"column":45}},"446":{"start":{"line":927,"column":21},"end":{"line":927,"column":66}},"447":{"start":{"line":928,"column":4},"end":{"line":931,"column":5}},"448":{"start":{"line":929,"column":6},"end":{"line":929,"column":38}},"449":{"start":{"line":930,"column":6},"end":{"line":930,"column":48}},"450":{"start":{"line":933,"column":20},"end":{"line":933,"column":61}},"451":{"start":{"line":934,"column":22},"end":{"line":934,"column":65}},"452":{"start":{"line":935,"column":4},"end":{"line":935,"column":49}},"453":{"start":{"line":935,"column":17},"end":{"line":935,"column":49}},"454":{"start":{"line":936,"column":4},"end":{"line":936,"column":53}},"455":{"start":{"line":936,"column":19},"end":{"line":936,"column":53}},"456":{"start":{"line":939,"column":27},"end":{"line":939,"column":71}},"457":{"start":{"line":940,"column":25},"end":{"line":940,"column":67}},"458":{"start":{"line":941,"column":4},"end":{"line":942,"column":79}},"459":{"start":{"line":942,"column":6},"end":{"line":942,"column":79}},"460":{"start":{"line":943,"column":4},"end":{"line":944,"column":75}},"461":{"start":{"line":944,"column":6},"end":{"line":944,"column":75}},"462":{"start":{"line":947,"column":4},"end":{"line":952,"column":5}},"463":{"start":{"line":948,"column":6},"end":{"line":951,"column":8}},"464":{"start":{"line":949,"column":14},"end":{"line":949,"column":72}},"465":{"start":{"line":956,"column":21},"end":{"line":956,"column":72}},"466":{"start":{"line":957,"column":4},"end":{"line":957,"column":26}},"467":{"start":{"line":957,"column":19},"end":{"line":957,"column":26}},"468":{"start":{"line":960,"column":37},"end":{"line":960,"column":72}},"469":{"start":{"line":961,"column":36},"end":{"line":961,"column":73}},"470":{"start":{"line":962,"column":22},"end":{"line":962,"column":74}},"471":{"start":{"line":964,"column":21},"end":{"line":964,"column":66}},"472":{"start":{"line":967,"column":4},"end":{"line":977,"column":7}},"473":{"start":{"line":968,"column":6},"end":{"line":968,"column":29}},"474":{"start":{"line":969,"column":6},"end":{"line":969,"column":54}},"475":{"start":{"line":971,"column":27},"end":{"line":971,"column":69}},"476":{"start":{"line":972,"column":6},"end":{"line":976,"column":7}},"477":{"start":{"line":973,"column":8},"end":{"line":973,"column":40}},"478":{"start":{"line":974,"column":13},"end":{"line":976,"column":7}},"479":{"start":{"line":975,"column":8},"end":{"line":975,"column":42}},"480":{"start":{"line":979,"column":4},"end":{"line":1001,"column":5}},"481":{"start":{"line":980,"column":6},"end":{"line":980,"column":76}},"482":{"start":{"line":981,"column":21},"end":{"line":983,"column":7}},"483":{"start":{"line":984,"column":6},"end":{"line":984,"column":69}},"484":{"start":{"line":986,"column":36},"end":{"line":986,"column":78}},"485":{"start":{"line":987,"column":6},"end":{"line":989,"column":7}},"486":{"start":{"line":988,"column":8},"end":{"line":988,"column":57}},"487":{"start":{"line":990,"column":6},"end":{"line":990,"column":69}},"488":{"start":{"line":992,"column":6},"end":{"line":996,"column":8}},"489":{"start":{"line":997,"column":6},"end":{"line":1000,"column":8}},"490":{"start":{"line":1004,"column":4},"end":{"line":1013,"column":13}},"491":{"start":{"line":1005,"column":22},"end":{"line":1005,"column":63}},"492":{"start":{"line":1006,"column":24},"end":{"line":1006,"column":67}},"493":{"start":{"line":1008,"column":6},"end":{"line":1012,"column":7}},"494":{"start":{"line":1009,"column":8},"end":{"line":1009,"column":56}},"495":{"start":{"line":1009,"column":21},"end":{"line":1009,"column":56}},"496":{"start":{"line":1011,"column":8},"end":{"line":1011,"column":60}},"497":{"start":{"line":1011,"column":23},"end":{"line":1011,"column":60}},"498":{"start":{"line":1017,"column":4},"end":{"line":1017,"column":33}},"499":{"start":{"line":1018,"column":4},"end":{"line":1018,"column":36}},"500":{"start":{"line":1022,"column":23},"end":{"line":1022,"column":52}},"501":{"start":{"line":1024,"column":6},"end":{"line":1024,"column":69}},"502":{"start":{"line":1025,"column":23},"end":{"line":1025,"column":69}},"503":{"start":{"line":1027,"column":30},"end":{"line":1027,"column":68}},"504":{"start":{"line":1028,"column":4},"end":{"line":1030,"column":5}},"505":{"start":{"line":1029,"column":6},"end":{"line":1029,"column":95}},"506":{"start":{"line":1033,"column":25},"end":{"line":1037,"column":5}},"507":{"start":{"line":1039,"column":34},"end":{"line":1039,"column":73}},"508":{"start":{"line":1040,"column":4},"end":{"line":1048,"column":5}},"509":{"start":{"line":1041,"column":6},"end":{"line":1041,"column":43}},"510":{"start":{"line":1042,"column":6},"end":{"line":1047,"column":9}},"511":{"start":{"line":1043,"column":22},"end":{"line":1043,"column":52}},"512":{"start":{"line":1044,"column":8},"end":{"line":1044,"column":46}},"513":{"start":{"line":1045,"column":8},"end":{"line":1045,"column":40}},"514":{"start":{"line":1046,"column":8},"end":{"line":1046,"column":49}},"515":{"start":{"line":1050,"column":4},"end":{"line":1050,"column":48}},"516":{"start":{"line":1053,"column":4},"end":{"line":1056,"column":6}},"517":{"start":{"line":1062,"column":4},"end":{"line":1065,"column":7}},"518":{"start":{"line":1063,"column":6},"end":{"line":1063,"column":32}},"519":{"start":{"line":1064,"column":6},"end":{"line":1064,"column":52}},"520":{"start":{"line":1068,"column":4},"end":{"line":1071,"column":7}},"521":{"start":{"line":1069,"column":6},"end":{"line":1069,"column":27}},"522":{"start":{"line":1070,"column":6},"end":{"line":1070,"column":50}},"523":{"start":{"line":1076,"column":4},"end":{"line":1076,"column":35}},"524":{"start":{"line":1077,"column":4},"end":{"line":1077,"column":33}},"525":{"start":{"line":1078,"column":4},"end":{"line":1078,"column":64}},"526":{"start":{"line":1079,"column":4},"end":{"line":1079,"column":36}},"527":{"start":{"line":1082,"column":34},"end":{"line":1082,"column":76}},"528":{"start":{"line":1083,"column":4},"end":{"line":1085,"column":5}},"529":{"start":{"line":1084,"column":6},"end":{"line":1084,"column":46}},"530":{"start":{"line":1090,"column":4},"end":{"line":1090,"column":30}},"531":{"start":{"line":1091,"column":4},"end":{"line":1091,"column":35}},"532":{"start":{"line":1092,"column":4},"end":{"line":1092,"column":33}},"533":{"start":{"line":1093,"column":4},"end":{"line":1093,"column":30}},"534":{"start":{"line":1095,"column":4},"end":{"line":1095,"column":28}},"535":{"start":{"line":1100,"column":4},"end":{"line":1111,"column":5}},"536":{"start":{"line":1102,"column":8},"end":{"line":1102,"column":34}},"537":{"start":{"line":1103,"column":8},"end":{"line":1103,"column":34}},"538":{"start":{"line":1104,"column":8},"end":{"line":1104,"column":14}},"539":{"start":{"line":1106,"column":8},"end":{"line":1106,"column":34}},"540":{"start":{"line":1107,"column":8},"end":{"line":1107,"column":14}},"541":{"start":{"line":1109,"column":8},"end":{"line":1109,"column":33}},"542":{"start":{"line":1110,"column":8},"end":{"line":1110,"column":14}},"543":{"start":{"line":1117,"column":4},"end":{"line":1117,"column":33}},"544":{"start":{"line":1118,"column":4},"end":{"line":1118,"column":44}},"545":{"start":{"line":1121,"column":4},"end":{"line":1123,"column":7}},"546":{"start":{"line":1122,"column":6},"end":{"line":1122,"column":39}},"547":{"start":{"line":1126,"column":4},"end":{"line":1126,"column":28}},"548":{"start":{"line":1129,"column":4},"end":{"line":1129,"column":29}},"549":{"start":{"line":1130,"column":4},"end":{"line":1130,"column":30}},"550":{"start":{"line":1131,"column":4},"end":{"line":1131,"column":34}},"551":{"start":{"line":1134,"column":22},"end":{"line":1134,"column":60}},"552":{"start":{"line":1135,"column":4},"end":{"line":1138,"column":7}},"553":{"start":{"line":1136,"column":6},"end":{"line":1136,"column":38}},"554":{"start":{"line":1137,"column":6},"end":{"line":1137,"column":32}},"555":{"start":{"line":1141,"column":4},"end":{"line":1141,"column":37}},"556":{"start":{"line":1142,"column":4},"end":{"line":1142,"column":25}},"557":{"start":{"line":1147,"column":0},"end":{"line":1149,"column":3}},"558":{"start":{"line":1148,"column":2},"end":{"line":1148,"column":37}}},"fnMap":{"0":{"name":"(anonymous_0)","decl":{"start":{"line":9,"column":2},"end":{"line":9,"column":3}},"loc":{"start":{"line":9,"column":16},"end":{"line":23,"column":3}},"line":9},"1":{"name":"(anonymous_1)","decl":{"start":{"line":25,"column":2},"end":{"line":25,"column":3}},"loc":{"start":{"line":25,"column":18},"end":{"line":37,"column":3}},"line":25},"2":{"name":"(anonymous_2)","decl":{"start":{"line":39,"column":2},"end":{"line":39,"column":3}},"loc":{"start":{"line":39,"column":17},"end":{"line":44,"column":3}},"line":39},"3":{"name":"(anonymous_3)","decl":{"start":{"line":46,"column":2},"end":{"line":46,"column":3}},"loc":{"start":{"line":46,"column":17},"end":{"line":48,"column":3}},"line":46},"4":{"name":"(anonymous_4)","decl":{"start":{"line":51,"column":2},"end":{"line":51,"column":3}},"loc":{"start":{"line":51,"column":24},"end":{"line":118,"column":3}},"line":51},"5":{"name":"(anonymous_5)","decl":{"start":{"line":55,"column":68},"end":{"line":55,"column":69}},"loc":{"start":{"line":55,"column":74},"end":{"line":60,"column":5}},"line":55},"6":{"name":"(anonymous_6)","decl":{"start":{"line":62,"column":68},"end":{"line":62,"column":69}},"loc":{"start":{"line":62,"column":74},"end":{"line":67,"column":5}},"line":62},"7":{"name":"(anonymous_7)","decl":{"start":{"line":72,"column":34},"end":{"line":72,"column":35}},"loc":{"start":{"line":72,"column":40},"end":{"line":75,"column":7}},"line":72},"8":{"name":"(anonymous_8)","decl":{"start":{"line":77,"column":68},"end":{"line":77,"column":69}},"loc":{"start":{"line":77,"column":74},"end":{"line":80,"column":5}},"line":77},"9":{"name":"(anonymous_9)","decl":{"start":{"line":84,"column":34},"end":{"line":84,"column":35}},"loc":{"start":{"line":84,"column":40},"end":{"line":87,"column":7}},"line":84},"10":{"name":"(anonymous_10)","decl":{"start":{"line":89,"column":71},"end":{"line":89,"column":72}},"loc":{"start":{"line":89,"column":77},"end":{"line":92,"column":5}},"line":89},"11":{"name":"(anonymous_11)","decl":{"start":{"line":96,"column":34},"end":{"line":96,"column":35}},"loc":{"start":{"line":96,"column":40},"end":{"line":99,"column":7}},"line":96},"12":{"name":"(anonymous_12)","decl":{"start":{"line":102,"column":72},"end":{"line":102,"column":73}},"loc":{"start":{"line":102,"column":79},"end":{"line":105,"column":5}},"line":102},"13":{"name":"(anonymous_13)","decl":{"start":{"line":107,"column":71},"end":{"line":107,"column":72}},"loc":{"start":{"line":107,"column":78},"end":{"line":110,"column":5}},"line":107},"14":{"name":"(anonymous_14)","decl":{"start":{"line":114,"column":35},"end":{"line":114,"column":36}},"loc":{"start":{"line":114,"column":42},"end":{"line":117,"column":7}},"line":114},"15":{"name":"(anonymous_15)","decl":{"start":{"line":120,"column":2},"end":{"line":120,"column":3}},"loc":{"start":{"line":120,"column":23},"end":{"line":158,"column":3}},"line":120},"16":{"name":"(anonymous_16)","decl":{"start":{"line":154,"column":8},"end":{"line":154,"column":9}},"loc":{"start":{"line":154,"column":14},"end":{"line":154,"column":70}},"line":154},"17":{"name":"(anonymous_17)","decl":{"start":{"line":161,"column":2},"end":{"line":161,"column":3}},"loc":{"start":{"line":161,"column":27},"end":{"line":179,"column":3}},"line":161},"18":{"name":"(anonymous_18)","decl":{"start":{"line":166,"column":55},"end":{"line":166,"column":56}},"loc":{"start":{"line":166,"column":67},"end":{"line":173,"column":5}},"line":166},"19":{"name":"(anonymous_19)","decl":{"start":{"line":167,"column":39},"end":{"line":167,"column":40}},"loc":{"start":{"line":167,"column":45},"end":{"line":172,"column":7}},"line":167},"20":{"name":"(anonymous_20)","decl":{"start":{"line":182,"column":2},"end":{"line":182,"column":3}},"loc":{"start":{"line":182,"column":32},"end":{"line":194,"column":3}},"line":182},"21":{"name":"(anonymous_21)","decl":{"start":{"line":196,"column":2},"end":{"line":196,"column":3}},"loc":{"start":{"line":196,"column":29},"end":{"line":207,"column":3}},"line":196},"22":{"name":"(anonymous_22)","decl":{"start":{"line":198,"column":51},"end":{"line":198,"column":52}},"loc":{"start":{"line":198,"column":65},"end":{"line":200,"column":5}},"line":198},"23":{"name":"(anonymous_23)","decl":{"start":{"line":210,"column":2},"end":{"line":210,"column":3}},"loc":{"start":{"line":210,"column":27},"end":{"line":215,"column":3}},"line":210},"24":{"name":"(anonymous_24)","decl":{"start":{"line":213,"column":34},"end":{"line":213,"column":35}},"loc":{"start":{"line":213,"column":40},"end":{"line":213,"column":59}},"line":213},"25":{"name":"(anonymous_25)","decl":{"start":{"line":217,"column":2},"end":{"line":217,"column":3}},"loc":{"start":{"line":217,"column":22},"end":{"line":314,"column":3}},"line":217},"26":{"name":"(anonymous_26)","decl":{"start":{"line":235,"column":15},"end":{"line":235,"column":16}},"loc":{"start":{"line":235,"column":28},"end":{"line":243,"column":7}},"line":235},"27":{"name":"(anonymous_27)","decl":{"start":{"line":246,"column":26},"end":{"line":246,"column":27}},"loc":{"start":{"line":246,"column":36},"end":{"line":264,"column":5}},"line":246},"28":{"name":"(anonymous_28)","decl":{"start":{"line":255,"column":41},"end":{"line":255,"column":42}},"loc":{"start":{"line":255,"column":48},"end":{"line":259,"column":7}},"line":255},"29":{"name":"(anonymous_29)","decl":{"start":{"line":261,"column":39},"end":{"line":261,"column":40}},"loc":{"start":{"line":261,"column":45},"end":{"line":263,"column":7}},"line":261},"30":{"name":"(anonymous_30)","decl":{"start":{"line":267,"column":52},"end":{"line":267,"column":53}},"loc":{"start":{"line":267,"column":62},"end":{"line":313,"column":5}},"line":267},"31":{"name":"(anonymous_31)","decl":{"start":{"line":276,"column":44},"end":{"line":276,"column":45}},"loc":{"start":{"line":276,"column":51},"end":{"line":279,"column":7}},"line":276},"32":{"name":"(anonymous_32)","decl":{"start":{"line":281,"column":45},"end":{"line":281,"column":46}},"loc":{"start":{"line":281,"column":51},"end":{"line":283,"column":7}},"line":281},"33":{"name":"(anonymous_33)","decl":{"start":{"line":285,"column":40},"end":{"line":285,"column":41}},"loc":{"start":{"line":285,"column":47},"end":{"line":312,"column":7}},"line":285},"34":{"name":"(anonymous_34)","decl":{"start":{"line":316,"column":2},"end":{"line":316,"column":3}},"loc":{"start":{"line":316,"column":17},"end":{"line":378,"column":3}},"line":316},"35":{"name":"(anonymous_35)","decl":{"start":{"line":321,"column":22},"end":{"line":321,"column":23}},"loc":{"start":{"line":321,"column":32},"end":{"line":345,"column":5}},"line":321},"36":{"name":"(anonymous_36)","decl":{"start":{"line":358,"column":17},"end":{"line":358,"column":18}},"loc":{"start":{"line":358,"column":23},"end":{"line":370,"column":7}},"line":358},"37":{"name":"(anonymous_37)","decl":{"start":{"line":366,"column":57},"end":{"line":366,"column":58}},"loc":{"start":{"line":366,"column":71},"end":{"line":368,"column":11}},"line":366},"38":{"name":"(anonymous_38)","decl":{"start":{"line":376,"column":17},"end":{"line":376,"column":18}},"loc":{"start":{"line":376,"column":23},"end":{"line":376,"column":47}},"line":376},"39":{"name":"(anonymous_39)","decl":{"start":{"line":381,"column":2},"end":{"line":381,"column":3}},"loc":{"start":{"line":381,"column":28},"end":{"line":400,"column":3}},"line":381},"40":{"name":"(anonymous_40)","decl":{"start":{"line":384,"column":34},"end":{"line":384,"column":35}},"loc":{"start":{"line":384,"column":40},"end":{"line":384,"column":63}},"line":384},"41":{"name":"(anonymous_41)","decl":{"start":{"line":385,"column":72},"end":{"line":385,"column":73}},"loc":{"start":{"line":385,"column":78},"end":{"line":393,"column":5}},"line":385},"42":{"name":"(anonymous_42)","decl":{"start":{"line":397,"column":34},"end":{"line":397,"column":35}},"loc":{"start":{"line":397,"column":40},"end":{"line":397,"column":58}},"line":397},"43":{"name":"(anonymous_43)","decl":{"start":{"line":402,"column":2},"end":{"line":402,"column":3}},"loc":{"start":{"line":402,"column":23},"end":{"line":435,"column":3}},"line":402},"44":{"name":"(anonymous_44)","decl":{"start":{"line":431,"column":8},"end":{"line":431,"column":9}},"loc":{"start":{"line":431,"column":14},"end":{"line":431,"column":78}},"line":431},"45":{"name":"(anonymous_45)","decl":{"start":{"line":437,"column":2},"end":{"line":437,"column":3}},"loc":{"start":{"line":437,"column":30},"end":{"line":455,"column":3}},"line":437},"46":{"name":"(anonymous_46)","decl":{"start":{"line":445,"column":29},"end":{"line":445,"column":30}},"loc":{"start":{"line":445,"column":48},"end":{"line":454,"column":5}},"line":445},"47":{"name":"(anonymous_47)","decl":{"start":{"line":452,"column":39},"end":{"line":452,"column":40}},"loc":{"start":{"line":452,"column":45},"end":{"line":452,"column":70}},"line":452},"48":{"name":"(anonymous_48)","decl":{"start":{"line":457,"column":2},"end":{"line":457,"column":3}},"loc":{"start":{"line":457,"column":30},"end":{"line":470,"column":3}},"line":457},"49":{"name":"(anonymous_49)","decl":{"start":{"line":467,"column":37},"end":{"line":467,"column":38}},"loc":{"start":{"line":467,"column":43},"end":{"line":467,"column":65}},"line":467},"50":{"name":"(anonymous_50)","decl":{"start":{"line":472,"column":2},"end":{"line":472,"column":3}},"loc":{"start":{"line":472,"column":23},"end":{"line":495,"column":3}},"line":472},"51":{"name":"(anonymous_51)","decl":{"start":{"line":497,"column":2},"end":{"line":497,"column":3}},"loc":{"start":{"line":497,"column":27},"end":{"line":521,"column":3}},"line":497},"52":{"name":"(anonymous_52)","decl":{"start":{"line":505,"column":20},"end":{"line":505,"column":21}},"loc":{"start":{"line":505,"column":27},"end":{"line":509,"column":5}},"line":505},"53":{"name":"(anonymous_53)","decl":{"start":{"line":523,"column":2},"end":{"line":523,"column":3}},"loc":{"start":{"line":523,"column":22},"end":{"line":536,"column":3}},"line":523},"54":{"name":"(anonymous_54)","decl":{"start":{"line":538,"column":2},"end":{"line":538,"column":3}},"loc":{"start":{"line":538,"column":16},"end":{"line":558,"column":3}},"line":538},"55":{"name":"(anonymous_55)","decl":{"start":{"line":548,"column":54},"end":{"line":548,"column":55}},"loc":{"start":{"line":548,"column":64},"end":{"line":552,"column":5}},"line":548},"56":{"name":"(anonymous_56)","decl":{"start":{"line":555,"column":56},"end":{"line":555,"column":57}},"loc":{"start":{"line":555,"column":68},"end":{"line":557,"column":5}},"line":555},"57":{"name":"(anonymous_57)","decl":{"start":{"line":560,"column":2},"end":{"line":560,"column":3}},"loc":{"start":{"line":560,"column":21},"end":{"line":634,"column":3}},"line":560},"58":{"name":"(anonymous_58)","decl":{"start":{"line":603,"column":17},"end":{"line":603,"column":18}},"loc":{"start":{"line":603,"column":23},"end":{"line":615,"column":7}},"line":603},"59":{"name":"(anonymous_59)","decl":{"start":{"line":611,"column":57},"end":{"line":611,"column":58}},"loc":{"start":{"line":611,"column":71},"end":{"line":613,"column":11}},"line":611},"60":{"name":"(anonymous_60)","decl":{"start":{"line":632,"column":17},"end":{"line":632,"column":18}},"loc":{"start":{"line":632,"column":23},"end":{"line":632,"column":41}},"line":632},"61":{"name":"(anonymous_61)","decl":{"start":{"line":636,"column":2},"end":{"line":636,"column":3}},"loc":{"start":{"line":636,"column":25},"end":{"line":650,"column":3}},"line":636},"62":{"name":"(anonymous_62)","decl":{"start":{"line":638,"column":61},"end":{"line":638,"column":62}},"loc":{"start":{"line":638,"column":78},"end":{"line":649,"column":5}},"line":638},"63":{"name":"(anonymous_63)","decl":{"start":{"line":639,"column":17},"end":{"line":639,"column":18}},"loc":{"start":{"line":639,"column":23},"end":{"line":648,"column":7}},"line":639},"64":{"name":"(anonymous_64)","decl":{"start":{"line":643,"column":10},"end":{"line":643,"column":11}},"loc":{"start":{"line":643,"column":16},"end":{"line":645,"column":11}},"line":643},"65":{"name":"(anonymous_65)","decl":{"start":{"line":653,"column":2},"end":{"line":653,"column":3}},"loc":{"start":{"line":653,"column":32},"end":{"line":701,"column":3}},"line":653},"66":{"name":"(anonymous_66)","decl":{"start":{"line":665,"column":34},"end":{"line":665,"column":35}},"loc":{"start":{"line":665,"column":40},"end":{"line":665,"column":61}},"line":665},"67":{"name":"(anonymous_67)","decl":{"start":{"line":668,"column":34},"end":{"line":668,"column":35}},"loc":{"start":{"line":668,"column":40},"end":{"line":668,"column":60}},"line":668},"68":{"name":"(anonymous_68)","decl":{"start":{"line":671,"column":34},"end":{"line":671,"column":35}},"loc":{"start":{"line":671,"column":40},"end":{"line":678,"column":7}},"line":671},"69":{"name":"(anonymous_69)","decl":{"start":{"line":685,"column":42},"end":{"line":685,"column":43}},"loc":{"start":{"line":685,"column":48},"end":{"line":685,"column":77}},"line":685},"70":{"name":"(anonymous_70)","decl":{"start":{"line":703,"column":2},"end":{"line":703,"column":3}},"loc":{"start":{"line":703,"column":27},"end":{"line":743,"column":3}},"line":703},"71":{"name":"(anonymous_71)","decl":{"start":{"line":741,"column":17},"end":{"line":741,"column":18}},"loc":{"start":{"line":741,"column":23},"end":{"line":741,"column":73}},"line":741},"72":{"name":"(anonymous_72)","decl":{"start":{"line":745,"column":2},"end":{"line":745,"column":3}},"loc":{"start":{"line":745,"column":19},"end":{"line":839,"column":3}},"line":745},"73":{"name":"(anonymous_73)","decl":{"start":{"line":762,"column":6},"end":{"line":762,"column":7}},"loc":{"start":{"line":762,"column":24},"end":{"line":825,"column":7}},"line":762},"74":{"name":"(anonymous_74)","decl":{"start":{"line":791,"column":23},"end":{"line":791,"column":24}},"loc":{"start":{"line":791,"column":29},"end":{"line":803,"column":13}},"line":791},"75":{"name":"(anonymous_75)","decl":{"start":{"line":799,"column":63},"end":{"line":799,"column":64}},"loc":{"start":{"line":799,"column":77},"end":{"line":801,"column":17}},"line":799},"76":{"name":"(anonymous_76)","decl":{"start":{"line":826,"column":6},"end":{"line":826,"column":7}},"loc":{"start":{"line":826,"column":17},"end":{"line":837,"column":7}},"line":826},"77":{"name":"(anonymous_77)","decl":{"start":{"line":841,"column":2},"end":{"line":841,"column":3}},"loc":{"start":{"line":841,"column":18},"end":{"line":857,"column":3}},"line":841},"78":{"name":"(anonymous_78)","decl":{"start":{"line":860,"column":2},"end":{"line":860,"column":3}},"loc":{"start":{"line":860,"column":28},"end":{"line":872,"column":3}},"line":860},"79":{"name":"(anonymous_79)","decl":{"start":{"line":868,"column":34},"end":{"line":868,"column":35}},"loc":{"start":{"line":868,"column":40},"end":{"line":868,"column":68}},"line":868},"80":{"name":"(anonymous_80)","decl":{"start":{"line":871,"column":34},"end":{"line":871,"column":35}},"loc":{"start":{"line":871,"column":40},"end":{"line":871,"column":58}},"line":871},"81":{"name":"(anonymous_81)","decl":{"start":{"line":874,"column":2},"end":{"line":874,"column":3}},"loc":{"start":{"line":874,"column":31},"end":{"line":898,"column":3}},"line":874},"82":{"name":"(anonymous_82)","decl":{"start":{"line":879,"column":26},"end":{"line":879,"column":27}},"loc":{"start":{"line":879,"column":36},"end":{"line":894,"column":5}},"line":879},"83":{"name":"(anonymous_83)","decl":{"start":{"line":881,"column":41},"end":{"line":881,"column":42}},"loc":{"start":{"line":881,"column":48},"end":{"line":881,"column":64}},"line":881},"84":{"name":"(anonymous_84)","decl":{"start":{"line":885,"column":13},"end":{"line":885,"column":14}},"loc":{"start":{"line":885,"column":20},"end":{"line":885,"column":26}},"line":885},"85":{"name":"(anonymous_85)","decl":{"start":{"line":900,"column":2},"end":{"line":900,"column":3}},"loc":{"start":{"line":900,"column":29},"end":{"line":953,"column":3}},"line":900},"86":{"name":"(anonymous_86)","decl":{"start":{"line":914,"column":31},"end":{"line":914,"column":32}},"loc":{"start":{"line":914,"column":43},"end":{"line":923,"column":7}},"line":914},"87":{"name":"(anonymous_87)","decl":{"start":{"line":919,"column":41},"end":{"line":919,"column":42}},"loc":{"start":{"line":920,"column":10},"end":{"line":920,"column":44}},"line":920},"88":{"name":"(anonymous_88)","decl":{"start":{"line":949,"column":8},"end":{"line":949,"column":9}},"loc":{"start":{"line":949,"column":14},"end":{"line":949,"column":72}},"line":949},"89":{"name":"(anonymous_89)","decl":{"start":{"line":955,"column":2},"end":{"line":955,"column":3}},"loc":{"start":{"line":955,"column":40},"end":{"line":1014,"column":3}},"line":955},"90":{"name":"(anonymous_90)","decl":{"start":{"line":967,"column":53},"end":{"line":967,"column":54}},"loc":{"start":{"line":967,"column":65},"end":{"line":977,"column":5}},"line":967},"91":{"name":"(anonymous_91)","decl":{"start":{"line":1004,"column":15},"end":{"line":1004,"column":16}},"loc":{"start":{"line":1004,"column":21},"end":{"line":1013,"column":5}},"line":1004},"92":{"name":"(anonymous_92)","decl":{"start":{"line":1016,"column":2},"end":{"line":1016,"column":3}},"loc":{"start":{"line":1016,"column":26},"end":{"line":1019,"column":3}},"line":1016},"93":{"name":"(anonymous_93)","decl":{"start":{"line":1021,"column":2},"end":{"line":1021,"column":3}},"loc":{"start":{"line":1021,"column":16},"end":{"line":1057,"column":3}},"line":1021},"94":{"name":"(anonymous_94)","decl":{"start":{"line":1042,"column":27},"end":{"line":1042,"column":28}},"loc":{"start":{"line":1042,"column":44},"end":{"line":1047,"column":7}},"line":1042},"95":{"name":"(anonymous_95)","decl":{"start":{"line":1060,"column":2},"end":{"line":1060,"column":3}},"loc":{"start":{"line":1060,"column":28},"end":{"line":1072,"column":3}},"line":1060},"96":{"name":"(anonymous_96)","decl":{"start":{"line":1062,"column":69},"end":{"line":1062,"column":70}},"loc":{"start":{"line":1062,"column":75},"end":{"line":1065,"column":5}},"line":1062},"97":{"name":"(anonymous_97)","decl":{"start":{"line":1068,"column":71},"end":{"line":1068,"column":72}},"loc":{"start":{"line":1068,"column":77},"end":{"line":1071,"column":5}},"line":1068},"98":{"name":"(anonymous_98)","decl":{"start":{"line":1075,"column":2},"end":{"line":1075,"column":3}},"loc":{"start":{"line":1075,"column":23},"end":{"line":1086,"column":3}},"line":1075},"99":{"name":"(anonymous_99)","decl":{"start":{"line":1089,"column":2},"end":{"line":1089,"column":3}},"loc":{"start":{"line":1089,"column":18},"end":{"line":1096,"column":3}},"line":1089},"100":{"name":"(anonymous_100)","decl":{"start":{"line":1099,"column":2},"end":{"line":1099,"column":3}},"loc":{"start":{"line":1099,"column":18},"end":{"line":1112,"column":3}},"line":1099},"101":{"name":"(anonymous_101)","decl":{"start":{"line":1115,"column":2},"end":{"line":1115,"column":3}},"loc":{"start":{"line":1115,"column":22},"end":{"line":1143,"column":3}},"line":1115},"102":{"name":"(anonymous_102)","decl":{"start":{"line":1121,"column":51},"end":{"line":1121,"column":52}},"loc":{"start":{"line":1121,"column":65},"end":{"line":1123,"column":5}},"line":1121},"103":{"name":"(anonymous_103)","decl":{"start":{"line":1135,"column":22},"end":{"line":1135,"column":23}},"loc":{"start":{"line":1135,"column":36},"end":{"line":1138,"column":5}},"line":1135},"104":{"name":"(anonymous_104)","decl":{"start":{"line":1147,"column":46},"end":{"line":1147,"column":47}},"loc":{"start":{"line":1147,"column":52},"end":{"line":1149,"column":1}},"line":1147}},"branchMap":{"0":{"loc":{"start":{"line":41,"column":4},"end":{"line":43,"column":5}},"type":"if","locations":[{"start":{"line":41,"column":4},"end":{"line":43,"column":5}},{"start":{},"end":{}}],"line":41},"1":{"loc":{"start":{"line":56,"column":6},"end":{"line":59,"column":7}},"type":"if","locations":[{"start":{"line":56,"column":6},"end":{"line":59,"column":7}},{"start":{},"end":{}}],"line":56},"2":{"loc":{"start":{"line":63,"column":6},"end":{"line":66,"column":7}},"type":"if","locations":[{"start":{"line":63,"column":6},"end":{"line":66,"column":7}},{"start":{},"end":{}}],"line":63},"3":{"loc":{"start":{"line":136,"column":4},"end":{"line":137,"column":74}},"type":"if","locations":[{"start":{"line":136,"column":4},"end":{"line":137,"column":74}},{"start":{},"end":{}}],"line":136},"4":{"loc":{"start":{"line":138,"column":4},"end":{"line":138,"column":76}},"type":"if","locations":[{"start":{"line":138,"column":4},"end":{"line":138,"column":76}},{"start":{},"end":{}}],"line":138},"5":{"loc":{"start":{"line":139,"column":4},"end":{"line":142,"column":5}},"type":"if","locations":[{"start":{"line":139,"column":4},"end":{"line":142,"column":5}},{"start":{},"end":{}}],"line":139},"6":{"loc":{"start":{"line":147,"column":4},"end":{"line":147,"column":70}},"type":"if","locations":[{"start":{"line":147,"column":4},"end":{"line":147,"column":70}},{"start":{},"end":{}}],"line":147},"7":{"loc":{"start":{"line":148,"column":4},"end":{"line":149,"column":74}},"type":"if","locations":[{"start":{"line":148,"column":4},"end":{"line":149,"column":74}},{"start":{},"end":{}}],"line":148},"8":{"loc":{"start":{"line":152,"column":4},"end":{"line":157,"column":5}},"type":"if","locations":[{"start":{"line":152,"column":4},"end":{"line":157,"column":5}},{"start":{},"end":{}}],"line":152},"9":{"loc":{"start":{"line":183,"column":4},"end":{"line":193,"column":5}},"type":"switch","locations":[{"start":{"line":184,"column":6},"end":{"line":186,"column":14}},{"start":{"line":187,"column":6},"end":{"line":189,"column":14}},{"start":{"line":190,"column":6},"end":{"line":192,"column":14}}],"line":183},"10":{"loc":{"start":{"line":204,"column":4},"end":{"line":206,"column":5}},"type":"if","locations":[{"start":{"line":204,"column":4},"end":{"line":206,"column":5}},{"start":{},"end":{}}],"line":204},"11":{"loc":{"start":{"line":225,"column":4},"end":{"line":225,"column":55}},"type":"if","locations":[{"start":{"line":225,"column":4},"end":{"line":225,"column":55}},{"start":{},"end":{}}],"line":225},"12":{"loc":{"start":{"line":225,"column":8},"end":{"line":225,"column":46}},"type":"binary-expr","locations":[{"start":{"line":225,"column":8},"end":{"line":225,"column":28}},{"start":{"line":225,"column":32},"end":{"line":225,"column":46}}],"line":225},"13":{"loc":{"start":{"line":296,"column":8},"end":{"line":298,"column":9}},"type":"if","locations":[{"start":{"line":296,"column":8},"end":{"line":298,"column":9}},{"start":{},"end":{}}],"line":296},"14":{"loc":{"start":{"line":304,"column":8},"end":{"line":306,"column":9}},"type":"if","locations":[{"start":{"line":304,"column":8},"end":{"line":306,"column":9}},{"start":{},"end":{}}],"line":304},"15":{"loc":{"start":{"line":325,"column":6},"end":{"line":344,"column":7}},"type":"if","locations":[{"start":{"line":325,"column":6},"end":{"line":344,"column":7}},{"start":{"line":335,"column":13},"end":{"line":344,"column":7}}],"line":325},"16":{"loc":{"start":{"line":330,"column":8},"end":{"line":333,"column":9}},"type":"if","locations":[{"start":{"line":330,"column":8},"end":{"line":333,"column":9}},{"start":{},"end":{}}],"line":330},"17":{"loc":{"start":{"line":335,"column":13},"end":{"line":344,"column":7}},"type":"if","locations":[{"start":{"line":335,"column":13},"end":{"line":344,"column":7}},{"start":{},"end":{}}],"line":335},"18":{"loc":{"start":{"line":340,"column":8},"end":{"line":343,"column":9}},"type":"if","locations":[{"start":{"line":340,"column":8},"end":{"line":343,"column":9}},{"start":{},"end":{}}],"line":340},"19":{"loc":{"start":{"line":351,"column":4},"end":{"line":377,"column":5}},"type":"if","locations":[{"start":{"line":351,"column":4},"end":{"line":377,"column":5}},{"start":{"line":371,"column":11},"end":{"line":377,"column":5}}],"line":351},"20":{"loc":{"start":{"line":362,"column":8},"end":{"line":369,"column":9}},"type":"if","locations":[{"start":{"line":362,"column":8},"end":{"line":369,"column":9}},{"start":{"line":364,"column":15},"end":{"line":369,"column":9}}],"line":362},"21":{"loc":{"start":{"line":387,"column":6},"end":{"line":392,"column":7}},"type":"if","locations":[{"start":{"line":387,"column":6},"end":{"line":392,"column":7}},{"start":{},"end":{}}],"line":387},"22":{"loc":{"start":{"line":415,"column":4},"end":{"line":415,"column":68}},"type":"if","locations":[{"start":{"line":415,"column":4},"end":{"line":415,"column":68}},{"start":{},"end":{}}],"line":415},"23":{"loc":{"start":{"line":416,"column":4},"end":{"line":416,"column":56}},"type":"if","locations":[{"start":{"line":416,"column":4},"end":{"line":416,"column":56}},{"start":{},"end":{}}],"line":416},"24":{"loc":{"start":{"line":424,"column":4},"end":{"line":427,"column":5}},"type":"if","locations":[{"start":{"line":424,"column":4},"end":{"line":427,"column":5}},{"start":{},"end":{}}],"line":424},"25":{"loc":{"start":{"line":429,"column":4},"end":{"line":434,"column":5}},"type":"if","locations":[{"start":{"line":429,"column":4},"end":{"line":434,"column":5}},{"start":{},"end":{}}],"line":429},"26":{"loc":{"start":{"line":442,"column":4},"end":{"line":442,"column":27}},"type":"if","locations":[{"start":{"line":442,"column":4},"end":{"line":442,"column":27}},{"start":{},"end":{}}],"line":442},"27":{"loc":{"start":{"line":459,"column":4},"end":{"line":459,"column":27}},"type":"if","locations":[{"start":{"line":459,"column":4},"end":{"line":459,"column":27}},{"start":{},"end":{}}],"line":459},"28":{"loc":{"start":{"line":473,"column":4},"end":{"line":475,"column":5}},"type":"if","locations":[{"start":{"line":473,"column":4},"end":{"line":475,"column":5}},{"start":{},"end":{}}],"line":473},"29":{"loc":{"start":{"line":480,"column":4},"end":{"line":494,"column":5}},"type":"if","locations":[{"start":{"line":480,"column":4},"end":{"line":494,"column":5}},{"start":{},"end":{}}],"line":480},"30":{"loc":{"start":{"line":486,"column":6},"end":{"line":490,"column":7}},"type":"if","locations":[{"start":{"line":486,"column":6},"end":{"line":490,"column":7}},{"start":{},"end":{}}],"line":486},"31":{"loc":{"start":{"line":499,"column":4},"end":{"line":499,"column":60}},"type":"if","locations":[{"start":{"line":499,"column":4},"end":{"line":499,"column":60}},{"start":{},"end":{}}],"line":499},"32":{"loc":{"start":{"line":499,"column":8},"end":{"line":499,"column":51}},"type":"binary-expr","locations":[{"start":{"line":499,"column":8},"end":{"line":499,"column":13}},{"start":{"line":499,"column":17},"end":{"line":499,"column":51}}],"line":499},"33":{"loc":{"start":{"line":506,"column":6},"end":{"line":508,"column":7}},"type":"if","locations":[{"start":{"line":506,"column":6},"end":{"line":508,"column":7}},{"start":{},"end":{}}],"line":506},"34":{"loc":{"start":{"line":518,"column":4},"end":{"line":520,"column":5}},"type":"if","locations":[{"start":{"line":518,"column":4},"end":{"line":520,"column":5}},{"start":{},"end":{}}],"line":518},"35":{"loc":{"start":{"line":525,"column":4},"end":{"line":527,"column":5}},"type":"if","locations":[{"start":{"line":525,"column":4},"end":{"line":527,"column":5}},{"start":{},"end":{}}],"line":525},"36":{"loc":{"start":{"line":531,"column":6},"end":{"line":533,"column":7}},"type":"if","locations":[{"start":{"line":531,"column":6},"end":{"line":533,"column":7}},{"start":{},"end":{}}],"line":531},"37":{"loc":{"start":{"line":540,"column":4},"end":{"line":546,"column":5}},"type":"if","locations":[{"start":{"line":540,"column":4},"end":{"line":546,"column":5}},{"start":{"line":544,"column":11},"end":{"line":546,"column":5}}],"line":540},"38":{"loc":{"start":{"line":561,"column":4},"end":{"line":561,"column":43}},"type":"if","locations":[{"start":{"line":561,"column":4},"end":{"line":561,"column":43}},{"start":{},"end":{}}],"line":561},"39":{"loc":{"start":{"line":564,"column":4},"end":{"line":564,"column":26}},"type":"if","locations":[{"start":{"line":564,"column":4},"end":{"line":564,"column":26}},{"start":{},"end":{}}],"line":564},"40":{"loc":{"start":{"line":574,"column":4},"end":{"line":585,"column":5}},"type":"if","locations":[{"start":{"line":574,"column":4},"end":{"line":585,"column":5}},{"start":{},"end":{}}],"line":574},"41":{"loc":{"start":{"line":587,"column":4},"end":{"line":633,"column":5}},"type":"if","locations":[{"start":{"line":587,"column":4},"end":{"line":633,"column":5}},{"start":{"line":616,"column":11},"end":{"line":633,"column":5}}],"line":587},"42":{"loc":{"start":{"line":607,"column":8},"end":{"line":614,"column":9}},"type":"if","locations":[{"start":{"line":607,"column":8},"end":{"line":614,"column":9}},{"start":{"line":609,"column":15},"end":{"line":614,"column":9}}],"line":607},"43":{"loc":{"start":{"line":654,"column":4},"end":{"line":661,"column":5}},"type":"if","locations":[{"start":{"line":654,"column":4},"end":{"line":661,"column":5}},{"start":{},"end":{}}],"line":654},"44":{"loc":{"start":{"line":656,"column":6},"end":{"line":659,"column":7}},"type":"if","locations":[{"start":{"line":656,"column":6},"end":{"line":659,"column":7}},{"start":{},"end":{}}],"line":656},"45":{"loc":{"start":{"line":675,"column":8},"end":{"line":677,"column":9}},"type":"if","locations":[{"start":{"line":675,"column":8},"end":{"line":677,"column":9}},{"start":{},"end":{}}],"line":675},"46":{"loc":{"start":{"line":688,"column":4},"end":{"line":698,"column":5}},"type":"if","locations":[{"start":{"line":688,"column":4},"end":{"line":698,"column":5}},{"start":{},"end":{}}],"line":688},"47":{"loc":{"start":{"line":692,"column":6},"end":{"line":697,"column":7}},"type":"if","locations":[{"start":{"line":692,"column":6},"end":{"line":697,"column":7}},{"start":{},"end":{}}],"line":692},"48":{"loc":{"start":{"line":706,"column":6},"end":{"line":706,"column":67}},"type":"cond-expr","locations":[{"start":{"line":706,"column":28},"end":{"line":706,"column":49}},{"start":{"line":706,"column":52},"end":{"line":706,"column":67}}],"line":706},"49":{"loc":{"start":{"line":712,"column":4},"end":{"line":722,"column":5}},"type":"if","locations":[{"start":{"line":712,"column":4},"end":{"line":722,"column":5}},{"start":{},"end":{}}],"line":712},"50":{"loc":{"start":{"line":712,"column":8},"end":{"line":712,"column":30}},"type":"binary-expr","locations":[{"start":{"line":712,"column":8},"end":{"line":712,"column":18}},{"start":{"line":712,"column":22},"end":{"line":712,"column":30}}],"line":712},"51":{"loc":{"start":{"line":724,"column":4},"end":{"line":726,"column":5}},"type":"if","locations":[{"start":{"line":724,"column":4},"end":{"line":726,"column":5}},{"start":{},"end":{}}],"line":724},"52":{"loc":{"start":{"line":731,"column":4},"end":{"line":734,"column":5}},"type":"if","locations":[{"start":{"line":731,"column":4},"end":{"line":734,"column":5}},{"start":{},"end":{}}],"line":731},"53":{"loc":{"start":{"line":735,"column":4},"end":{"line":738,"column":5}},"type":"if","locations":[{"start":{"line":735,"column":4},"end":{"line":738,"column":5}},{"start":{},"end":{}}],"line":735},"54":{"loc":{"start":{"line":740,"column":4},"end":{"line":742,"column":5}},"type":"if","locations":[{"start":{"line":740,"column":4},"end":{"line":742,"column":5}},{"start":{},"end":{}}],"line":740},"55":{"loc":{"start":{"line":750,"column":4},"end":{"line":753,"column":5}},"type":"if","locations":[{"start":{"line":750,"column":4},"end":{"line":753,"column":5}},{"start":{},"end":{}}],"line":750},"56":{"loc":{"start":{"line":750,"column":8},"end":{"line":750,"column":27}},"type":"binary-expr","locations":[{"start":{"line":750,"column":8},"end":{"line":750,"column":16}},{"start":{"line":750,"column":20},"end":{"line":750,"column":27}}],"line":750},"57":{"loc":{"start":{"line":755,"column":4},"end":{"line":759,"column":5}},"type":"if","locations":[{"start":{"line":755,"column":4},"end":{"line":759,"column":5}},{"start":{},"end":{}}],"line":755},"58":{"loc":{"start":{"line":769,"column":8},"end":{"line":824,"column":9}},"type":"if","locations":[{"start":{"line":769,"column":8},"end":{"line":824,"column":9}},{"start":{},"end":{}}],"line":769},"59":{"loc":{"start":{"line":769,"column":12},"end":{"line":769,"column":34}},"type":"binary-expr","locations":[{"start":{"line":769,"column":12},"end":{"line":769,"column":22}},{"start":{"line":769,"column":26},"end":{"line":769,"column":34}}],"line":769},"60":{"loc":{"start":{"line":773,"column":10},"end":{"line":822,"column":11}},"type":"if","locations":[{"start":{"line":773,"column":10},"end":{"line":822,"column":11}},{"start":{"line":804,"column":17},"end":{"line":822,"column":11}}],"line":773},"61":{"loc":{"start":{"line":795,"column":14},"end":{"line":802,"column":15}},"type":"if","locations":[{"start":{"line":795,"column":14},"end":{"line":802,"column":15}},{"start":{"line":797,"column":21},"end":{"line":802,"column":15}}],"line":795},"62":{"loc":{"start":{"line":819,"column":12},"end":{"line":821,"column":13}},"type":"if","locations":[{"start":{"line":819,"column":12},"end":{"line":821,"column":13}},{"start":{},"end":{}}],"line":819},"63":{"loc":{"start":{"line":828,"column":8},"end":{"line":836,"column":9}},"type":"if","locations":[{"start":{"line":828,"column":8},"end":{"line":836,"column":9}},{"start":{},"end":{}}],"line":828},"64":{"loc":{"start":{"line":846,"column":4},"end":{"line":849,"column":5}},"type":"if","locations":[{"start":{"line":846,"column":4},"end":{"line":849,"column":5}},{"start":{},"end":{}}],"line":846},"65":{"loc":{"start":{"line":846,"column":8},"end":{"line":846,"column":27}},"type":"binary-expr","locations":[{"start":{"line":846,"column":8},"end":{"line":846,"column":16}},{"start":{"line":846,"column":20},"end":{"line":846,"column":27}}],"line":846},"66":{"loc":{"start":{"line":851,"column":4},"end":{"line":854,"column":5}},"type":"if","locations":[{"start":{"line":851,"column":4},"end":{"line":854,"column":5}},{"start":{},"end":{}}],"line":851},"67":{"loc":{"start":{"line":902,"column":4},"end":{"line":902,"column":26}},"type":"if","locations":[{"start":{"line":902,"column":4},"end":{"line":902,"column":26}},{"start":{},"end":{}}],"line":902},"68":{"loc":{"start":{"line":906,"column":4},"end":{"line":908,"column":5}},"type":"if","locations":[{"start":{"line":906,"column":4},"end":{"line":908,"column":5}},{"start":{},"end":{}}],"line":906},"69":{"loc":{"start":{"line":912,"column":4},"end":{"line":924,"column":5}},"type":"if","locations":[{"start":{"line":912,"column":4},"end":{"line":924,"column":5}},{"start":{},"end":{}}],"line":912},"70":{"loc":{"start":{"line":928,"column":4},"end":{"line":931,"column":5}},"type":"if","locations":[{"start":{"line":928,"column":4},"end":{"line":931,"column":5}},{"start":{},"end":{}}],"line":928},"71":{"loc":{"start":{"line":935,"column":4},"end":{"line":935,"column":49}},"type":"if","locations":[{"start":{"line":935,"column":4},"end":{"line":935,"column":49}},{"start":{},"end":{}}],"line":935},"72":{"loc":{"start":{"line":936,"column":4},"end":{"line":936,"column":53}},"type":"if","locations":[{"start":{"line":936,"column":4},"end":{"line":936,"column":53}},{"start":{},"end":{}}],"line":936},"73":{"loc":{"start":{"line":941,"column":4},"end":{"line":942,"column":79}},"type":"if","locations":[{"start":{"line":941,"column":4},"end":{"line":942,"column":79}},{"start":{},"end":{}}],"line":941},"74":{"loc":{"start":{"line":943,"column":4},"end":{"line":944,"column":75}},"type":"if","locations":[{"start":{"line":943,"column":4},"end":{"line":944,"column":75}},{"start":{},"end":{}}],"line":943},"75":{"loc":{"start":{"line":947,"column":4},"end":{"line":952,"column":5}},"type":"if","locations":[{"start":{"line":947,"column":4},"end":{"line":952,"column":5}},{"start":{},"end":{}}],"line":947},"76":{"loc":{"start":{"line":957,"column":4},"end":{"line":957,"column":26}},"type":"if","locations":[{"start":{"line":957,"column":4},"end":{"line":957,"column":26}},{"start":{},"end":{}}],"line":957},"77":{"loc":{"start":{"line":972,"column":6},"end":{"line":976,"column":7}},"type":"if","locations":[{"start":{"line":972,"column":6},"end":{"line":976,"column":7}},{"start":{"line":974,"column":13},"end":{"line":976,"column":7}}],"line":972},"78":{"loc":{"start":{"line":974,"column":13},"end":{"line":976,"column":7}},"type":"if","locations":[{"start":{"line":974,"column":13},"end":{"line":976,"column":7}},{"start":{},"end":{}}],"line":974},"79":{"loc":{"start":{"line":974,"column":17},"end":{"line":974,"column":72}},"type":"binary-expr","locations":[{"start":{"line":974,"column":17},"end":{"line":974,"column":58}},{"start":{"line":974,"column":62},"end":{"line":974,"column":72}}],"line":974},"80":{"loc":{"start":{"line":979,"column":4},"end":{"line":1001,"column":5}},"type":"if","locations":[{"start":{"line":979,"column":4},"end":{"line":1001,"column":5}},{"start":{"line":991,"column":11},"end":{"line":1001,"column":5}}],"line":979},"81":{"loc":{"start":{"line":987,"column":6},"end":{"line":989,"column":7}},"type":"if","locations":[{"start":{"line":987,"column":6},"end":{"line":989,"column":7}},{"start":{},"end":{}}],"line":987},"82":{"loc":{"start":{"line":1008,"column":6},"end":{"line":1012,"column":7}},"type":"if","locations":[{"start":{"line":1008,"column":6},"end":{"line":1012,"column":7}},{"start":{"line":1010,"column":13},"end":{"line":1012,"column":7}}],"line":1008},"83":{"loc":{"start":{"line":1009,"column":8},"end":{"line":1009,"column":56}},"type":"if","locations":[{"start":{"line":1009,"column":8},"end":{"line":1009,"column":56}},{"start":{},"end":{}}],"line":1009},"84":{"loc":{"start":{"line":1011,"column":8},"end":{"line":1011,"column":60}},"type":"if","locations":[{"start":{"line":1011,"column":8},"end":{"line":1011,"column":60}},{"start":{},"end":{}}],"line":1011},"85":{"loc":{"start":{"line":1028,"column":4},"end":{"line":1030,"column":5}},"type":"if","locations":[{"start":{"line":1028,"column":4},"end":{"line":1030,"column":5}},{"start":{},"end":{}}],"line":1028},"86":{"loc":{"start":{"line":1040,"column":4},"end":{"line":1048,"column":5}},"type":"if","locations":[{"start":{"line":1040,"column":4},"end":{"line":1048,"column":5}},{"start":{},"end":{}}],"line":1040},"87":{"loc":{"start":{"line":1083,"column":4},"end":{"line":1085,"column":5}},"type":"if","locations":[{"start":{"line":1083,"column":4},"end":{"line":1085,"column":5}},{"start":{},"end":{}}],"line":1083},"88":{"loc":{"start":{"line":1100,"column":4},"end":{"line":1111,"column":5}},"type":"switch","locations":[{"start":{"line":1101,"column":6},"end":{"line":1104,"column":14}},{"start":{"line":1105,"column":6},"end":{"line":1107,"column":14}},{"start":{"line":1108,"column":6},"end":{"line":1110,"column":14}}],"line":1100}},"s":{"0":0,"1":0,"2":0,"3":0,"4":0,"5":0,"6":0,"7":0,"8":0,"9":0,"10":0,"11":0,"12":0,"13":0,"14":0,"15":0,"16":0,"17":0,"18":0,"19":0,"20":0,"21":0,"22":0,"23":0,"24":0,"25":0,"26":0,"27":0,"28":0,"29":0,"30":0,"31":0,"32":0,"33":0,"34":0,"35":0,"36":0,"37":0,"38":0,"39":0,"40":0,"41":0,"42":0,"43":0,"44":0,"45":0,"46":0,"47":0,"48":0,"49":0,"50":0,"51":0,"52":0,"53":0,"54":0,"55":0,"56":0,"57":0,"58":0,"59":0,"60":0,"61":0,"62":0,"63":0,"64":0,"65":0,"66":0,"67":0,"68":0,"69":0,"70":0,"71":0,"72":0,"73":0,"74":0,"75":0,"76":0,"77":0,"78":0,"79":0,"80":0,"81":0,"82":0,"83":0,"84":0,"85":0,"86":0,"87":0,"88":0,"89":0,"90":0,"91":0,"92":0,"93":0,"94":0,"95":0,"96":0,"97":0,"98":0,"99":0,"100":0,"101":0,"102":0,"103":0,"104":0,"105":0,"106":0,"107":0,"108":0,"109":0,"110":0,"111":0,"112":0,"113":0,"114":0,"115":0,"116":0,"117":0,"118":0,"119":0,"120":0,"121":0,"122":0,"123":0,"124":0,"125":0,"126":0,"127":0,"128":0,"129":0,"130":0,"131":0,"132":0,"133":0,"134":0,"135":0,"136":0,"137":0,"138":0,"139":0,"140":0,"141":0,"142":0,"143":0,"144":0,"145":0,"146":0,"147":0,"148":0,"149":0,"150":0,"151":0,"152":0,"153":0,"154":0,"155":0,"156":0,"157":0,"158":0,"159":0,"160":0,"161":0,"162":0,"163":0,"164":0,"165":0,"166":0,"167":0,"168":0,"169":0,"170":0,"171":0,"172":0,"173":0,"174":0,"175":0,"176":0,"177":0,"178":0,"179":0,"180":0,"181":0,"182":0,"183":0,"184":0,"185":0,"186":0,"187":0,"188":0,"189":0,"190":0,"191":0,"192":0,"193":0,"194":0,"195":0,"196":0,"197":0,"198":0,"199":0,"200":0,"201":0,"202":0,"203":0,"204":0,"205":0,"206":0,"207":0,"208":0,"209":0,"210":0,"211":0,"212":0,"213":0,"214":0,"215":0,"216":0,"217":0,"218":0,"219":0,"
[...]
,"/Users/shens/Downloads/verb-learning-app/src/js/utils/speech.js": {"path":"/Users/shens/Downloads/verb-learning-app/src/js/utils/speech.js","statementMap":{"0":{"start":{"line":4,"column":4},"end":{"line":4,"column":44}},"1":{"start":{"line":5,"column":4},"end":{"line":5,"column":28}},"2":{"start":{"line":6,"column":4},"end":{"line":6,"column":29}},"3":{"start":{"line":7,"column":4},"end":{"line":7,"column":24}},"4":{"start":{"line":8,"column":4},"end":{"line":8,"column":24}},"5":{"start":{"line":9,"column":4},"end":{"line":9,"column":39}},"6":{"start":{"line":13,"column":4},"end":{"line":21,"column":5}},"7":{"start":{"line":15,"column":8},"end":{"line":15,"column":66}},"8":{"start":{"line":16,"column":6},"end":{"line":16,"column":49}},"9":{"start":{"line":17,"column":6},"end":{"line":17,"column":42}},"10":{"start":{"line":18,"column":6},"end":{"line":18,"column":45}},"11":{"start":{"line":19,"column":6},"end":{"line":19,"column":43}},"12":{"start":{"line":20,"column":6},"end":{"line":20,"column":35}},"13":{"start":{"line":25,"column":4},"end":{"line":25,"column":32}},"14":{"start":{"line":25,"column":25},"end":{"line":25,"column":32}},"15":{"start":{"line":28,"column":4},"end":{"line":28,"column":28}},"16":{"start":{"line":30,"column":22},"end":{"line":30,"column":56}},"17":{"start":{"line":31,"column":4},"end":{"line":31,"column":47}},"18":{"start":{"line":32,"column":4},"end":{"line":32,"column":51}},"19":{"start":{"line":33,"column":4},"end":{"line":33,"column":50}},"20":{"start":{"line":35,"column":4},"end":{"line":37,"column":5}},"21":{"start":{"line":36,"column":6},"end":{"line":36,"column":33}},"22":{"start":{"line":39,"column":4},"end":{"line":39,"column":36}},"23":{"start":{"line":43,"column":4},"end":{"line":46,"column":5}},"24":{"start":{"line":44,"column":6},"end":{"line":44,"column":69}},"25":{"start":{"line":45,"column":6},"end":{"line":45,"column":13}},"26":{"start":{"line":49,"column":4},"end":{"line":49,"column":24}},"27":{"start":{"line":50,"column":4},"end":{"line":50,"column":45}},"28":{"start":{"line":55,"column":4},"end":{"line":57,"column":5}},"29":{"start":{"line":56,"column":6},"end":{"line":56,"column":27}},"30":{"start":{"line":60,"column":4},"end":{"line":60,"column":37}},"31":{"start":{"line":61,"column":4},"end":{"line":61,"column":36}},"32":{"start":{"line":62,"column":4},"end":{"line":62,"column":34}},"33":{"start":{"line":63,"column":4},"end":{"line":63,"column":38}},"34":{"start":{"line":64,"column":4},"end":{"line":64,"column":40}},"35":{"start":{"line":65,"column":4},"end":{"line":65,"column":41}},"36":{"start":{"line":66,"column":4},"end":{"line":66,"column":41}},"37":{"start":{"line":67,"column":4},"end":{"line":67,"column":42}},"38":{"start":{"line":69,"column":30},"end":{"line":69,"column":35}},"39":{"start":{"line":70,"column":19},"end":{"line":70,"column":24}},"40":{"start":{"line":71,"column":25},"end":{"line":71,"column":27}},"41":{"start":{"line":74,"column":4},"end":{"line":123,"column":6}},"42":{"start":{"line":75,"column":6},"end":{"line":75,"column":55}},"43":{"start":{"line":78,"column":6},"end":{"line":85,"column":7}},"44":{"start":{"line":79,"column":30},"end":{"line":81,"column":17}},"45":{"start":{"line":82,"column":8},"end":{"line":82,"column":43}},"46":{"start":{"line":83,"column":8},"end":{"line":83,"column":54}},"47":{"start":{"line":84,"column":8},"end":{"line":84,"column":15}},"48":{"start":{"line":88,"column":6},"end":{"line":122,"column":7}},"49":{"start":{"line":90,"column":29},"end":{"line":93,"column":11}},"50":{"start":{"line":90,"column":75},"end":{"line":93,"column":9}},"51":{"start":{"line":95,"column":8},"end":{"line":95,"column":55}},"52":{"start":{"line":96,"column":8},"end":{"line":96,"column":64}},"53":{"start":{"line":99,"column":8},"end":{"line":121,"column":9}},"54":{"start":{"line":100,"column":10},"end":{"line":100,"column":37}},"55":{"start":{"line":101,"column":10},"end":{"line":101,"column":30}},"56":{"start":{"line":104,"column":29},"end":{"line":106,"column":11}},"57":{"start":{"line":105,"column":12},"end":{"line":105,"column":65}},"58":{"start":{"line":108,"column":10},"end":{"line":108,"column":50}},"59":{"start":{"line":111,"column":10},"end":{"line":120,"column":11}},"60":{"start":{"line":112,"column":40},"end":{"line":112,"column":76}},"61":{"start":{"line":113,"column":12},"end":{"line":116,"column":14}},"62":{"start":{"line":117,"column":12},"end":{"line":117,"column":42}},"63":{"start":{"line":119,"column":12},"end":{"line":119,"column":44}},"64":{"start":{"line":125,"column":4},"end":{"line":131,"column":6}},"65":{"start":{"line":126,"column":6},"end":{"line":126,"column":56}},"66":{"start":{"line":127,"column":6},"end":{"line":127,"column":22}},"67":{"start":{"line":128,"column":6},"end":{"line":128,"column":31}},"68":{"start":{"line":129,"column":6},"end":{"line":129,"column":34}},"69":{"start":{"line":130,"column":6},"end":{"line":130,"column":57}},"70":{"start":{"line":133,"column":4},"end":{"line":156,"column":6}},"71":{"start":{"line":134,"column":6},"end":{"line":134,"column":46}},"72":{"start":{"line":135,"column":6},"end":{"line":135,"column":31}},"73":{"start":{"line":138,"column":6},"end":{"line":155,"column":7}},"74":{"start":{"line":143,"column":8},"end":{"line":143,"column":26}},"75":{"start":{"line":144,"column":8},"end":{"line":146,"column":10}},"76":{"start":{"line":147,"column":8},"end":{"line":151,"column":16}},"77":{"start":{"line":148,"column":10},"end":{"line":150,"column":11}},"78":{"start":{"line":149,"column":12},"end":{"line":149,"column":53}},"79":{"start":{"line":152,"column":13},"end":{"line":155,"column":7}},"80":{"start":{"line":153,"column":8},"end":{"line":153,"column":43}},"81":{"start":{"line":154,"column":8},"end":{"line":154,"column":70}},"82":{"start":{"line":158,"column":4},"end":{"line":164,"column":6}},"83":{"start":{"line":159,"column":6},"end":{"line":159,"column":46}},"84":{"start":{"line":160,"column":6},"end":{"line":160,"column":22}},"85":{"start":{"line":161,"column":6},"end":{"line":161,"column":31}},"86":{"start":{"line":162,"column":6},"end":{"line":162,"column":34}},"87":{"start":{"line":163,"column":6},"end":{"line":163,"column":42}},"88":{"start":{"line":166,"column":4},"end":{"line":168,"column":6}},"89":{"start":{"line":167,"column":6},"end":{"line":167,"column":34}},"90":{"start":{"line":170,"column":4},"end":{"line":172,"column":6}},"91":{"start":{"line":171,"column":6},"end":{"line":171,"column":45}},"92":{"start":{"line":174,"column":4},"end":{"line":176,"column":6}},"93":{"start":{"line":175,"column":6},"end":{"line":175,"column":36}},"94":{"start":{"line":178,"column":4},"end":{"line":180,"column":6}},"95":{"start":{"line":179,"column":6},"end":{"line":179,"column":37}},"96":{"start":{"line":182,"column":4},"end":{"line":195,"column":5}},"97":{"start":{"line":183,"column":6},"end":{"line":183,"column":30}},"98":{"start":{"line":184,"column":6},"end":{"line":184,"column":34}},"99":{"start":{"line":185,"column":6},"end":{"line":185,"column":23}},"100":{"start":{"line":186,"column":6},"end":{"line":186,"column":26}},"101":{"start":{"line":187,"column":6},"end":{"line":187,"column":31}},"102":{"start":{"line":188,"column":6},"end":{"line":188,"column":48}},"103":{"start":{"line":190,"column":6},"end":{"line":190,"column":66}},"104":{"start":{"line":191,"column":6},"end":{"line":191,"column":31}},"105":{"start":{"line":192,"column":6},"end":{"line":192,"column":34}},"106":{"start":{"line":193,"column":6},"end":{"line":193,"column":22}},"107":{"start":{"line":194,"column":6},"end":{"line":194,"column":70}},"108":{"start":{"line":199,"column":4},"end":{"line":199,"column":55}},"109":{"start":{"line":199,"column":48},"end":{"line":199,"column":55}},"110":{"start":{"line":201,"column":4},"end":{"line":208,"column":5}},"111":{"start":{"line":202,"column":6},"end":{"line":202,"column":49}},"112":{"start":{"line":203,"column":6},"end":{"line":203,"column":30}},"113":{"start":{"line":205,"column":6},"end":{"line":205,"column":58}},"114":{"start":{"line":207,"column":6},"end":{"line":207,"column":31}},"115":{"start":{"line":213,"column":22},"end":{"line":213,"column":24}},"116":{"start":{"line":214,"column":18},"end":{"line":214,"column":19}},"117":{"start":{"line":215,"column":23},"end":{"line":215,"column":29}},"118":{"start":{"line":217,"column":4},"end":{"line":223,"column":5}},"119":{"start":{"line":218,"column":6},"end":{"line":218,"column":51}},"120":{"start":{"line":219,"column":6},"end":{"line":222,"column":7}},"121":{"start":{"line":220,"column":8},"end":{"line":220,"column":34}},"122":{"start":{"line":221,"column":8},"end":{"line":221,"column":28}},"123":{"start":{"line":225,"column":4},"end":{"line":225,"column":24}}},"fnMap":{"0":{"name":"(anonymous_0)","decl":{"start":{"line":3,"column":2},"end":{"line":3,"column":3}},"loc":{"start":{"line":3,"column":16},"end":{"line":10,"column":3}},"line":3},"1":{"name":"(anonymous_1)","decl":{"start":{"line":12,"column":2},"end":{"line":12,"column":3}},"loc":{"start":{"line":12,"column":32},"end":{"line":22,"column":3}},"line":12},"2":{"name":"(anonymous_2)","decl":{"start":{"line":24,"column":2},"end":{"line":24,"column":3}},"loc":{"start":{"line":24,"column":46},"end":{"line":40,"column":3}},"line":24},"3":{"name":"(anonymous_3)","decl":{"start":{"line":42,"column":2},"end":{"line":42,"column":3}},"loc":{"start":{"line":42,"column":36},"end":{"line":51,"column":3}},"line":42},"4":{"name":"(anonymous_4)","decl":{"start":{"line":53,"column":2},"end":{"line":53,"column":3}},"loc":{"start":{"line":53,"column":38},"end":{"line":196,"column":3}},"line":53},"5":{"name":"(anonymous_5)","decl":{"start":{"line":74,"column":32},"end":{"line":74,"column":33}},"loc":{"start":{"line":74,"column":43},"end":{"line":123,"column":5}},"line":74},"6":{"name":"(anonymous_6)","decl":{"start":{"line":90,"column":62},"end":{"line":90,"column":63}},"loc":{"start":{"line":90,"column":75},"end":{"line":93,"column":9}},"line":90},"7":{"name":"(anonymous_7)","decl":{"start":{"line":104,"column":49},"end":{"line":104,"column":50}},"loc":{"start":{"line":105,"column":12},"end":{"line":105,"column":65}},"line":105},"8":{"name":"(anonymous_8)","decl":{"start":{"line":125,"column":31},"end":{"line":125,"column":32}},"loc":{"start":{"line":125,"column":42},"end":{"line":131,"column":5}},"line":125},"9":{"name":"(anonymous_9)","decl":{"start":{"line":133,"column":29},"end":{"line":133,"column":30}},"loc":{"start":{"line":133,"column":35},"end":{"line":156,"column":5}},"line":133},"10":{"name":"(anonymous_10)","decl":{"start":{"line":147,"column":19},"end":{"line":147,"column":20}},"loc":{"start":{"line":147,"column":25},"end":{"line":151,"column":9}},"line":147},"11":{"name":"(anonymous_11)","decl":{"start":{"line":158,"column":33},"end":{"line":158,"column":34}},"loc":{"start":{"line":158,"column":39},"end":{"line":164,"column":5}},"line":158},"12":{"name":"(anonymous_12)","decl":{"start":{"line":166,"column":35},"end":{"line":166,"column":36}},"loc":{"start":{"line":166,"column":41},"end":{"line":168,"column":5}},"line":166},"13":{"name":"(anonymous_13)","decl":{"start":{"line":170,"column":36},"end":{"line":170,"column":37}},"loc":{"start":{"line":170,"column":42},"end":{"line":172,"column":5}},"line":170},"14":{"name":"(anonymous_14)","decl":{"start":{"line":174,"column":36},"end":{"line":174,"column":37}},"loc":{"start":{"line":174,"column":42},"end":{"line":176,"column":5}},"line":174},"15":{"name":"(anonymous_15)","decl":{"start":{"line":178,"column":37},"end":{"line":178,"column":38}},"loc":{"start":{"line":178,"column":43},"end":{"line":180,"column":5}},"line":178},"16":{"name":"(anonymous_16)","decl":{"start":{"line":198,"column":2},"end":{"line":198,"column":3}},"loc":{"start":{"line":198,"column":18},"end":{"line":209,"column":3}},"line":198},"17":{"name":"(anonymous_17)","decl":{"start":{"line":212,"column":2},"end":{"line":212,"column":3}},"loc":{"start":{"line":212,"column":23},"end":{"line":226,"column":3}},"line":212}},"branchMap":{"0":{"loc":{"start":{"line":13,"column":4},"end":{"line":21,"column":5}},"type":"if","locations":[{"start":{"line":13,"column":4},"end":{"line":21,"column":5}},{"start":{},"end":{}}],"line":13},"1":{"loc":{"start":{"line":13,"column":8},"end":{"line":13,"column":76}},"type":"binary-expr","locations":[{"start":{"line":13,"column":8},"end":{"line":13,"column":43}},{"start":{"line":13,"column":47},"end":{"line":13,"column":76}}],"line":13},"2":{"loc":{"start":{"line":15,"column":8},"end":{"line":15,"column":66}},"type":"binary-expr","locations":[{"start":{"line":15,"column":8},"end":{"line":15,"column":32}},{"start":{"line":15,"column":36},"end":{"line":15,"column":66}}],"line":15},"3":{"loc":{"start":{"line":24,"column":14},"end":{"line":24,"column":27}},"type":"default-arg","locations":[{"start":{"line":24,"column":25},"end":{"line":24,"column":27}}],"line":24},"4":{"loc":{"start":{"line":24,"column":29},"end":{"line":24,"column":44}},"type":"default-arg","locations":[{"start":{"line":24,"column":40},"end":{"line":24,"column":44}}],"line":24},"5":{"loc":{"start":{"line":25,"column":4},"end":{"line":25,"column":32}},"type":"if","locations":[{"start":{"line":25,"column":4},"end":{"line":25,"column":32}},{"start":{},"end":{}}],"line":25},"6":{"loc":{"start":{"line":31,"column":21},"end":{"line":31,"column":46}},"type":"binary-expr","locations":[{"start":{"line":31,"column":21},"end":{"line":31,"column":41}},{"start":{"line":31,"column":45},"end":{"line":31,"column":46}}],"line":31},"7":{"loc":{"start":{"line":32,"column":23},"end":{"line":32,"column":50}},"type":"binary-expr","locations":[{"start":{"line":32,"column":23},"end":{"line":32,"column":43}},{"start":{"line":32,"column":47},"end":{"line":32,"column":50}}],"line":32},"8":{"loc":{"start":{"line":33,"column":21},"end":{"line":33,"column":49}},"type":"binary-expr","locations":[{"start":{"line":33,"column":21},"end":{"line":33,"column":38}},{"start":{"line":33,"column":42},"end":{"line":33,"column":49}}],"line":33},"9":{"loc":{"start":{"line":35,"column":4},"end":{"line":37,"column":5}},"type":"if","locations":[{"start":{"line":35,"column":4},"end":{"line":37,"column":5}},{"start":{},"end":{}}],"line":35},"10":{"loc":{"start":{"line":43,"column":4},"end":{"line":46,"column":5}},"type":"if","locations":[{"start":{"line":43,"column":4},"end":{"line":46,"column":5}},{"start":{},"end":{}}],"line":43},"11":{"loc":{"start":{"line":55,"column":4},"end":{"line":57,"column":5}},"type":"if","locations":[{"start":{"line":55,"column":4},"end":{"line":57,"column":5}},{"start":{},"end":{}}],"line":55},"12":{"loc":{"start":{"line":78,"column":6},"end":{"line":85,"column":7}},"type":"if","locations":[{"start":{"line":78,"column":6},"end":{"line":85,"column":7}},{"start":{},"end":{}}],"line":78},"13":{"loc":{"start":{"line":88,"column":6},"end":{"line":122,"column":7}},"type":"if","locations":[{"start":{"line":88,"column":6},"end":{"line":122,"column":7}},{"start":{},"end":{}}],"line":88},"14":{"loc":{"start":{"line":99,"column":8},"end":{"line":121,"column":9}},"type":"if","locations":[{"start":{"line":99,"column":8},"end":{"line":121,"column":9}},{"start":{},"end":{}}],"line":99},"15":{"loc":{"start":{"line":105,"column":12},"end":{"line":105,"column":65}},"type":"cond-expr","locations":[{"start":{"line":105,"column":51},"end":{"line":105,"column":58}},{"start":{"line":105,"column":61},"end":{"line":105,"column":65}}],"line":105},"16":{"loc":{"start":{"line":111,"column":10},"end":{"line":120,"column":11}},"type":"if","locations":[{"start":{"line":111,"column":10},"end":{"line":120,"column":11}},{"start":{"line":118,"column":17},"end":{"line":120,"column":11}}],"line":111},"17":{"loc":{"start":{"line":111,"column":14},"end":{"line":111,"column":70}},"type":"binary-expr","locations":[{"start":{"line":111,"column":14},"end":{"line":111,"column":41}},{"start":{"line":111,"column":45},"end":{"line":111,"column":70}}],"line":111},"18":{"loc":{"start":{"line":130,"column":14},"end":{"line":130,"column":55}},"type":"binary-expr","locations":[{"start":{"line":130,"column":14},"end":{"line":130,"column":25}},{"start":{"line":130,"column":29},"end":{"line":130,"column":55}}],"line":130},"19":{"loc":{"start":{"line":138,"column":6},"end":{"line":155,"column":7}},"type":"if","locations":[{"start":{"line":138,"column":6},"end":{"line":155,"column":7}},{"start":{"line":152,"column":13},"end":{"line":155,"column":7}}],"line":138},"20":{"loc":{"start":{"line":139,"column":8},"end":{"line":141,"column":41}},"type":"binary-expr","locations":[{"start":{"line":139,"column":8},"end":{"line":139,"column":28}},{"start":{"line":140,"column":8},"end":{"line":140,"column":17}},{"start":{"line":141,"column":8},"end":{"line":141,"column":41}}],"line":139},"21":{"loc":{"start":{"line":148,"column":10},"end":{"line":150,"column":11}},"type":"if","locations":[{"start":{"line":148,"column":10},"end":{"line":150,"column":11}},{"start":{},"end":{}}],"line":148},"22":{"loc":{"start":{"line":148,"column":14},"end":{"line":148,"column":47}},"type":"binary-expr","locations":[{"start":{"line":148,"column":14},"end":{"line":148,"column":34}},{"start":{"line":148,"column":38},"end":{"line":148,"column":47}}],"line":148},"23":{"loc":{"start":{"line":152,"column":13},"end":{"line":155,"column":7}},"type":"if","locations":[{"start":{"line":152,"column":13},"end":{"line":155,"column":7}},{"start":{},"end":{}}],"line":152},"24":{"loc":{"start":{"line":199,"column":4},"end":{"line":199,"column":55}},"type":"if","locations":[{"start":{"line":199,"column":4},"end":{"line":199,"column":55}},{"start":{},"end":{}}],"line":199},"25":{"loc":{"start":{"line":199,"column":8},"end":{"line":199,"column":46}},"type":"binary-expr","locations":[{"start":{"line":199,"column":8},"end":{"line":199,"column":25}},{"start":{"line":199,"column":29},"end":{"line":199,"column":46}}],"line":199},"26":{"loc":{"start":{"line":218,"column":25},"end":{"line":218,"column":45}},"type":"binary-expr","locations":[{"start":{"line":218,"column":25},"end":{"line":218,"column":40}},{"start":{"line":218,"column":44},"end":{"line":218,"column":45}}],"line":218},"27":{"loc":{"start":{"line":219,"column":6},"end":{"line":222,"column":7}},"type":"if","locations":[{"start":{"line":219,"column":6},"end":{"line":222,"column":7}},{"start":{},"end":{}}],"line":219}},"s":{"0":0,"1":0,"2":0,"3":0,"4":0,"5":0,"6":0,"7":0,"8":0,"9":0,"10":0,"11":0,"12":0,"13":0,"14":0,"15":0,"16":0,"17":0,"18":0,"19":0,"20":0,"21":0,"22":0,"23":0,"24":0,"25":0,"26":0,"27":0,"28":0,"29":0,"30":0,"31":0,"32":0,"33":0,"34":0,"35":0,"36":0,"37":0,"38":0,"39":0,"40":0,"41":0,"42":0,"43":0,"44":0,"45":0,"46":0,"47":0,"48":0,"49":0,"50":0,"51":0,"52":0,"53":0,"54":0,"55":0,"56":0,"57":0,"58":0,"59":0,"60":0,"61":0,"62":0,"63":0,"64":0,"65":0,"66":0,"67":0,"68":0,"69":0,"70":0,"71":0,"72":0,"73":0,"74":0,"75":0,"76":0,"77":0,"78":0,"79":0,"80":0,"81":0,"82":0,"83":0,"84":0,"85":0,"86":0,"87":0,"88":0,"89":0,"90":0,"91":0,"92":0,"93":0,"94":0,"95":0,"96":0,"97":0,"98":0,"99":0,"100":0,"101":0,"102":0,"103":0,"104":0,"105":0,"106":0,"107":0,"108":0,"109":0,"110":0,"111":0,"112":0,"113":0,"114":0,"115":0,"116":0,"117":0,"118":0,"119":0,"120":0,"121":0,"122":0,"123":0},"f":{"0":0,"1":0,"2":0,"3":0,"4":0,"5":0,"6":0,"7":0,"8":0,"9":0,"10":0,"11":0,"12":0,"13":0,"14":0,"15":0,"16":0,"17":0},"b":{"0":[0,0],"1":[0,0],"2":[0,0],"3":[0],"4":[0],"5":[0,0],"6":[0,0],"7":[0,0],"8":[0,0],"9":[0,0],"10":[0,0],"11":[0,0],"12":[0,0],"13":[0,0],"14":[0,0],"15":[0,0],"16":[0,0],"17":[0,0],"18":[0,0],"19":[0,0],"20":[0,0,0],"21":[0,0],"22":[0,0],"23":[0,0],"24":[0,0],"25":[0,0],"26":[0,0],"27":[0,0]}}
}
