TN:
SF:src/js/app.js
FN:9,(anonymous_0)
FN:29,(anonymous_1)
FN:43,(anonymous_2)
FN:50,(anonymous_3)
FN:55,(anonymous_4)
FN:59,(anonymous_5)
FN:66,(anonymous_6)
FN:76,(anonymous_7)
FN:81,(anonymous_8)
FN:88,(anonymous_9)
FN:93,(anonymous_10)
FN:100,(anonymous_11)
FN:106,(anonymous_12)
FN:111,(anonymous_13)
FN:118,(anonymous_14)
FN:124,(anonymous_15)
FN:158,(anonymous_16)
FN:165,(anonymous_17)
FN:170,(anonymous_18)
FN:171,(anonymous_19)
FN:187,(anonymous_20)
FN:204,(anonymous_21)
FN:206,(anonymous_22)
FN:218,(anonymous_23)
FN:221,(anonymous_24)
FN:225,(anonymous_25)
FN:243,(anonymous_26)
FN:254,(anonymous_27)
FN:263,(anonymous_28)
FN:269,(anonymous_29)
FN:275,(anonymous_30)
FN:284,(anonymous_31)
FN:289,(anonymous_32)
FN:293,(anonymous_33)
FN:324,(anonymous_34)
FN:329,(anonymous_35)
FN:366,(anonymous_36)
FN:374,(anonymous_37)
FN:384,(anonymous_38)
FN:389,(anonymous_39)
FN:392,(anonymous_40)
FN:393,(anonymous_41)
FN:405,(anonymous_42)
FN:410,(anonymous_43)
FN:439,(anonymous_44)
FN:445,(anonymous_45)
FN:453,(anonymous_46)
FN:460,(anonymous_47)
FN:465,(anonymous_48)
FN:475,(anonymous_49)
FN:480,(anonymous_50)
FN:505,(anonymous_51)
FN:513,(anonymous_52)
FN:531,(anonymous_53)
FN:546,(anonymous_54)
FN:556,(anonymous_55)
FN:563,(anonymous_56)
FN:568,(anonymous_57)
FN:611,(anonymous_58)
FN:619,(anonymous_59)
FN:640,(anonymous_60)
FN:644,(anonymous_61)
FN:646,(anonymous_62)
FN:647,(anonymous_63)
FN:651,(anonymous_64)
FN:661,(anonymous_65)
FN:664,(anonymous_66)
FN:675,(anonymous_67)
FN:680,(anonymous_68)
FN:728,(anonymous_69)
FN:734,(anonymous_70)
FN:755,(anonymous_71)
FN:777,(anonymous_72)
FN:783,(anonymous_73)
FN:788,(anonymous_74)
FN:794,(anonymous_75)
FN:820,(anonymous_76)
FN:828,(anonymous_77)
FN:853,(anonymous_78)
FN:860,(anonymous_79)
FN:872,(anonymous_80)
FN:875,(anonymous_81)
FN:878,(anonymous_82)
FN:892,(anonymous_83)
FN:910,(anonymous_84)
FN:948,(anonymous_85)
FN:952,(anonymous_86)
FN:969,(anonymous_87)
FN:998,(anonymous_88)
FN:1006,(anonymous_89)
FN:1033,(anonymous_90)
FN:1048,(anonymous_91)
FN:1067,(anonymous_92)
FN:1075,(anonymous_93)
FN:1078,(anonymous_94)
FN:1081,(anonymous_95)
FN:1086,(anonymous_96)
FN:1088,(anonymous_97)
FN:1092,(anonymous_98)
FN:1107,(anonymous_99)
FN:1121,(anonymous_100)
FN:1126,(anonymous_101)
FN:1156,(anonymous_102)
FN:1162,(anonymous_103)
FN:1174,(anonymous_104)
FN:1211,(anonymous_105)
FN:1223,(anonymous_106)
FN:1228,(anonymous_107)
FN:1249,(anonymous_108)
FN:1267,(anonymous_109)
FN:1269,(anonymous_110)
FN:1275,(anonymous_111)
FN:1282,(anonymous_112)
FN:1296,(anonymous_113)
FN:1306,(anonymous_114)
FN:1322,(anonymous_115)
FN:1328,(anonymous_116)
FN:1342,(anonymous_117)
FN:1354,(anonymous_118)
FNF:119
FNH:0
FNDA:0,(anonymous_0)
FNDA:0,(anonymous_1)
FNDA:0,(anonymous_2)
FNDA:0,(anonymous_3)
FNDA:0,(anonymous_4)
FNDA:0,(anonymous_5)
FNDA:0,(anonymous_6)
FNDA:0,(anonymous_7)
FNDA:0,(anonymous_8)
FNDA:0,(anonymous_9)
FNDA:0,(anonymous_10)
FNDA:0,(anonymous_11)
FNDA:0,(anonymous_12)
FNDA:0,(anonymous_13)
FNDA:0,(anonymous_14)
FNDA:0,(anonymous_15)
FNDA:0,(anonymous_16)
FNDA:0,(anonymous_17)
FNDA:0,(anonymous_18)
FNDA:0,(anonymous_19)
FNDA:0,(anonymous_20)
FNDA:0,(anonymous_21)
FNDA:0,(anonymous_22)
FNDA:0,(anonymous_23)
FNDA:0,(anonymous_24)
FNDA:0,(anonymous_25)
FNDA:0,(anonymous_26)
FNDA:0,(anonymous_27)
FNDA:0,(anonymous_28)
FNDA:0,(anonymous_29)
FNDA:0,(anonymous_30)
FNDA:0,(anonymous_31)
FNDA:0,(anonymous_32)
FNDA:0,(anonymous_33)
FNDA:0,(anonymous_34)
FNDA:0,(anonymous_35)
FNDA:0,(anonymous_36)
FNDA:0,(anonymous_37)
FNDA:0,(anonymous_38)
FNDA:0,(anonymous_39)
FNDA:0,(anonymous_40)
FNDA:0,(anonymous_41)
FNDA:0,(anonymous_42)
FNDA:0,(anonymous_43)
FNDA:0,(anonymous_44)
FNDA:0,(anonymous_45)
FNDA:0,(anonymous_46)
FNDA:0,(anonymous_47)
FNDA:0,(anonymous_48)
FNDA:0,(anonymous_49)
FNDA:0,(anonymous_50)
FNDA:0,(anonymous_51)
FNDA:0,(anonymous_52)
FNDA:0,(anonymous_53)
FNDA:0,(anonymous_54)
FNDA:0,(anonymous_55)
FNDA:0,(anonymous_56)
FNDA:0,(anonymous_57)
FNDA:0,(anonymous_58)
FNDA:0,(anonymous_59)
FNDA:0,(anonymous_60)
FNDA:0,(anonymous_61)
FNDA:0,(anonymous_62)
FNDA:0,(anonymous_63)
FNDA:0,(anonymous_64)
FNDA:0,(anonymous_65)
FNDA:0,(anonymous_66)
FNDA:0,(anonymous_67)
FNDA:0,(anonymous_68)
FNDA:0,(anonymous_69)
FNDA:0,(anonymous_70)
FNDA:0,(anonymous_71)
FNDA:0,(anonymous_72)
FNDA:0,(anonymous_73)
FNDA:0,(anonymous_74)
FNDA:0,(anonymous_75)
FNDA:0,(anonymous_76)
FNDA:0,(anonymous_77)
FNDA:0,(anonymous_78)
FNDA:0,(anonymous_79)
FNDA:0,(anonymous_80)
FNDA:0,(anonymous_81)
FNDA:0,(anonymous_82)
FNDA:0,(anonymous_83)
FNDA:0,(anonymous_84)
FNDA:0,(anonymous_85)
FNDA:0,(anonymous_86)
FNDA:0,(anonymous_87)
FNDA:0,(anonymous_88)
FNDA:0,(anonymous_89)
FNDA:0,(anonymous_90)
FNDA:0,(anonymous_91)
FNDA:0,(anonymous_92)
FNDA:0,(anonymous_93)
FNDA:0,(anonymous_94)
FNDA:0,(anonymous_95)
FNDA:0,(anonymous_96)
FNDA:0,(anonymous_97)
FNDA:0,(anonymous_98)
FNDA:0,(anonymous_99)
FNDA:0,(anonymous_100)
FNDA:0,(anonymous_101)
FNDA:0,(anonymous_102)
FNDA:0,(anonymous_103)
FNDA:0,(anonymous_104)
FNDA:0,(anonymous_105)
FNDA:0,(anonymous_106)
FNDA:0,(anonymous_107)
FNDA:0,(anonymous_108)
FNDA:0,(anonymous_109)
FNDA:0,(anonymous_110)
FNDA:0,(anonymous_111)
FNDA:0,(anonymous_112)
FNDA:0,(anonymous_113)
FNDA:0,(anonymous_114)
FNDA:0,(anonymous_115)
FNDA:0,(anonymous_116)
FNDA:0,(anonymous_117)
FNDA:0,(anonymous_118)
DA:10,0
DA:11,0
DA:12,0
DA:13,0
DA:14,0
DA:15,0
DA:16,0
DA:17,0
DA:19,0
DA:20,0
DA:22,0
DA:23,0
DA:24,0
DA:26,0
DA:31,0
DA:34,0
DA:35,0
DA:36,0
DA:37,0
DA:40,0
DA:44,0
DA:45,0
DA:46,0
DA:51,0
DA:56,0
DA:59,0
DA:60,0
DA:61,0
DA:62,0
DA:66,0
DA:67,0
DA:68,0
DA:69,0
DA:74,0
DA:77,0
DA:78,0
DA:81,0
DA:82,0
DA:83,0
DA:86,0
DA:89,0
DA:90,0
DA:93,0
DA:94,0
DA:95,0
DA:98,0
DA:101,0
DA:102,0
DA:106,0
DA:107,0
DA:108,0
DA:111,0
DA:112,0
DA:113,0
DA:116,0
DA:119,0
DA:120,0
DA:125,0
DA:128,0
DA:129,0
DA:130,0
DA:131,0
DA:132,0
DA:136,0
DA:137,0
DA:138,0
DA:140,0
DA:141,0
DA:142,0
DA:143,0
DA:144,0
DA:145,0
DA:149,0
DA:150,0
DA:151,0
DA:152,0
DA:153,0
DA:156,0
DA:157,0
DA:158,0
DA:166,0
DA:167,0
DA:170,0
DA:171,0
DA:172,0
DA:173,0
DA:175,0
DA:180,0
DA:181,0
DA:182,0
DA:183,0
DA:188,0
DA:190,0
DA:191,0
DA:193,0
DA:194,0
DA:196,0
DA:197,0
DA:199,0
DA:200,0
DA:206,0
DA:207,0
DA:211,0
DA:212,0
DA:213,0
DA:219,0
DA:221,0
DA:222,0
DA:227,0
DA:230,0
DA:231,0
DA:233,0
DA:236,0
DA:237,0
DA:238,0
DA:241,0
DA:244,0
DA:254,0
DA:255,0
DA:256,0
DA:257,0
DA:258,0
DA:259,0
DA:260,0
DA:263,0
DA:264,0
DA:265,0
DA:266,0
DA:269,0
DA:270,0
DA:275,0
DA:276,0
DA:277,0
DA:278,0
DA:279,0
DA:280,0
DA:281,0
DA:284,0
DA:285,0
DA:286,0
DA:289,0
DA:290,0
DA:293,0
DA:294,0
DA:295,0
DA:297,0
DA:298,0
DA:301,0
DA:304,0
DA:305,0
DA:309,0
DA:312,0
DA:313,0
DA:316,0
DA:317,0
DA:319,0
DA:325,0
DA:326,0
DA:327,0
DA:329,0
DA:330,0
DA:331,0
DA:333,0
DA:334,0
DA:335,0
DA:338,0
DA:339,0
DA:340,0
DA:342,0
DA:343,0
DA:344,0
DA:345,0
DA:348,0
DA:349,0
DA:350,0
DA:355,0
DA:356,0
DA:357,0
DA:359,0
DA:360,0
DA:366,0
DA:367,0
DA:370,0
DA:371,0
DA:374,0
DA:375,0
DA:380,0
DA:384,0
DA:390,0
DA:392,0
DA:393,0
DA:395,0
DA:396,0
DA:403,0
DA:405,0
DA:407,0
DA:411,0
DA:412,0
DA:413,0
DA:416,0
DA:417,0
DA:418,0
DA:421,0
DA:422,0
DA:423,0
DA:424,0
DA:427,0
DA:428,0
DA:431,0
DA:432,0
DA:433,0
DA:434,0
DA:437,0
DA:438,0
DA:439,0
DA:446,0
DA:447,0
DA:449,0
DA:450,0
DA:452,0
DA:453,0
DA:454,0
DA:455,0
DA:456,0
DA:457,0
DA:458,0
DA:460,0
DA:461,0
DA:466,0
DA:467,0
DA:469,0
DA:470,0
DA:471,0
DA:472,0
DA:473,0
DA:475,0
DA:476,0
DA:481,0
DA:482,0
DA:485,0
DA:486,0
DA:488,0
DA:490,0
DA:493,0
DA:494,0
DA:495,0
DA:496,0
DA:497,0
DA:501,0
DA:506,0
DA:507,0
DA:509,0
DA:511,0
DA:512,0
DA:513,0
DA:514,0
DA:515,0
DA:520,0
DA:521,0
DA:522,0
DA:523,0
DA:526,0
DA:527,0
DA:533,0
DA:534,0
DA:538,0
DA:539,0
DA:540,0
DA:543,0
DA:548,0
DA:549,0
DA:553,0
DA:556,0
DA:557,0
DA:558,0
DA:559,0
DA:563,0
DA:564,0
DA:569,0
DA:571,0
DA:572,0
DA:575,0
DA:579,0
DA:582,0
DA:586,0
DA:591,0
DA:592,0
DA:595,0
DA:596,0
DA:601,0
DA:604,0
DA:605,0
DA:608,0
DA:611,0
DA:612,0
DA:615,0
DA:616,0
DA:619,0
DA:620,0
DA:625,0
DA:630,0
DA:633,0
DA:634,0
DA:640,0
DA:646,0
DA:647,0
DA:648,0
DA:649,0
DA:652,0
DA:662,0
DA:665,0
DA:666,0
DA:673,0
DA:675,0
DA:677,0
DA:681,0
DA:682,0
DA:685,0
DA:686,0
DA:687,0
DA:688,0
DA:692,0
DA:693,0
DA:694,0
DA:698,0
DA:700,0
DA:703,0
DA:704,0
DA:705,0
DA:708,0
DA:709,0
DA:710,0
DA:711,0
DA:714,0
DA:717,0
DA:720,0
DA:721,0
DA:722,0
DA:723,0
DA:726,0
DA:727,0
DA:728,0
DA:735,0
DA:736,0
DA:738,0
DA:740,0
DA:741,0
DA:742,0
DA:744,0
DA:745,0
DA:746,0
DA:748,0
DA:751,0
DA:756,0
DA:757,0
DA:759,0
DA:762,0
DA:763,0
DA:766,0
DA:768,0
DA:769,0
DA:770,0
DA:775,0
DA:777,0
DA:778,0
DA:779,0
DA:780,0
DA:781,0
DA:783,0
DA:784,0
DA:789,0
DA:790,0
DA:791,0
DA:794,0
DA:796,0
DA:798,0
DA:801,0
DA:802,0
DA:803,0
DA:804,0
DA:805,0
DA:808,0
DA:814,0
DA:817,0
DA:820,0
DA:821,0
DA:825,0
DA:828,0
DA:829,0
DA:830,0
DA:835,0
DA:836,0
DA:837,0
DA:838,0
DA:839,0
DA:842,0
DA:848,0
DA:849,0
DA:850,0
DA:853,0
DA:854,0
DA:861,0
DA:862,0
DA:863,0
DA:864,0
DA:867,0
DA:870,0
DA:872,0
DA:873,0
DA:875,0
DA:876,0
DA:879,0
DA:882,0
DA:883,0
DA:888,0
DA:889,0
DA:890,0
DA:891,0
DA:892,0
DA:894,0
DA:895,0
DA:896,0
DA:899,0
DA:900,0
DA:907,0
DA:911,0
DA:913,0
DA:915,0
DA:916,0
DA:917,0
DA:919,0
DA:920,0
DA:921,0
DA:922,0
DA:923,0
DA:931,0
DA:932,0
DA:936,0
DA:937,0
DA:938,0
DA:939,0
DA:940,0
DA:942,0
DA:943,0
DA:944,0
DA:947,0
DA:948,0
DA:953,0
DA:954,0
DA:955,0
DA:957,0
DA:958,0
DA:959,0
DA:962,0
DA:963,0
DA:965,0
DA:968,0
DA:970,0
DA:973,0
DA:974,0
DA:976,0
DA:977,0
DA:978,0
DA:980,0
DA:981,0
DA:988,0
DA:991,0
DA:995,0
DA:998,0
DA:999,0
DA:1002,0
DA:1003,0
DA:1006,0
DA:1007,0
DA:1012,0
DA:1020,0
DA:1026,0
DA:1027,0
DA:1030,0
DA:1034,0
DA:1035,0
DA:1036,0
DA:1042,0
DA:1049,0
DA:1050,0
DA:1051,0
DA:1053,0
DA:1054,0
DA:1055,0
DA:1058,0
DA:1059,0
DA:1063,0
DA:1068,0
DA:1069,0
DA:1070,0
DA:1073,0
DA:1075,0
DA:1076,0
DA:1078,0
DA:1082,0
DA:1083,0
DA:1086,0
DA:1088,0
DA:1089,0
DA:1092,0
DA:1093,0
DA:1095,0
DA:1104,0
DA:1108,0
DA:1109,0
DA:1112,0
DA:1113,0
DA:1114,0
DA:1118,0
DA:1119,0
DA:1120,0
DA:1121,0
DA:1122,0
DA:1123,0
DA:1124,0
DA:1125,0
DA:1126,0
DA:1127,0
DA:1129,0
DA:1134,0
DA:1135,0
DA:1136,0
DA:1137,0
DA:1140,0
DA:1141,0
DA:1142,0
DA:1143,0
DA:1146,0
DA:1147,0
DA:1148,0
DA:1149,0
DA:1150,0
DA:1151,0
DA:1154,0
DA:1155,0
DA:1156,0
DA:1163,0
DA:1164,0
DA:1167,0
DA:1168,0
DA:1169,0
DA:1171,0
DA:1174,0
DA:1175,0
DA:1176,0
DA:1178,0
DA:1179,0
DA:1180,0
DA:1181,0
DA:1182,0
DA:1186,0
DA:1187,0
DA:1188,0
DA:1191,0
DA:1193,0
DA:1194,0
DA:1195,0
DA:1197,0
DA:1199,0
DA:1204,0
DA:1211,0
DA:1212,0
DA:1213,0
DA:1215,0
DA:1216,0
DA:1218,0
DA:1224,0
DA:1225,0
DA:1229,0
DA:1231,0
DA:1232,0
DA:1234,0
DA:1235,0
DA:1236,0
DA:1240,0
DA:1246,0
DA:1247,0
DA:1248,0
DA:1249,0
DA:1250,0
DA:1251,0
DA:1252,0
DA:1253,0
DA:1257,0
DA:1260,0
DA:1269,0
DA:1270,0
DA:1271,0
DA:1275,0
DA:1276,0
DA:1277,0
DA:1283,0
DA:1284,0
DA:1285,0
DA:1286,0
DA:1289,0
DA:1290,0
DA:1291,0
DA:1297,0
DA:1298,0
DA:1299,0
DA:1300,0
DA:1302,0
DA:1307,0
DA:1309,0
DA:1310,0
DA:1311,0
DA:1313,0
DA:1314,0
DA:1316,0
DA:1317,0
DA:1324,0
DA:1325,0
DA:1328,0
DA:1329,0
DA:1333,0
DA:1336,0
DA:1337,0
DA:1338,0
DA:1341,0
DA:1342,0
DA:1343,0
DA:1344,0
DA:1348,0
DA:1349,0
DA:1354,0
DA:1355,0
LF:632
LH:0
BRDA:45,0,0,0
BRDA:45,0,1,0
BRDA:60,1,0,0
BRDA:60,1,1,0
BRDA:67,2,0,0
BRDA:67,2,1,0
BRDA:140,3,0,0
BRDA:140,3,1,0
BRDA:142,4,0,0
BRDA:142,4,1,0
BRDA:143,5,0,0
BRDA:143,5,1,0
BRDA:151,6,0,0
BRDA:151,6,1,0
BRDA:152,7,0,0
BRDA:152,7,1,0
BRDA:156,8,0,0
BRDA:156,8,1,0
BRDA:188,9,0,0
BRDA:188,9,1,0
BRDA:188,9,2,0
BRDA:188,9,3,0
BRDA:212,10,0,0
BRDA:212,10,1,0
BRDA:233,11,0,0
BRDA:233,11,1,0
BRDA:233,12,0,0
BRDA:233,12,1,0
BRDA:304,13,0,0
BRDA:304,13,1,0
BRDA:312,14,0,0
BRDA:312,14,1,0
BRDA:333,15,0,0
BRDA:333,15,1,0
BRDA:338,16,0,0
BRDA:338,16,1,0
BRDA:343,17,0,0
BRDA:343,17,1,0
BRDA:348,18,0,0
BRDA:348,18,1,0
BRDA:359,19,0,0
BRDA:359,19,1,0
BRDA:370,20,0,0
BRDA:370,20,1,0
BRDA:395,21,0,0
BRDA:395,21,1,0
BRDA:423,22,0,0
BRDA:423,22,1,0
BRDA:424,23,0,0
BRDA:424,23,1,0
BRDA:432,24,0,0
BRDA:432,24,1,0
BRDA:437,25,0,0
BRDA:437,25,1,0
BRDA:450,26,0,0
BRDA:450,26,1,0
BRDA:467,27,0,0
BRDA:467,27,1,0
BRDA:481,28,0,0
BRDA:481,28,1,0
BRDA:488,29,0,0
BRDA:488,29,1,0
BRDA:494,30,0,0
BRDA:494,30,1,0
BRDA:507,31,0,0
BRDA:507,31,1,0
BRDA:507,32,0,0
BRDA:507,32,1,0
BRDA:514,33,0,0
BRDA:514,33,1,0
BRDA:526,34,0,0
BRDA:526,34,1,0
BRDA:533,35,0,0
BRDA:533,35,1,0
BRDA:539,36,0,0
BRDA:539,36,1,0
BRDA:548,37,0,0
BRDA:548,37,1,0
BRDA:569,38,0,0
BRDA:569,38,1,0
BRDA:572,39,0,0
BRDA:572,39,1,0
BRDA:582,40,0,0
BRDA:582,40,1,0
BRDA:595,41,0,0
BRDA:595,41,1,0
BRDA:615,42,0,0
BRDA:615,42,1,0
BRDA:665,43,0,0
BRDA:665,43,1,0
BRDA:692,44,0,0
BRDA:692,44,1,0
BRDA:710,45,0,0
BRDA:710,45,1,0
BRDA:711,46,0,0
BRDA:711,46,1,0
BRDA:721,47,0,0
BRDA:721,47,1,0
BRDA:726,48,0,0
BRDA:726,48,1,0
BRDA:736,49,0,0
BRDA:736,49,1,0
BRDA:744,50,0,0
BRDA:744,50,1,0
BRDA:757,51,0,0
BRDA:757,51,1,0
BRDA:769,52,0,0
BRDA:769,52,1,0
BRDA:796,53,0,0
BRDA:796,53,1,0
BRDA:802,54,0,0
BRDA:802,54,1,0
BRDA:829,55,0,0
BRDA:829,55,1,0
BRDA:836,56,0,0
BRDA:836,56,1,0
BRDA:861,57,0,0
BRDA:861,57,1,0
BRDA:863,58,0,0
BRDA:863,58,1,0
BRDA:882,59,0,0
BRDA:882,59,1,0
BRDA:895,60,0,0
BRDA:895,60,1,0
BRDA:899,61,0,0
BRDA:899,61,1,0
BRDA:913,62,0,0
BRDA:913,62,1,0
BRDA:919,63,0,0
BRDA:919,63,1,0
BRDA:919,64,0,0
BRDA:919,64,1,0
BRDA:931,65,0,0
BRDA:931,65,1,0
BRDA:938,66,0,0
BRDA:938,66,1,0
BRDA:942,67,0,0
BRDA:942,67,1,0
BRDA:947,68,0,0
BRDA:947,68,1,0
BRDA:957,69,0,0
BRDA:957,69,1,0
BRDA:957,70,0,0
BRDA:957,70,1,0
BRDA:962,71,0,0
BRDA:962,71,1,0
BRDA:976,72,0,0
BRDA:976,72,1,0
BRDA:976,73,0,0
BRDA:976,73,1,0
BRDA:980,74,0,0
BRDA:980,74,1,0
BRDA:1002,75,0,0
BRDA:1002,75,1,0
BRDA:1026,76,0,0
BRDA:1026,76,1,0
BRDA:1035,77,0,0
BRDA:1035,77,1,0
BRDA:1053,78,0,0
BRDA:1053,78,1,0
BRDA:1053,79,0,0
BRDA:1053,79,1,0
BRDA:1058,80,0,0
BRDA:1058,80,1,0
BRDA:1109,81,0,0
BRDA:1109,81,1,0
BRDA:1113,82,0,0
BRDA:1113,82,1,0
BRDA:1119,83,0,0
BRDA:1119,83,1,0
BRDA:1135,84,0,0
BRDA:1135,84,1,0
BRDA:1142,85,0,0
BRDA:1142,85,1,0
BRDA:1143,86,0,0
BRDA:1143,86,1,0
BRDA:1148,87,0,0
BRDA:1148,87,1,0
BRDA:1150,88,0,0
BRDA:1150,88,1,0
BRDA:1154,89,0,0
BRDA:1154,89,1,0
BRDA:1164,90,0,0
BRDA:1164,90,1,0
BRDA:1179,91,0,0
BRDA:1179,91,1,0
BRDA:1181,92,0,0
BRDA:1181,92,1,0
BRDA:1181,93,0,0
BRDA:1181,93,1,0
BRDA:1186,94,0,0
BRDA:1186,94,1,0
BRDA:1194,95,0,0
BRDA:1194,95,1,0
BRDA:1215,96,0,0
BRDA:1215,96,1,0
BRDA:1216,97,0,0
BRDA:1216,97,1,0
BRDA:1218,98,0,0
BRDA:1218,98,1,0
BRDA:1235,99,0,0
BRDA:1235,99,1,0
BRDA:1247,100,0,0
BRDA:1247,100,1,0
BRDA:1290,101,0,0
BRDA:1290,101,1,0
BRDA:1307,102,0,0
BRDA:1307,102,1,0
BRDA:1307,102,2,0
BRF:209
BRH:0
end_of_record
TN:
SF:src/js/modules/ui.js
FN:3,(anonymous_0)
FN:8,(anonymous_1)
FN:10,(anonymous_2)
FN:22,(anonymous_3)
FN:50,(anonymous_4)
FN:60,(anonymous_5)
FN:68,(anonymous_6)
FN:76,(anonymous_7)
FN:80,(anonymous_8)
FN:81,(anonymous_9)
FN:91,(anonymous_10)
FN:96,(anonymous_11)
FN:97,(anonymous_12)
FN:111,(anonymous_13)
FN:116,(anonymous_14)
FNF:15
FNH:7
FNDA:5,(anonymous_0)
FNDA:4,(anonymous_1)
FNDA:12,(anonymous_2)
FNDA:1,(anonymous_3)
FNDA:1,(anonymous_4)
FNDA:0,(anonymous_5)
FNDA:0,(anonymous_6)
FNDA:5,(anonymous_7)
FNDA:5,(anonymous_8)
FNDA:0,(anonymous_9)
FNDA:0,(anonymous_10)
FNDA:0,(anonymous_11)
FNDA:0,(anonymous_12)
FNDA:0,(anonymous_13)
FNDA:0,(anonymous_14)
DA:4,5
DA:5,5
DA:10,4
DA:11,12
DA:15,4
DA:16,4
DA:17,4
DA:18,4
DA:24,1
DA:25,0
DA:26,0
DA:27,0
DA:29,0
DA:31,0
DA:32,0
DA:33,0
DA:34,0
DA:38,1
DA:39,1
DA:40,1
DA:41,1
DA:42,1
DA:45,1
DA:46,1
DA:47,1
DA:51,1
DA:52,1
DA:53,1
DA:54,1
DA:55,1
DA:57,1
DA:61,0
DA:62,0
DA:63,0
DA:64,0
DA:69,0
DA:70,0
DA:72,0
DA:73,0
DA:78,5
DA:81,5
DA:82,0
DA:84,0
DA:85,0
DA:91,5
DA:92,0
DA:96,5
DA:97,0
DA:98,0
DA:101,0
DA:102,0
DA:105,0
DA:112,0
DA:113,0
DA:117,0
DA:118,0
DA:119,0
LF:57
LH:27
BRDA:16,0,0,4
BRDA:16,0,1,0
BRDA:22,1,0,0
BRDA:24,2,0,0
BRDA:24,2,1,1
BRDA:24,3,0,1
BRDA:24,3,1,0
BRDA:29,4,0,0
BRDA:29,4,1,0
BRDA:32,5,0,0
BRDA:32,5,1,0
BRDA:39,6,0,1
BRDA:39,6,1,0
BRDA:52,7,0,1
BRDA:52,7,1,0
BRDA:62,8,0,0
BRDA:62,8,1,0
BRDA:72,9,0,0
BRDA:72,9,1,0
BRDA:73,10,0,0
BRDA:73,10,1,0
BRDA:84,11,0,0
BRDA:84,11,1,0
BRDA:101,12,0,0
BRDA:101,12,1,0
BRDA:117,13,0,0
BRDA:117,13,1,0
BRF:27
BRH:5
end_of_record
TN:
SF:src/js/utils/game.js
FN:3,(anonymous_0)
FN:9,(anonymous_1)
FN:25,(anonymous_2)
FN:30,(anonymous_3)
FN:34,(anonymous_4)
FN:38,(anonymous_5)
FN:47,(anonymous_6)
FNF:7
FNH:5
FNDA:6,(anonymous_0)
FNDA:4,(anonymous_1)
FNDA:0,(anonymous_2)
FNDA:6,(anonymous_3)
FNDA:2,(anonymous_4)
FNDA:0,(anonymous_5)
FNDA:1,(anonymous_6)
DA:4,6
DA:5,6
DA:6,6
DA:10,4
DA:11,4
DA:13,4
DA:14,2
DA:15,2
DA:18,4
DA:26,0
DA:27,0
DA:31,6
DA:35,2
DA:39,0
DA:40,0
DA:41,0
DA:42,0
DA:44,0
DA:48,1
DA:49,1
DA:51,1
DA:52,1
DA:53,1
DA:54,1
DA:55,1
DA:57,1
LF:26
LH:19
BRDA:11,0,0,3
BRDA:11,0,1,1
BRDA:13,1,0,2
BRDA:13,1,1,2
BRDA:31,2,0,6
BRDA:31,2,1,3
BRDA:51,3,0,1
BRDA:51,3,1,0
BRDA:52,4,0,1
BRDA:52,4,1,0
BRDA:53,5,0,1
BRDA:53,5,1,0
BRDA:54,6,0,1
BRDA:54,6,1,0
BRDA:55,7,0,1
BRDA:55,7,1,0
BRF:16
BRH:11
end_of_record
TN:
SF:src/js/utils/speech.js
FN:3,(anonymous_0)
FN:12,(anonymous_1)
FN:24,(anonymous_2)
FN:42,(anonymous_3)
FN:53,(anonymous_4)
FN:74,(anonymous_5)
FN:90,(anonymous_6)
FN:104,(anonymous_7)
FN:125,(anonymous_8)
FN:133,(anonymous_9)
FN:147,(anonymous_10)
FN:158,(anonymous_11)
FN:166,(anonymous_12)
FN:170,(anonymous_13)
FN:174,(anonymous_14)
FN:178,(anonymous_15)
FN:198,(anonymous_16)
FN:212,(anonymous_17)
FNF:18
FNH:0
FNDA:0,(anonymous_0)
FNDA:0,(anonymous_1)
FNDA:0,(anonymous_2)
FNDA:0,(anonymous_3)
FNDA:0,(anonymous_4)
FNDA:0,(anonymous_5)
FNDA:0,(anonymous_6)
FNDA:0,(anonymous_7)
FNDA:0,(anonymous_8)
FNDA:0,(anonymous_9)
FNDA:0,(anonymous_10)
FNDA:0,(anonymous_11)
FNDA:0,(anonymous_12)
FNDA:0,(anonymous_13)
FNDA:0,(anonymous_14)
FNDA:0,(anonymous_15)
FNDA:0,(anonymous_16)
FNDA:0,(anonymous_17)
DA:4,0
DA:5,0
DA:6,0
DA:7,0
DA:8,0
DA:9,0
DA:13,0
DA:15,0
DA:16,0
DA:17,0
DA:18,0
DA:19,0
DA:20,0
DA:25,0
DA:28,0
DA:30,0
DA:31,0
DA:32,0
DA:33,0
DA:35,0
DA:36,0
DA:39,0
DA:43,0
DA:44,0
DA:45,0
DA:49,0
DA:50,0
DA:55,0
DA:56,0
DA:60,0
DA:61,0
DA:62,0
DA:63,0
DA:64,0
DA:65,0
DA:66,0
DA:67,0
DA:69,0
DA:70,0
DA:71,0
DA:74,0
DA:75,0
DA:78,0
DA:79,0
DA:82,0
DA:83,0
DA:84,0
DA:88,0
DA:90,0
DA:95,0
DA:96,0
DA:99,0
DA:100,0
DA:101,0
DA:104,0
DA:105,0
DA:108,0
DA:111,0
DA:112,0
DA:113,0
DA:117,0
DA:119,0
DA:125,0
DA:126,0
DA:127,0
DA:128,0
DA:129,0
DA:130,0
DA:133,0
DA:134,0
DA:135,0
DA:138,0
DA:143,0
DA:144,0
DA:147,0
DA:148,0
DA:149,0
DA:152,0
DA:153,0
DA:154,0
DA:158,0
DA:159,0
DA:160,0
DA:161,0
DA:162,0
DA:163,0
DA:166,0
DA:167,0
DA:170,0
DA:171,0
DA:174,0
DA:175,0
DA:178,0
DA:179,0
DA:182,0
DA:183,0
DA:184,0
DA:185,0
DA:186,0
DA:187,0
DA:188,0
DA:190,0
DA:191,0
DA:192,0
DA:193,0
DA:194,0
DA:199,0
DA:201,0
DA:202,0
DA:203,0
DA:205,0
DA:207,0
DA:213,0
DA:214,0
DA:215,0
DA:217,0
DA:218,0
DA:219,0
DA:220,0
DA:221,0
DA:225,0
LF:121
LH:0
BRDA:13,0,0,0
BRDA:13,0,1,0
BRDA:13,1,0,0
BRDA:13,1,1,0
BRDA:15,2,0,0
BRDA:15,2,1,0
BRDA:24,3,0,0
BRDA:24,4,0,0
BRDA:25,5,0,0
BRDA:25,5,1,0
BRDA:31,6,0,0
BRDA:31,6,1,0
BRDA:32,7,0,0
BRDA:32,7,1,0
BRDA:33,8,0,0
BRDA:33,8,1,0
BRDA:35,9,0,0
BRDA:35,9,1,0
BRDA:43,10,0,0
BRDA:43,10,1,0
BRDA:55,11,0,0
BRDA:55,11,1,0
BRDA:78,12,0,0
BRDA:78,12,1,0
BRDA:88,13,0,0
BRDA:88,13,1,0
BRDA:99,14,0,0
BRDA:99,14,1,0
BRDA:105,15,0,0
BRDA:105,15,1,0
BRDA:111,16,0,0
BRDA:111,16,1,0
BRDA:111,17,0,0
BRDA:111,17,1,0
BRDA:130,18,0,0
BRDA:130,18,1,0
BRDA:138,19,0,0
BRDA:138,19,1,0
BRDA:139,20,0,0
BRDA:139,20,1,0
BRDA:139,20,2,0
BRDA:148,21,0,0
BRDA:148,21,1,0
BRDA:148,22,0,0
BRDA:148,22,1,0
BRDA:152,23,0,0
BRDA:152,23,1,0
BRDA:199,24,0,0
BRDA:199,24,1,0
BRDA:199,25,0,0
BRDA:199,25,1,0
BRDA:218,26,0,0
BRDA:218,26,1,0
BRDA:219,27,0,0
BRDA:219,27,1,0
BRF:55
BRH:0
end_of_record
