TN:
SF:src/js/app.js
FN:9,(anonymous_0)
FN:25,(anonymous_1)
FN:39,(anonymous_2)
FN:46,(anonymous_3)
FN:51,(anonymous_4)
FN:55,(anonymous_5)
FN:62,(anonymous_6)
FN:72,(anonymous_7)
FN:77,(anonymous_8)
FN:84,(anonymous_9)
FN:89,(anonymous_10)
FN:96,(anonymous_11)
FN:102,(anonymous_12)
FN:107,(anonymous_13)
FN:114,(anonymous_14)
FN:120,(anonymous_15)
FN:154,(anonymous_16)
FN:161,(anonymous_17)
FN:166,(anonymous_18)
FN:167,(anonymous_19)
FN:182,(anonymous_20)
FN:196,(anonymous_21)
FN:198,(anonymous_22)
FN:210,(anonymous_23)
FN:213,(anonymous_24)
FN:217,(anonymous_25)
FN:235,(anonymous_26)
FN:246,(anonymous_27)
FN:255,(anonymous_28)
FN:261,(anonymous_29)
FN:267,(anonymous_30)
FN:276,(anonymous_31)
FN:281,(anonymous_32)
FN:285,(anonymous_33)
FN:316,(anonymous_34)
FN:321,(anonymous_35)
FN:358,(anonymous_36)
FN:366,(anonymous_37)
FN:376,(anonymous_38)
FN:381,(anonymous_39)
FN:384,(anonymous_40)
FN:385,(anonymous_41)
FN:397,(anonymous_42)
FN:402,(anonymous_43)
FN:431,(anonymous_44)
FN:437,(anonymous_45)
FN:445,(anonymous_46)
FN:452,(anonymous_47)
FN:457,(anonymous_48)
FN:467,(anonymous_49)
FN:472,(anonymous_50)
FN:497,(anonymous_51)
FN:505,(anonymous_52)
FN:523,(anonymous_53)
FN:538,(anonymous_54)
FN:548,(anonymous_55)
FN:555,(anonymous_56)
FN:560,(anonymous_57)
FN:603,(anonymous_58)
FN:611,(anonymous_59)
FN:632,(anonymous_60)
FN:636,(anonymous_61)
FN:638,(anonymous_62)
FN:639,(anonymous_63)
FN:643,(anonymous_64)
FN:653,(anonymous_65)
FN:665,(anonymous_66)
FN:668,(anonymous_67)
FN:671,(anonymous_68)
FN:685,(anonymous_69)
FN:703,(anonymous_70)
FN:741,(anonymous_71)
FN:745,(anonymous_72)
FN:762,(anonymous_73)
FN:791,(anonymous_74)
FN:799,(anonymous_75)
FN:826,(anonymous_76)
FN:841,(anonymous_77)
FN:860,(anonymous_78)
FN:868,(anonymous_79)
FN:871,(anonymous_80)
FN:874,(anonymous_81)
FN:879,(anonymous_82)
FN:881,(anonymous_83)
FN:885,(anonymous_84)
FN:900,(anonymous_85)
FN:914,(anonymous_86)
FN:919,(anonymous_87)
FN:949,(anonymous_88)
FN:955,(anonymous_89)
FN:967,(anonymous_90)
FN:1004,(anonymous_91)
FN:1016,(anonymous_92)
FN:1021,(anonymous_93)
FN:1042,(anonymous_94)
FN:1060,(anonymous_95)
FN:1062,(anonymous_96)
FN:1068,(anonymous_97)
FN:1075,(anonymous_98)
FN:1089,(anonymous_99)
FN:1099,(anonymous_100)
FN:1115,(anonymous_101)
FN:1121,(anonymous_102)
FN:1135,(anonymous_103)
FN:1147,(anonymous_104)
FNF:105
FNH:0
FNDA:0,(anonymous_0)
FNDA:0,(anonymous_1)
FNDA:0,(anonymous_2)
FNDA:0,(anonymous_3)
FNDA:0,(anonymous_4)
FNDA:0,(anonymous_5)
FNDA:0,(anonymous_6)
FNDA:0,(anonymous_7)
FNDA:0,(anonymous_8)
FNDA:0,(anonymous_9)
FNDA:0,(anonymous_10)
FNDA:0,(anonymous_11)
FNDA:0,(anonymous_12)
FNDA:0,(anonymous_13)
FNDA:0,(anonymous_14)
FNDA:0,(anonymous_15)
FNDA:0,(anonymous_16)
FNDA:0,(anonymous_17)
FNDA:0,(anonymous_18)
FNDA:0,(anonymous_19)
FNDA:0,(anonymous_20)
FNDA:0,(anonymous_21)
FNDA:0,(anonymous_22)
FNDA:0,(anonymous_23)
FNDA:0,(anonymous_24)
FNDA:0,(anonymous_25)
FNDA:0,(anonymous_26)
FNDA:0,(anonymous_27)
FNDA:0,(anonymous_28)
FNDA:0,(anonymous_29)
FNDA:0,(anonymous_30)
FNDA:0,(anonymous_31)
FNDA:0,(anonymous_32)
FNDA:0,(anonymous_33)
FNDA:0,(anonymous_34)
FNDA:0,(anonymous_35)
FNDA:0,(anonymous_36)
FNDA:0,(anonymous_37)
FNDA:0,(anonymous_38)
FNDA:0,(anonymous_39)
FNDA:0,(anonymous_40)
FNDA:0,(anonymous_41)
FNDA:0,(anonymous_42)
FNDA:0,(anonymous_43)
FNDA:0,(anonymous_44)
FNDA:0,(anonymous_45)
FNDA:0,(anonymous_46)
FNDA:0,(anonymous_47)
FNDA:0,(anonymous_48)
FNDA:0,(anonymous_49)
FNDA:0,(anonymous_50)
FNDA:0,(anonymous_51)
FNDA:0,(anonymous_52)
FNDA:0,(anonymous_53)
FNDA:0,(anonymous_54)
FNDA:0,(anonymous_55)
FNDA:0,(anonymous_56)
FNDA:0,(anonymous_57)
FNDA:0,(anonymous_58)
FNDA:0,(anonymous_59)
FNDA:0,(anonymous_60)
FNDA:0,(anonymous_61)
FNDA:0,(anonymous_62)
FNDA:0,(anonymous_63)
FNDA:0,(anonymous_64)
FNDA:0,(anonymous_65)
FNDA:0,(anonymous_66)
FNDA:0,(anonymous_67)
FNDA:0,(anonymous_68)
FNDA:0,(anonymous_69)
FNDA:0,(anonymous_70)
FNDA:0,(anonymous_71)
FNDA:0,(anonymous_72)
FNDA:0,(anonymous_73)
FNDA:0,(anonymous_74)
FNDA:0,(anonymous_75)
FNDA:0,(anonymous_76)
FNDA:0,(anonymous_77)
FNDA:0,(anonymous_78)
FNDA:0,(anonymous_79)
FNDA:0,(anonymous_80)
FNDA:0,(anonymous_81)
FNDA:0,(anonymous_82)
FNDA:0,(anonymous_83)
FNDA:0,(anonymous_84)
FNDA:0,(anonymous_85)
FNDA:0,(anonymous_86)
FNDA:0,(anonymous_87)
FNDA:0,(anonymous_88)
FNDA:0,(anonymous_89)
FNDA:0,(anonymous_90)
FNDA:0,(anonymous_91)
FNDA:0,(anonymous_92)
FNDA:0,(anonymous_93)
FNDA:0,(anonymous_94)
FNDA:0,(anonymous_95)
FNDA:0,(anonymous_96)
FNDA:0,(anonymous_97)
FNDA:0,(anonymous_98)
FNDA:0,(anonymous_99)
FNDA:0,(anonymous_100)
FNDA:0,(anonymous_101)
FNDA:0,(anonymous_102)
FNDA:0,(anonymous_103)
FNDA:0,(anonymous_104)
DA:10,0
DA:11,0
DA:12,0
DA:13,0
DA:14,0
DA:15,0
DA:16,0
DA:17,0
DA:19,0
DA:20,0
DA:22,0
DA:27,0
DA:30,0
DA:31,0
DA:32,0
DA:33,0
DA:36,0
DA:40,0
DA:41,0
DA:42,0
DA:47,0
DA:52,0
DA:55,0
DA:56,0
DA:57,0
DA:58,0
DA:62,0
DA:63,0
DA:64,0
DA:65,0
DA:70,0
DA:73,0
DA:74,0
DA:77,0
DA:78,0
DA:79,0
DA:82,0
DA:85,0
DA:86,0
DA:89,0
DA:90,0
DA:91,0
DA:94,0
DA:97,0
DA:98,0
DA:102,0
DA:103,0
DA:104,0
DA:107,0
DA:108,0
DA:109,0
DA:112,0
DA:115,0
DA:116,0
DA:121,0
DA:124,0
DA:125,0
DA:126,0
DA:127,0
DA:128,0
DA:132,0
DA:133,0
DA:134,0
DA:136,0
DA:137,0
DA:138,0
DA:139,0
DA:140,0
DA:141,0
DA:145,0
DA:146,0
DA:147,0
DA:148,0
DA:149,0
DA:152,0
DA:153,0
DA:154,0
DA:162,0
DA:163,0
DA:166,0
DA:167,0
DA:168,0
DA:169,0
DA:171,0
DA:176,0
DA:177,0
DA:178,0
DA:183,0
DA:185,0
DA:186,0
DA:188,0
DA:189,0
DA:191,0
DA:192,0
DA:198,0
DA:199,0
DA:203,0
DA:204,0
DA:205,0
DA:211,0
DA:213,0
DA:214,0
DA:219,0
DA:222,0
DA:223,0
DA:225,0
DA:228,0
DA:229,0
DA:230,0
DA:233,0
DA:236,0
DA:246,0
DA:247,0
DA:248,0
DA:249,0
DA:250,0
DA:251,0
DA:252,0
DA:255,0
DA:256,0
DA:257,0
DA:258,0
DA:261,0
DA:262,0
DA:267,0
DA:268,0
DA:269,0
DA:270,0
DA:271,0
DA:272,0
DA:273,0
DA:276,0
DA:277,0
DA:278,0
DA:281,0
DA:282,0
DA:285,0
DA:286,0
DA:287,0
DA:289,0
DA:290,0
DA:293,0
DA:296,0
DA:297,0
DA:301,0
DA:304,0
DA:305,0
DA:308,0
DA:309,0
DA:311,0
DA:317,0
DA:318,0
DA:319,0
DA:321,0
DA:322,0
DA:323,0
DA:325,0
DA:326,0
DA:327,0
DA:330,0
DA:331,0
DA:332,0
DA:334,0
DA:335,0
DA:336,0
DA:337,0
DA:340,0
DA:341,0
DA:342,0
DA:347,0
DA:348,0
DA:349,0
DA:351,0
DA:352,0
DA:358,0
DA:359,0
DA:362,0
DA:363,0
DA:366,0
DA:367,0
DA:372,0
DA:376,0
DA:382,0
DA:384,0
DA:385,0
DA:387,0
DA:388,0
DA:395,0
DA:397,0
DA:399,0
DA:403,0
DA:404,0
DA:405,0
DA:408,0
DA:409,0
DA:410,0
DA:413,0
DA:414,0
DA:415,0
DA:416,0
DA:419,0
DA:420,0
DA:423,0
DA:424,0
DA:425,0
DA:426,0
DA:429,0
DA:430,0
DA:431,0
DA:438,0
DA:439,0
DA:441,0
DA:442,0
DA:444,0
DA:445,0
DA:446,0
DA:447,0
DA:448,0
DA:449,0
DA:450,0
DA:452,0
DA:453,0
DA:458,0
DA:459,0
DA:461,0
DA:462,0
DA:463,0
DA:464,0
DA:465,0
DA:467,0
DA:468,0
DA:473,0
DA:474,0
DA:477,0
DA:478,0
DA:480,0
DA:482,0
DA:485,0
DA:486,0
DA:487,0
DA:488,0
DA:489,0
DA:493,0
DA:498,0
DA:499,0
DA:501,0
DA:503,0
DA:504,0
DA:505,0
DA:506,0
DA:507,0
DA:512,0
DA:513,0
DA:514,0
DA:515,0
DA:518,0
DA:519,0
DA:525,0
DA:526,0
DA:530,0
DA:531,0
DA:532,0
DA:535,0
DA:540,0
DA:541,0
DA:545,0
DA:548,0
DA:549,0
DA:550,0
DA:551,0
DA:555,0
DA:556,0
DA:561,0
DA:563,0
DA:564,0
DA:567,0
DA:571,0
DA:574,0
DA:578,0
DA:583,0
DA:584,0
DA:587,0
DA:588,0
DA:593,0
DA:596,0
DA:597,0
DA:600,0
DA:603,0
DA:604,0
DA:607,0
DA:608,0
DA:611,0
DA:612,0
DA:617,0
DA:622,0
DA:625,0
DA:626,0
DA:632,0
DA:638,0
DA:639,0
DA:640,0
DA:641,0
DA:644,0
DA:654,0
DA:655,0
DA:656,0
DA:657,0
DA:660,0
DA:663,0
DA:665,0
DA:666,0
DA:668,0
DA:669,0
DA:672,0
DA:675,0
DA:676,0
DA:681,0
DA:682,0
DA:683,0
DA:684,0
DA:685,0
DA:687,0
DA:688,0
DA:689,0
DA:692,0
DA:693,0
DA:700,0
DA:704,0
DA:706,0
DA:708,0
DA:709,0
DA:710,0
DA:712,0
DA:713,0
DA:714,0
DA:715,0
DA:716,0
DA:724,0
DA:725,0
DA:729,0
DA:730,0
DA:731,0
DA:732,0
DA:733,0
DA:735,0
DA:736,0
DA:737,0
DA:740,0
DA:741,0
DA:746,0
DA:747,0
DA:748,0
DA:750,0
DA:751,0
DA:752,0
DA:755,0
DA:756,0
DA:758,0
DA:761,0
DA:763,0
DA:766,0
DA:767,0
DA:769,0
DA:770,0
DA:771,0
DA:773,0
DA:774,0
DA:781,0
DA:784,0
DA:788,0
DA:791,0
DA:792,0
DA:795,0
DA:796,0
DA:799,0
DA:800,0
DA:805,0
DA:813,0
DA:819,0
DA:820,0
DA:823,0
DA:827,0
DA:828,0
DA:829,0
DA:835,0
DA:842,0
DA:843,0
DA:844,0
DA:846,0
DA:847,0
DA:848,0
DA:851,0
DA:852,0
DA:856,0
DA:861,0
DA:862,0
DA:863,0
DA:866,0
DA:868,0
DA:869,0
DA:871,0
DA:875,0
DA:876,0
DA:879,0
DA:881,0
DA:882,0
DA:885,0
DA:886,0
DA:888,0
DA:897,0
DA:901,0
DA:902,0
DA:905,0
DA:906,0
DA:907,0
DA:911,0
DA:912,0
DA:913,0
DA:914,0
DA:915,0
DA:916,0
DA:917,0
DA:918,0
DA:919,0
DA:920,0
DA:922,0
DA:927,0
DA:928,0
DA:929,0
DA:930,0
DA:933,0
DA:934,0
DA:935,0
DA:936,0
DA:939,0
DA:940,0
DA:941,0
DA:942,0
DA:943,0
DA:944,0
DA:947,0
DA:948,0
DA:949,0
DA:956,0
DA:957,0
DA:960,0
DA:961,0
DA:962,0
DA:964,0
DA:967,0
DA:968,0
DA:969,0
DA:971,0
DA:972,0
DA:973,0
DA:974,0
DA:975,0
DA:979,0
DA:980,0
DA:981,0
DA:984,0
DA:986,0
DA:987,0
DA:988,0
DA:990,0
DA:992,0
DA:997,0
DA:1004,0
DA:1005,0
DA:1006,0
DA:1008,0
DA:1009,0
DA:1011,0
DA:1017,0
DA:1018,0
DA:1022,0
DA:1024,0
DA:1025,0
DA:1027,0
DA:1028,0
DA:1029,0
DA:1033,0
DA:1039,0
DA:1040,0
DA:1041,0
DA:1042,0
DA:1043,0
DA:1044,0
DA:1045,0
DA:1046,0
DA:1050,0
DA:1053,0
DA:1062,0
DA:1063,0
DA:1064,0
DA:1068,0
DA:1069,0
DA:1070,0
DA:1076,0
DA:1077,0
DA:1078,0
DA:1079,0
DA:1082,0
DA:1083,0
DA:1084,0
DA:1090,0
DA:1091,0
DA:1092,0
DA:1093,0
DA:1095,0
DA:1100,0
DA:1102,0
DA:1103,0
DA:1104,0
DA:1106,0
DA:1107,0
DA:1109,0
DA:1110,0
DA:1117,0
DA:1118,0
DA:1121,0
DA:1122,0
DA:1126,0
DA:1129,0
DA:1130,0
DA:1131,0
DA:1134,0
DA:1135,0
DA:1136,0
DA:1137,0
DA:1141,0
DA:1142,0
DA:1147,0
DA:1148,0
LF:534
LH:0
BRDA:41,0,0,0
BRDA:41,0,1,0
BRDA:56,1,0,0
BRDA:56,1,1,0
BRDA:63,2,0,0
BRDA:63,2,1,0
BRDA:136,3,0,0
BRDA:136,3,1,0
BRDA:138,4,0,0
BRDA:138,4,1,0
BRDA:139,5,0,0
BRDA:139,5,1,0
BRDA:147,6,0,0
BRDA:147,6,1,0
BRDA:148,7,0,0
BRDA:148,7,1,0
BRDA:152,8,0,0
BRDA:152,8,1,0
BRDA:183,9,0,0
BRDA:183,9,1,0
BRDA:183,9,2,0
BRDA:204,10,0,0
BRDA:204,10,1,0
BRDA:225,11,0,0
BRDA:225,11,1,0
BRDA:225,12,0,0
BRDA:225,12,1,0
BRDA:296,13,0,0
BRDA:296,13,1,0
BRDA:304,14,0,0
BRDA:304,14,1,0
BRDA:325,15,0,0
BRDA:325,15,1,0
BRDA:330,16,0,0
BRDA:330,16,1,0
BRDA:335,17,0,0
BRDA:335,17,1,0
BRDA:340,18,0,0
BRDA:340,18,1,0
BRDA:351,19,0,0
BRDA:351,19,1,0
BRDA:362,20,0,0
BRDA:362,20,1,0
BRDA:387,21,0,0
BRDA:387,21,1,0
BRDA:415,22,0,0
BRDA:415,22,1,0
BRDA:416,23,0,0
BRDA:416,23,1,0
BRDA:424,24,0,0
BRDA:424,24,1,0
BRDA:429,25,0,0
BRDA:429,25,1,0
BRDA:442,26,0,0
BRDA:442,26,1,0
BRDA:459,27,0,0
BRDA:459,27,1,0
BRDA:473,28,0,0
BRDA:473,28,1,0
BRDA:480,29,0,0
BRDA:480,29,1,0
BRDA:486,30,0,0
BRDA:486,30,1,0
BRDA:499,31,0,0
BRDA:499,31,1,0
BRDA:499,32,0,0
BRDA:499,32,1,0
BRDA:506,33,0,0
BRDA:506,33,1,0
BRDA:518,34,0,0
BRDA:518,34,1,0
BRDA:525,35,0,0
BRDA:525,35,1,0
BRDA:531,36,0,0
BRDA:531,36,1,0
BRDA:540,37,0,0
BRDA:540,37,1,0
BRDA:561,38,0,0
BRDA:561,38,1,0
BRDA:564,39,0,0
BRDA:564,39,1,0
BRDA:574,40,0,0
BRDA:574,40,1,0
BRDA:587,41,0,0
BRDA:587,41,1,0
BRDA:607,42,0,0
BRDA:607,42,1,0
BRDA:654,43,0,0
BRDA:654,43,1,0
BRDA:656,44,0,0
BRDA:656,44,1,0
BRDA:675,45,0,0
BRDA:675,45,1,0
BRDA:688,46,0,0
BRDA:688,46,1,0
BRDA:692,47,0,0
BRDA:692,47,1,0
BRDA:706,48,0,0
BRDA:706,48,1,0
BRDA:712,49,0,0
BRDA:712,49,1,0
BRDA:712,50,0,0
BRDA:712,50,1,0
BRDA:724,51,0,0
BRDA:724,51,1,0
BRDA:731,52,0,0
BRDA:731,52,1,0
BRDA:735,53,0,0
BRDA:735,53,1,0
BRDA:740,54,0,0
BRDA:740,54,1,0
BRDA:750,55,0,0
BRDA:750,55,1,0
BRDA:750,56,0,0
BRDA:750,56,1,0
BRDA:755,57,0,0
BRDA:755,57,1,0
BRDA:769,58,0,0
BRDA:769,58,1,0
BRDA:769,59,0,0
BRDA:769,59,1,0
BRDA:773,60,0,0
BRDA:773,60,1,0
BRDA:795,61,0,0
BRDA:795,61,1,0
BRDA:819,62,0,0
BRDA:819,62,1,0
BRDA:828,63,0,0
BRDA:828,63,1,0
BRDA:846,64,0,0
BRDA:846,64,1,0
BRDA:846,65,0,0
BRDA:846,65,1,0
BRDA:851,66,0,0
BRDA:851,66,1,0
BRDA:902,67,0,0
BRDA:902,67,1,0
BRDA:906,68,0,0
BRDA:906,68,1,0
BRDA:912,69,0,0
BRDA:912,69,1,0
BRDA:928,70,0,0
BRDA:928,70,1,0
BRDA:935,71,0,0
BRDA:935,71,1,0
BRDA:936,72,0,0
BRDA:936,72,1,0
BRDA:941,73,0,0
BRDA:941,73,1,0
BRDA:943,74,0,0
BRDA:943,74,1,0
BRDA:947,75,0,0
BRDA:947,75,1,0
BRDA:957,76,0,0
BRDA:957,76,1,0
BRDA:972,77,0,0
BRDA:972,77,1,0
BRDA:974,78,0,0
BRDA:974,78,1,0
BRDA:974,79,0,0
BRDA:974,79,1,0
BRDA:979,80,0,0
BRDA:979,80,1,0
BRDA:987,81,0,0
BRDA:987,81,1,0
BRDA:1008,82,0,0
BRDA:1008,82,1,0
BRDA:1009,83,0,0
BRDA:1009,83,1,0
BRDA:1011,84,0,0
BRDA:1011,84,1,0
BRDA:1028,85,0,0
BRDA:1028,85,1,0
BRDA:1040,86,0,0
BRDA:1040,86,1,0
BRDA:1083,87,0,0
BRDA:1083,87,1,0
BRDA:1100,88,0,0
BRDA:1100,88,1,0
BRDA:1100,88,2,0
BRF:180
BRH:0
end_of_record
TN:
SF:src/js/modules/ui.js
FN:3,(anonymous_0)
FN:8,(anonymous_1)
FN:10,(anonymous_2)
FN:22,(anonymous_3)
FN:50,(anonymous_4)
FN:60,(anonymous_5)
FN:68,(anonymous_6)
FN:76,(anonymous_7)
FN:80,(anonymous_8)
FN:81,(anonymous_9)
FN:91,(anonymous_10)
FN:96,(anonymous_11)
FN:97,(anonymous_12)
FN:111,(anonymous_13)
FN:116,(anonymous_14)
FNF:15
FNH:7
FNDA:5,(anonymous_0)
FNDA:4,(anonymous_1)
FNDA:12,(anonymous_2)
FNDA:1,(anonymous_3)
FNDA:1,(anonymous_4)
FNDA:0,(anonymous_5)
FNDA:0,(anonymous_6)
FNDA:5,(anonymous_7)
FNDA:5,(anonymous_8)
FNDA:0,(anonymous_9)
FNDA:0,(anonymous_10)
FNDA:0,(anonymous_11)
FNDA:0,(anonymous_12)
FNDA:0,(anonymous_13)
FNDA:0,(anonymous_14)
DA:4,5
DA:5,5
DA:10,4
DA:11,12
DA:15,4
DA:16,4
DA:17,4
DA:18,4
DA:24,1
DA:25,0
DA:26,0
DA:27,0
DA:29,0
DA:31,0
DA:32,0
DA:33,0
DA:34,0
DA:38,1
DA:39,1
DA:40,1
DA:41,1
DA:42,1
DA:45,1
DA:46,1
DA:47,1
DA:51,1
DA:52,1
DA:53,1
DA:54,1
DA:55,1
DA:57,1
DA:61,0
DA:62,0
DA:63,0
DA:64,0
DA:69,0
DA:70,0
DA:72,0
DA:73,0
DA:78,5
DA:81,5
DA:82,0
DA:84,0
DA:85,0
DA:91,5
DA:92,0
DA:96,5
DA:97,0
DA:98,0
DA:101,0
DA:102,0
DA:105,0
DA:112,0
DA:113,0
DA:117,0
DA:118,0
DA:119,0
LF:57
LH:27
BRDA:16,0,0,4
BRDA:16,0,1,0
BRDA:22,1,0,0
BRDA:24,2,0,0
BRDA:24,2,1,1
BRDA:24,3,0,1
BRDA:24,3,1,0
BRDA:29,4,0,0
BRDA:29,4,1,0
BRDA:32,5,0,0
BRDA:32,5,1,0
BRDA:39,6,0,1
BRDA:39,6,1,0
BRDA:52,7,0,1
BRDA:52,7,1,0
BRDA:62,8,0,0
BRDA:62,8,1,0
BRDA:72,9,0,0
BRDA:72,9,1,0
BRDA:73,10,0,0
BRDA:73,10,1,0
BRDA:84,11,0,0
BRDA:84,11,1,0
BRDA:101,12,0,0
BRDA:101,12,1,0
BRDA:117,13,0,0
BRDA:117,13,1,0
BRF:27
BRH:5
end_of_record
TN:
SF:src/js/utils/game.js
FN:3,(anonymous_0)
FN:9,(anonymous_1)
FN:25,(anonymous_2)
FN:30,(anonymous_3)
FN:34,(anonymous_4)
FN:38,(anonymous_5)
FN:47,(anonymous_6)
FNF:7
FNH:5
FNDA:6,(anonymous_0)
FNDA:4,(anonymous_1)
FNDA:0,(anonymous_2)
FNDA:6,(anonymous_3)
FNDA:2,(anonymous_4)
FNDA:0,(anonymous_5)
FNDA:1,(anonymous_6)
DA:4,6
DA:5,6
DA:6,6
DA:10,4
DA:11,4
DA:13,4
DA:14,2
DA:15,2
DA:18,4
DA:26,0
DA:27,0
DA:31,6
DA:35,2
DA:39,0
DA:40,0
DA:41,0
DA:42,0
DA:44,0
DA:48,1
DA:49,1
DA:51,1
DA:52,1
DA:53,1
DA:54,1
DA:55,1
DA:57,1
LF:26
LH:19
BRDA:11,0,0,3
BRDA:11,0,1,1
BRDA:13,1,0,2
BRDA:13,1,1,2
BRDA:31,2,0,6
BRDA:31,2,1,3
BRDA:51,3,0,1
BRDA:51,3,1,0
BRDA:52,4,0,1
BRDA:52,4,1,0
BRDA:53,5,0,1
BRDA:53,5,1,0
BRDA:54,6,0,1
BRDA:54,6,1,0
BRDA:55,7,0,1
BRDA:55,7,1,0
BRF:16
BRH:11
end_of_record
TN:
SF:src/js/utils/speech.js
FN:3,(anonymous_0)
FN:12,(anonymous_1)
FN:24,(anonymous_2)
FN:42,(anonymous_3)
FN:53,(anonymous_4)
FN:74,(anonymous_5)
FN:90,(anonymous_6)
FN:104,(anonymous_7)
FN:125,(anonymous_8)
FN:133,(anonymous_9)
FN:147,(anonymous_10)
FN:158,(anonymous_11)
FN:166,(anonymous_12)
FN:170,(anonymous_13)
FN:174,(anonymous_14)
FN:178,(anonymous_15)
FN:198,(anonymous_16)
FN:212,(anonymous_17)
FNF:18
FNH:0
FNDA:0,(anonymous_0)
FNDA:0,(anonymous_1)
FNDA:0,(anonymous_2)
FNDA:0,(anonymous_3)
FNDA:0,(anonymous_4)
FNDA:0,(anonymous_5)
FNDA:0,(anonymous_6)
FNDA:0,(anonymous_7)
FNDA:0,(anonymous_8)
FNDA:0,(anonymous_9)
FNDA:0,(anonymous_10)
FNDA:0,(anonymous_11)
FNDA:0,(anonymous_12)
FNDA:0,(anonymous_13)
FNDA:0,(anonymous_14)
FNDA:0,(anonymous_15)
FNDA:0,(anonymous_16)
FNDA:0,(anonymous_17)
DA:4,0
DA:5,0
DA:6,0
DA:7,0
DA:8,0
DA:9,0
DA:13,0
DA:15,0
DA:16,0
DA:17,0
DA:18,0
DA:19,0
DA:20,0
DA:25,0
DA:28,0
DA:30,0
DA:31,0
DA:32,0
DA:33,0
DA:35,0
DA:36,0
DA:39,0
DA:43,0
DA:44,0
DA:45,0
DA:49,0
DA:50,0
DA:55,0
DA:56,0
DA:60,0
DA:61,0
DA:62,0
DA:63,0
DA:64,0
DA:65,0
DA:66,0
DA:67,0
DA:69,0
DA:70,0
DA:71,0
DA:74,0
DA:75,0
DA:78,0
DA:79,0
DA:82,0
DA:83,0
DA:84,0
DA:88,0
DA:90,0
DA:95,0
DA:96,0
DA:99,0
DA:100,0
DA:101,0
DA:104,0
DA:105,0
DA:108,0
DA:111,0
DA:112,0
DA:113,0
DA:117,0
DA:119,0
DA:125,0
DA:126,0
DA:127,0
DA:128,0
DA:129,0
DA:130,0
DA:133,0
DA:134,0
DA:135,0
DA:138,0
DA:143,0
DA:144,0
DA:147,0
DA:148,0
DA:149,0
DA:152,0
DA:153,0
DA:154,0
DA:158,0
DA:159,0
DA:160,0
DA:161,0
DA:162,0
DA:163,0
DA:166,0
DA:167,0
DA:170,0
DA:171,0
DA:174,0
DA:175,0
DA:178,0
DA:179,0
DA:182,0
DA:183,0
DA:184,0
DA:185,0
DA:186,0
DA:187,0
DA:188,0
DA:190,0
DA:191,0
DA:192,0
DA:193,0
DA:194,0
DA:199,0
DA:201,0
DA:202,0
DA:203,0
DA:205,0
DA:207,0
DA:213,0
DA:214,0
DA:215,0
DA:217,0
DA:218,0
DA:219,0
DA:220,0
DA:221,0
DA:225,0
LF:121
LH:0
BRDA:13,0,0,0
BRDA:13,0,1,0
BRDA:13,1,0,0
BRDA:13,1,1,0
BRDA:15,2,0,0
BRDA:15,2,1,0
BRDA:24,3,0,0
BRDA:24,4,0,0
BRDA:25,5,0,0
BRDA:25,5,1,0
BRDA:31,6,0,0
BRDA:31,6,1,0
BRDA:32,7,0,0
BRDA:32,7,1,0
BRDA:33,8,0,0
BRDA:33,8,1,0
BRDA:35,9,0,0
BRDA:35,9,1,0
BRDA:43,10,0,0
BRDA:43,10,1,0
BRDA:55,11,0,0
BRDA:55,11,1,0
BRDA:78,12,0,0
BRDA:78,12,1,0
BRDA:88,13,0,0
BRDA:88,13,1,0
BRDA:99,14,0,0
BRDA:99,14,1,0
BRDA:105,15,0,0
BRDA:105,15,1,0
BRDA:111,16,0,0
BRDA:111,16,1,0
BRDA:111,17,0,0
BRDA:111,17,1,0
BRDA:130,18,0,0
BRDA:130,18,1,0
BRDA:138,19,0,0
BRDA:138,19,1,0
BRDA:139,20,0,0
BRDA:139,20,1,0
BRDA:139,20,2,0
BRDA:148,21,0,0
BRDA:148,21,1,0
BRDA:148,22,0,0
BRDA:148,22,1,0
BRDA:152,23,0,0
BRDA:152,23,1,0
BRDA:199,24,0,0
BRDA:199,24,1,0
BRDA:199,25,0,0
BRDA:199,25,1,0
BRDA:218,26,0,0
BRDA:218,26,1,0
BRDA:219,27,0,0
BRDA:219,27,1,0
BRF:55
BRH:0
end_of_record
